2021-07-02 11:07:05,210[5]INFO InfoLog[(null)]-===================开始启动主程序【Freedom.ZHPHMachine】====================
2021-07-02 11:07:05,288[5]INFO InfoLog[(null)]-完善更新设备版本号：1.0.9.1信息：True
2021-07-02 11:07:05,308[5]INFO InfoLog[(null)]-本机IP：192.168.10.95
2021-07-02 11:07:05,325[5]INFO InfoLog[(null)]-设备id：594
2021-07-02 11:07:05,740[5]INFO InfoLog[(null)]-获取系统打印回执参数返回【成功】，参数【PHTemplatesName】的值为：
2021-07-02 11:07:05,772[5]INFO InfoLog[(null)]-【太极】上传设备状态返回【成功】
2021-07-02 11:07:05,775[5]INFO InfoLog[(null)]-【太极】上传设备运行状态返回【成功】
2021-07-02 11:07:05,779[5]INFO InfoLog[(null)]-【⑤号预约取号机】【QH0005】【在线中】<初始化成功>
2021-07-02 11:07:07,393[1]INFO InfoLog[(null)]-
***********************进入【首页】***********************
2021-07-02 11:07:07,399[4]INFO InfoLog[(null)]-修改设备状态【空闲中】：成功
2021-07-02 11:07:07,407[4]INFO InfoLog[(null)]-首页数据初始化：【成功】
2021-07-02 11:07:07,408[4]INFO InfoLog[(null)]-
***********************结束【首页】***********************
2021-07-02 11:07:07,631[1]INFO InfoLog[(null)]-
*********************** 进入【刷身份证】身份证识读界面*********************** 
2021-07-02 11:08:46,266[5]INFO InfoLog[(null)]-===================开始启动主程序【Freedom.ZHPHMachine】====================
2021-07-02 11:08:46,336[5]INFO InfoLog[(null)]-完善更新设备版本号：1.0.9.1信息：True
2021-07-02 11:08:46,403[5]INFO InfoLog[(null)]-本机IP：192.168.10.95
2021-07-02 11:08:46,419[5]INFO InfoLog[(null)]-设备id：594
2021-07-02 11:08:46,802[5]INFO InfoLog[(null)]-获取系统打印回执参数返回【成功】，参数【PHTemplatesName】的值为：
2021-07-02 11:08:46,898[5]INFO InfoLog[(null)]-【太极】上传设备状态返回【成功】
2021-07-02 11:08:46,915[5]INFO InfoLog[(null)]-【太极】上传设备运行状态返回【成功】
2021-07-02 11:08:46,927[5]INFO InfoLog[(null)]-【⑤号预约取号机】【QH0005】【在线中】<初始化成功>
2021-07-02 11:08:48,689[1]INFO InfoLog[(null)]-
***********************进入【首页】***********************
2021-07-02 11:08:48,698[4]INFO InfoLog[(null)]-修改设备状态【空闲中】：成功
2021-07-02 11:08:48,709[4]INFO InfoLog[(null)]-首页数据初始化：【成功】
2021-07-02 11:08:48,711[4]INFO InfoLog[(null)]-
***********************结束【首页】***********************
2021-07-02 11:08:48,953[1]INFO InfoLog[(null)]-
*********************** 进入【刷身份证】身份证识读界面*********************** 
2021-07-02 11:08:48,976[1]INFO InfoLog[(null)]-开始初始化身份信息：成功
2021-07-02 11:08:48,982[12]INFO InfoLog[(null)]-开始读卡：执行身份证读卡循环，方法名：ReadIDCardFun 参数：null
2021-07-02 11:08:50,997[12]INFO InfoLog[(null)]-读卡成功：【黄*亮】【1101**********0099】
2021-07-02 11:08:50,999[12]INFO InfoLog[(null)]-
*********************** 结束【刷身份证】身份证识读界面*********************** 
2021-07-02 11:08:50,999[12]INFO InfoLog[(null)]- 
*********************** 进入【身份核查】【1101**********0099 黄*亮】页面*********************** 
2021-07-02 11:08:51,050[14]INFO InfoLog[(null)]-修改设备状态【受理中】：成功
2021-07-02 11:08:51,051[14]INFO InfoLog[(null)]-
======1、开始查询平台【1101**********0099黄*亮预约信息======
2021-07-02 11:08:51,185[14]INFO InfoLog[(null)]-1101**********0099黄*亮今日存在有效预约信息条！
2021-07-02 11:08:51,185[14]INFO InfoLog[(null)]-
======1、结束查询平台【1101**********0099黄*亮预约信息======
2021-07-02 11:08:51,185[14]INFO InfoLog[(null)]-
======2、开始核查【1101**********0099】人口信息========
2021-07-02 11:08:51,186[14]INFO InfoLog[(null)]-IsConnectionDjz：False IsConnectionTj：True======
2021-07-02 11:08:51,187[14]INFO InfoLog[(null)]-开始登陆【太极】导服接口
2021-07-02 11:08:51,195[14]INFO InfoLog[(null)]-【太极】导服接口登录返回True：单位编号：BA1D16BAAAA84982BD6E844C730A0E58，单位代码：110111060100
2021-07-02 11:08:51,196[14]INFO InfoLog[(null)]-结束登录【太极】接口
2021-07-02 11:08:51,233[14]INFO InfoLog[(null)]-【太极】开始核查【1101**********0099】信息
2021-07-02 11:08:51,266[14]INFO InfoLog[(null)]-1101**********0050【太极】导服查询导引结果返回：刘*军来自四川省泸县(1982)，户口所在地：北京西城区性别：男，民族：01，生日：19951216
2021-07-02 11:08:51,267[14]INFO InfoLog[(null)]-刘连军10c08547c94844f2a6801da7c39ba0c8人口信息：1条，证件信息：3，预约信息：0条，可办理业务信息：6条，在办业务信息：0条
2021-07-02 11:08:51,267[14]INFO InfoLog[(null)]-2.1、【太极】核查是否符合办理条件：
2021-07-02 11:08:51,268[14]INFO InfoLog[(null)]-是否北京户籍：True
2021-07-02 11:08:51,269[14]INFO InfoLog[(null)]-查询控制对象返回：【否】
2021-07-02 11:08:51,269[14]INFO InfoLog[(null)]-查询新疆重点人员返回：【否】
2021-07-02 11:08:51,270[14]INFO InfoLog[(null)]-查询重点人员返回：【否】
2021-07-02 11:08:51,270[14]INFO InfoLog[(null)]-查询服现役返回：【否】
2021-07-02 11:08:51,271[14]INFO InfoLog[(null)]-2.2、【太极】核查是否有在办业务及不可办理业务
2021-07-02 11:08:51,272[14]INFO InfoLog[(null)]-核查有效证件条数为：3条，失效证件条数为：0条
2021-07-02 11:08:51,272[14]INFO InfoLog[(null)]-1101**********0099刘*军核查可办业务为：6条，可办业务为：31,93,21,31,92,13,
2021-07-02 11:08:51,273[14]INFO InfoLog[(null)]-2.3、【太极】核查外网预约信息
2021-07-02 11:08:51,273[14]INFO InfoLog[(null)]-刘连军未查询到今天的预约信息！
2021-07-02 11:08:51,274[14]INFO InfoLog[(null)]-2.4【太极】判断和过滤在办业务
2021-07-02 11:08:51,274[14]INFO InfoLog[(null)]-【太极】没有可过滤业务
2021-07-02 11:08:51,276[14]INFO InfoLog[(null)]-保存人口照片成功！
2021-07-02 11:08:51,291[14]INFO InfoLog[(null)]-太极人口信息保存正常，赋值到本地对象成功。
2021-07-02 11:08:51,292[14]INFO InfoLog[(null)]-【太极】结束核查【1101**********0099】信息
2021-07-02 11:08:51,330[14]INFO InfoLog[(null)]-
======2、结束核查【1101**********0099】人口信息========
2021-07-02 11:08:51,333[14]INFO InfoLog[(null)]-计算出年龄为：25
2021-07-02 11:08:51,334[14]INFO InfoLog[(null)]-
======3、开始获取 【1101**********0099刘*军】的制证照片======
2021-07-02 11:08:51,337[14]INFO InfoLog[(null)]-查询制证照片接口返回：为空！
2021-07-02 11:08:51,337[14]INFO InfoLog[(null)]-
======3、结束获取 【1101**********0099刘*军】的制证照片======
2021-07-02 11:08:51,367[14]INFO InfoLog[(null)]-刘连军您已预约 办理业务
2021-07-02 11:08:51,368[14]INFO InfoLog[(null)]-刘连军您已预约 - 办理[]业务,请点击【取号】按钮取号。
2021-07-02 11:08:51,387[14]INFO InfoLog[(null)]- 
***********************结束【身份核查】【1101**********0099刘*军】页面***********************
2021-07-02 11:08:53,707[1]INFO InfoLog[(null)]-上传设备状态关机【成功】
2021-07-02 11:08:53,710[1]INFO InfoLog[(null)]-上传设备运行状态【成功】
2021-07-02 11:08:53,715[1]INFO InfoLog[(null)]-===================结束【主程序】【Freedom.ZHPHMachine】====================
2021-07-02 11:30:47,283[5]INFO InfoLog[(null)]-===================开始启动主程序【Freedom.ZHPHMachine】====================
2021-07-02 11:30:47,381[5]INFO InfoLog[(null)]-完善更新设备版本号：1.0.9.1信息：True
2021-07-02 11:30:47,398[5]INFO InfoLog[(null)]-本机IP：192.168.10.95
2021-07-02 11:30:47,420[5]INFO InfoLog[(null)]-设备id：594
2021-07-02 11:30:47,849[5]INFO InfoLog[(null)]-获取系统打印回执参数返回【成功】，参数【PHTemplatesName】的值为：
2021-07-02 11:30:47,886[5]INFO InfoLog[(null)]-【太极】上传设备状态返回【成功】
2021-07-02 11:30:47,888[5]INFO InfoLog[(null)]-【太极】上传设备运行状态返回【成功】
2021-07-02 11:30:47,891[5]INFO InfoLog[(null)]-【⑤号预约取号机】【QH0005】【在线中】<初始化成功>
2021-07-02 11:30:49,568[1]INFO InfoLog[(null)]-
***********************进入【首页】***********************
2021-07-02 11:30:49,574[3]INFO InfoLog[(null)]-修改设备状态【空闲中】：成功
2021-07-02 11:30:49,582[3]INFO InfoLog[(null)]-首页数据初始化：【成功】
2021-07-02 11:30:49,583[3]INFO InfoLog[(null)]-
***********************结束【首页】***********************
2021-07-02 11:30:49,785[1]INFO InfoLog[(null)]-
*********************** 进入【刷身份证】身份证识读界面*********************** 
2021-07-02 11:30:49,806[1]INFO InfoLog[(null)]-开始初始化身份信息：成功
2021-07-02 11:30:49,814[12]INFO InfoLog[(null)]-开始读卡：执行身份证读卡循环，方法名：ReadIDCardFun 参数：null
2021-07-02 11:30:51,845[12]INFO InfoLog[(null)]-读卡成功：【黄*亮】【1101**********0099】
2021-07-02 11:30:51,847[12]INFO InfoLog[(null)]-
*********************** 结束【刷身份证】身份证识读界面*********************** 
2021-07-02 11:30:51,848[12]INFO InfoLog[(null)]- 
*********************** 进入【身份核查】【1101**********0099 黄*亮】页面*********************** 
2021-07-02 11:30:51,888[14]INFO InfoLog[(null)]-修改设备状态【受理中】：成功
2021-07-02 11:30:51,889[14]INFO InfoLog[(null)]-
======1、开始查询平台【1101**********0099黄*亮预约信息======
2021-07-02 11:30:51,973[14]INFO InfoLog[(null)]-1101**********0099黄*亮今日存在有效预约信息条！
2021-07-02 11:30:51,974[14]INFO InfoLog[(null)]-
======1、结束查询平台【1101**********0099黄*亮预约信息======
2021-07-02 11:30:51,974[14]INFO InfoLog[(null)]-
======2、开始核查【1101**********0099】人口信息========
2021-07-02 11:30:51,975[14]INFO InfoLog[(null)]-IsConnectionDjz：False IsConnectionTj：True======
2021-07-02 11:30:51,977[14]INFO InfoLog[(null)]-开始登陆【太极】导服接口
2021-07-02 11:30:51,983[14]INFO InfoLog[(null)]-【太极】导服接口登录返回True：单位编号：BA1D16BAAAA84982BD6E844C730A0E58，单位代码：110111060100
2021-07-02 11:30:51,983[14]INFO InfoLog[(null)]-结束登录【太极】接口
2021-07-02 11:30:52,014[14]INFO InfoLog[(null)]-【太极】开始核查【1101**********0099】信息
2021-07-02 11:30:52,051[14]INFO InfoLog[(null)]-1101**********0050【太极】导服查询导引结果返回：刘*军来自四川省泸县(1982)，户口所在地：北京西城区性别：男，民族：01，生日：19951216
2021-07-02 11:30:52,052[14]INFO InfoLog[(null)]-刘连军10c08547c94844f2a6801da7c39ba0c8人口信息：1条，证件信息：3，预约信息：0条，可办理业务信息：6条，在办业务信息：0条
2021-07-02 11:30:52,052[14]INFO InfoLog[(null)]-2.1、【太极】核查是否符合办理条件：
2021-07-02 11:30:52,053[14]INFO InfoLog[(null)]-是否北京户籍：True
2021-07-02 11:30:52,053[14]INFO InfoLog[(null)]-查询控制对象返回：【否】
2021-07-02 11:30:52,054[14]INFO InfoLog[(null)]-查询新疆重点人员返回：【否】
2021-07-02 11:30:52,054[14]INFO InfoLog[(null)]-查询重点人员返回：【否】
2021-07-02 11:30:52,055[14]INFO InfoLog[(null)]-查询服现役返回：【否】
2021-07-02 11:30:52,055[14]INFO InfoLog[(null)]-2.2、【太极】核查是否有在办业务及不可办理业务
2021-07-02 11:30:52,056[14]INFO InfoLog[(null)]-核查有效证件条数为：3条，失效证件条数为：0条
2021-07-02 11:30:52,056[14]INFO InfoLog[(null)]-1101**********0099刘*军核查可办业务为：6条，可办业务为：31,93,21,31,92,13,
2021-07-02 11:30:52,057[14]INFO InfoLog[(null)]-2.3、【太极】核查外网预约信息
2021-07-02 11:30:52,058[14]INFO InfoLog[(null)]-刘连军未查询到今天的预约信息！
2021-07-02 11:30:52,058[14]INFO InfoLog[(null)]-2.4【太极】判断和过滤在办业务
2021-07-02 11:30:52,058[14]INFO InfoLog[(null)]-【太极】没有可过滤业务
2021-07-02 11:30:52,066[14]INFO InfoLog[(null)]-保存人口照片成功！
2021-07-02 11:30:52,079[14]INFO InfoLog[(null)]-太极人口信息保存正常，赋值到本地对象成功。
2021-07-02 11:30:52,080[14]INFO InfoLog[(null)]-【太极】结束核查【1101**********0099】信息
2021-07-02 11:30:52,121[14]INFO InfoLog[(null)]-
======2、结束核查【1101**********0099】人口信息========
2021-07-02 11:30:52,124[14]INFO InfoLog[(null)]-计算出年龄为：25
2021-07-02 11:30:52,125[14]INFO InfoLog[(null)]-
======3、开始获取 【1101**********0099刘*军】的制证照片======
2021-07-02 11:30:52,132[14]INFO InfoLog[(null)]-查询制证照片接口返回：为空！
2021-07-02 11:30:52,132[14]INFO InfoLog[(null)]-
======3、结束获取 【1101**********0099刘*军】的制证照片======
2021-07-02 11:30:52,174[14]INFO InfoLog[(null)]-刘连军您已预约 办理业务
2021-07-02 11:30:52,175[14]INFO InfoLog[(null)]-刘连军您已预约 - 办理[]业务,请点击【取号】按钮取号。
2021-07-02 11:30:52,181[14]INFO InfoLog[(null)]- 
***********************结束【身份核查】【1101**********0099刘*军】页面***********************
2021-07-02 11:31:02,228[15]INFO InfoLog[(null)]-点击【返回】按钮，返回主页面
2021-07-02 11:31:02,610[1]INFO InfoLog[(null)]-
***********************进入【首页】***********************
2021-07-02 11:31:02,612[3]INFO InfoLog[(null)]-修改设备状态【空闲中】：成功
2021-07-02 11:31:02,615[3]INFO InfoLog[(null)]-首页数据初始化：【成功】
2021-07-02 11:31:02,616[3]INFO InfoLog[(null)]-
***********************结束【首页】***********************
2021-07-02 11:31:02,788[1]INFO InfoLog[(null)]-
*********************** 进入【刷身份证】身份证识读界面*********************** 
2021-07-02 11:31:02,790[1]INFO InfoLog[(null)]-核查到未上传导引业务id：10c08547c94844f2a6801da7c39ba0c8条数：1
2021-07-02 11:31:02,791[1]INFO InfoLog[(null)]-取消导引业务id：10c08547c94844f2a6801da7c39ba0c8【成功】
2021-07-02 11:31:02,792[1]INFO InfoLog[(null)]-取消所有未上传导引返回：【成功】
2021-07-02 11:31:02,805[1]INFO InfoLog[(null)]-开始初始化身份信息：成功
2021-07-02 11:31:02,811[16]INFO InfoLog[(null)]-开始读卡：执行身份证读卡循环，方法名：ReadIDCardFun 参数：null
2021-07-02 11:31:04,811[16]INFO InfoLog[(null)]-读卡成功：【黄*亮】【1101**********0099】
2021-07-02 11:31:04,811[16]INFO InfoLog[(null)]-
*********************** 结束【刷身份证】身份证识读界面*********************** 
2021-07-02 11:31:04,812[16]INFO InfoLog[(null)]- 
*********************** 进入【身份核查】【1101**********0099 黄*亮】页面*********************** 
2021-07-02 11:31:07,496[17]INFO InfoLog[(null)]-修改设备状态【受理中】：成功
2021-07-02 11:31:07,499[17]INFO InfoLog[(null)]-
======1、开始查询平台【1101**********0099黄*亮预约信息======
2021-07-02 11:31:07,548[17]INFO InfoLog[(null)]-1101**********0099黄*亮今日存在有效预约信息条！
2021-07-02 11:31:07,548[17]INFO InfoLog[(null)]-
======1、结束查询平台【1101**********0099黄*亮预约信息======
2021-07-02 11:31:07,549[17]INFO InfoLog[(null)]-
======2、开始核查【1101**********0099】人口信息========
2021-07-02 11:31:07,549[17]INFO InfoLog[(null)]-IsConnectionDjz：False IsConnectionTj：True======
2021-07-02 11:31:07,549[17]INFO InfoLog[(null)]-【太极】开始核查【1101**********0099】信息
2021-07-02 11:31:07,551[17]INFO InfoLog[(null)]-1101**********0050【太极】导服查询导引结果返回：刘*军来自四川省泸县(1982)，户口所在地：北京西城区性别：男，民族：01，生日：19951216
2021-07-02 11:31:07,551[17]INFO InfoLog[(null)]-刘连军10c08547c94844f2a6801da7c39ba0c8人口信息：1条，证件信息：3，预约信息：0条，可办理业务信息：6条，在办业务信息：0条
2021-07-02 11:31:07,551[17]INFO InfoLog[(null)]-2.1、【太极】核查是否符合办理条件：
2021-07-02 11:31:07,552[17]INFO InfoLog[(null)]-是否北京户籍：True
2021-07-02 11:31:07,552[17]INFO InfoLog[(null)]-查询控制对象返回：【否】
2021-07-02 11:31:07,552[17]INFO InfoLog[(null)]-查询新疆重点人员返回：【否】
2021-07-02 11:31:07,553[17]INFO InfoLog[(null)]-查询重点人员返回：【否】
2021-07-02 11:31:07,553[17]INFO InfoLog[(null)]-查询服现役返回：【否】
2021-07-02 11:31:07,554[17]INFO InfoLog[(null)]-2.2、【太极】核查是否有在办业务及不可办理业务
2021-07-02 11:31:07,554[17]INFO InfoLog[(null)]-核查有效证件条数为：3条，失效证件条数为：0条
2021-07-02 11:31:07,555[17]INFO InfoLog[(null)]-1101**********0099刘*军核查可办业务为：6条，可办业务为：31,93,21,31,92,13,
2021-07-02 11:31:07,555[17]INFO InfoLog[(null)]-2.3、【太极】核查外网预约信息
2021-07-02 11:31:07,555[17]INFO InfoLog[(null)]-刘连军未查询到今天的预约信息！
2021-07-02 11:31:07,556[17]INFO InfoLog[(null)]-2.4【太极】判断和过滤在办业务
2021-07-02 11:31:07,556[17]INFO InfoLog[(null)]-【太极】没有可过滤业务
2021-07-02 11:31:07,558[17]INFO InfoLog[(null)]-保存人口照片成功！
2021-07-02 11:31:07,565[17]INFO InfoLog[(null)]-太极人口信息保存正常，赋值到本地对象成功。
2021-07-02 11:31:07,566[17]INFO InfoLog[(null)]-【太极】结束核查【1101**********0099】信息
2021-07-02 11:31:07,567[17]INFO InfoLog[(null)]-
======2、结束核查【1101**********0099】人口信息========
2021-07-02 11:31:07,567[17]INFO InfoLog[(null)]-计算出年龄为：25
2021-07-02 11:31:07,568[17]INFO InfoLog[(null)]-
======3、开始获取 【1101**********0099刘*军】的制证照片======
2021-07-02 11:31:07,568[17]INFO InfoLog[(null)]-查询制证照片接口返回：为空！
2021-07-02 11:31:07,568[17]INFO InfoLog[(null)]-
======3、结束获取 【1101**********0099刘*军】的制证照片======
2021-07-02 11:31:07,593[17]INFO InfoLog[(null)]-刘连军您已预约 办理业务
2021-07-02 11:31:07,596[17]INFO InfoLog[(null)]-刘连军您已预约 - 办理[]业务,请点击【取号】按钮取号。
2021-07-02 11:31:07,599[17]INFO InfoLog[(null)]- 
***********************结束【身份核查】【1101**********0099刘*军】页面***********************
2021-07-02 11:31:12,464[1]INFO InfoLog[(null)]-上传设备状态关机【成功】
2021-07-02 11:31:12,465[1]INFO InfoLog[(null)]-上传设备运行状态【成功】
2021-07-02 11:31:12,472[1]INFO InfoLog[(null)]-===================结束【主程序】【Freedom.ZHPHMachine】====================
