2021-07-05 14:33:47,411[5]INFO InfoLog[(null)]-===================开始启动主程序【Freedom.ZHPHMachine】====================
2021-07-05 14:33:47,508[5]INFO InfoLog[(null)]-完善更新设备版本号：1.0.9.1信息：True
2021-07-05 14:33:47,525[5]INFO InfoLog[(null)]-本机IP：192.168.10.95
2021-07-05 14:33:47,542[5]INFO InfoLog[(null)]-设备id：594
2021-07-05 14:33:47,994[5]INFO InfoLog[(null)]-获取系统打印回执参数返回【成功】，参数【PHTemplatesName】的值为：
2021-07-05 14:33:48,023[5]INFO InfoLog[(null)]-【⑤号预约取号机】【QH0005】【在线中】<初始化成功>
2021-07-05 14:33:49,459[1]INFO InfoLog[(null)]-
***********************进入【首页】***********************
2021-07-05 14:33:49,466[4]INFO InfoLog[(null)]-修改设备状态【空闲中】：成功
2021-07-05 14:33:49,476[4]INFO InfoLog[(null)]-首页数据初始化：【成功】
2021-07-05 14:34:12,780[1]INFO InfoLog[(null)]-
***********************结束【首页】***********************
2021-07-05 14:34:12,938[1]INFO InfoLog[(null)]-
*********************** 进入【刷身份证】身份证识读界面*********************** 
2021-07-05 14:34:12,961[1]INFO InfoLog[(null)]-开始初始化身份信息：成功
2021-07-05 14:34:12,965[15]INFO InfoLog[(null)]-开始读卡：执行身份证读卡循环，方法名：ReadIDCardFun 参数：null
2021-07-05 14:34:14,976[15]INFO InfoLog[(null)]-读卡成功：【黄*亮】【1101**********0099】
2021-07-05 14:34:15,044[15]INFO InfoLog[(null)]-
*********************** 结束【刷身份证】身份证识读界面*********************** 
2021-07-05 14:34:15,045[15]INFO InfoLog[(null)]- 
*********************** 进入【身份核查】【1101**********0099 黄*亮】页面*********************** 
2021-07-05 14:34:19,708[16]INFO InfoLog[(null)]-修改设备状态【受理中】：成功
2021-07-05 14:34:20,482[16]INFO InfoLog[(null)]-
======1、开始查询平台【1101**********0099黄*亮预约信息======
2021-07-05 14:34:28,455[16]INFO InfoLog[(null)]-1101**********0099黄*亮今日存在有效预约信息条！
2021-07-05 14:34:28,727[16]INFO InfoLog[(null)]-
======1、结束查询平台【1101**********0099黄*亮预约信息======
2021-07-05 14:34:28,856[16]INFO InfoLog[(null)]-
======2、开始核查【1101**********0099】人口信息========
2021-07-05 14:34:29,051[16]INFO InfoLog[(null)]-IsConnectionDjz：False IsConnectionTj：False======
2021-07-05 14:34:30,714[16]INFO InfoLog[(null)]-
======2、结束核查【1101**********0099】人口信息========
2021-07-05 14:34:31,813[16]INFO InfoLog[(null)]-计算出年龄为：25
2021-07-05 14:34:32,613[16]INFO InfoLog[(null)]-
======3、开始获取 【1101**********0099黄*亮】的制证照片======
2021-07-05 14:34:33,439[16]INFO InfoLog[(null)]-查询制证照片接口返回：为空！
2021-07-05 14:34:33,440[16]INFO InfoLog[(null)]-
======3、结束获取 【1101**********0099黄*亮】的制证照片======
2021-07-05 14:34:43,418[16]INFO InfoLog[(null)]-黄柯亮您已预约 办理业务
2021-07-05 14:34:44,649[16]INFO InfoLog[(null)]-======黄柯亮您已预约 办理业务======
2021-07-05 14:35:31,523[5]INFO InfoLog[(null)]-===================开始启动主程序【Freedom.ZHPHMachine】====================
2021-07-05 14:35:31,580[5]INFO InfoLog[(null)]-完善更新设备版本号：1.0.9.1信息：True
2021-07-05 14:35:31,594[5]INFO InfoLog[(null)]-本机IP：192.168.10.95
2021-07-05 14:35:31,612[5]INFO InfoLog[(null)]-设备id：594
2021-07-05 14:35:31,981[5]INFO InfoLog[(null)]-获取系统打印回执参数返回【成功】，参数【PHTemplatesName】的值为：
2021-07-05 14:35:32,003[5]INFO InfoLog[(null)]-【⑤号预约取号机】【QH0005】【在线中】<初始化成功>
2021-07-05 14:35:33,011[1]INFO InfoLog[(null)]-
***********************进入【首页】***********************
2021-07-05 14:35:33,015[4]INFO InfoLog[(null)]-修改设备状态【空闲中】：成功
2021-07-05 14:35:33,021[4]INFO InfoLog[(null)]-首页数据初始化：【成功】
2021-07-05 14:35:34,274[1]INFO InfoLog[(null)]-
***********************结束【首页】***********************
2021-07-05 14:35:34,409[1]INFO InfoLog[(null)]-
*********************** 进入【刷身份证】身份证识读界面*********************** 
2021-07-05 14:35:34,431[1]INFO InfoLog[(null)]-开始初始化身份信息：成功
2021-07-05 14:35:34,435[13]INFO InfoLog[(null)]-开始读卡：执行身份证读卡循环，方法名：ReadIDCardFun 参数：null
2021-07-05 14:35:36,452[13]INFO InfoLog[(null)]-读卡成功：【黄*亮】【1101**********0099】
2021-07-05 14:35:36,507[13]INFO InfoLog[(null)]-
*********************** 结束【刷身份证】身份证识读界面*********************** 
2021-07-05 14:35:36,508[13]INFO InfoLog[(null)]- 
*********************** 进入【身份核查】【1101**********0099 黄*亮】页面*********************** 
2021-07-05 14:35:43,242[16]INFO InfoLog[(null)]-修改设备状态【受理中】：成功
2021-07-05 14:35:43,242[16]INFO InfoLog[(null)]-
======1、开始查询平台【1101**********0099黄*亮预约信息======
2021-07-05 14:37:23,436[5]INFO InfoLog[(null)]-===================开始启动主程序【Freedom.ZHPHMachine】====================
2021-07-05 14:37:23,531[5]INFO InfoLog[(null)]-完善更新设备版本号：1.0.9.1信息：True
2021-07-05 14:37:23,547[5]INFO InfoLog[(null)]-本机IP：192.168.10.95
2021-07-05 14:37:23,564[5]INFO InfoLog[(null)]-设备id：594
2021-07-05 14:37:23,923[5]INFO InfoLog[(null)]-获取系统打印回执参数返回【成功】，参数【PHTemplatesName】的值为：
2021-07-05 14:37:23,946[5]INFO InfoLog[(null)]-【⑤号预约取号机】【QH0005】【在线中】<初始化成功>
2021-07-05 14:37:24,917[1]INFO InfoLog[(null)]-
***********************进入【首页】***********************
2021-07-05 14:37:24,922[3]INFO InfoLog[(null)]-修改设备状态【空闲中】：成功
2021-07-05 14:37:24,929[3]INFO InfoLog[(null)]-首页数据初始化：【成功】
2021-07-05 14:37:30,110[1]INFO InfoLog[(null)]-
***********************结束【首页】***********************
2021-07-05 14:37:30,246[1]INFO InfoLog[(null)]-
*********************** 进入【刷身份证】身份证识读界面*********************** 
2021-07-05 14:37:30,271[1]INFO InfoLog[(null)]-开始初始化身份信息：成功
2021-07-05 14:37:30,275[13]INFO InfoLog[(null)]-开始读卡：执行身份证读卡循环，方法名：ReadIDCardFun 参数：null
2021-07-05 14:37:32,288[13]INFO InfoLog[(null)]-读卡成功：【黄*亮】【1101**********0099】
2021-07-05 14:37:32,327[13]INFO InfoLog[(null)]-
*********************** 结束【刷身份证】身份证识读界面*********************** 
2021-07-05 14:37:32,330[13]INFO InfoLog[(null)]- 
*********************** 进入【身份核查】【1101**********0099 黄*亮】页面*********************** 
2021-07-05 14:37:32,361[16]INFO InfoLog[(null)]-修改设备状态【受理中】：成功
2021-07-05 14:37:32,362[16]INFO InfoLog[(null)]-
======1、开始查询平台【1101**********0099黄*亮预约信息======
2021-07-05 14:41:54,016[5]INFO InfoLog[(null)]-===================开始启动主程序【Freedom.ZHPHMachine】====================
2021-07-05 14:41:54,079[5]INFO InfoLog[(null)]-完善更新设备版本号：1.0.9.1信息：True
2021-07-05 14:41:54,113[5]INFO InfoLog[(null)]-本机IP：192.168.10.95
2021-07-05 14:41:54,125[5]INFO InfoLog[(null)]-设备id：594
2021-07-05 14:41:54,477[5]INFO InfoLog[(null)]-获取系统打印回执参数返回【成功】，参数【PHTemplatesName】的值为：
2021-07-05 14:41:54,503[5]INFO InfoLog[(null)]-【⑤号预约取号机】【QH0005】【在线中】<初始化成功>
2021-07-05 14:41:55,538[1]INFO InfoLog[(null)]-
***********************进入【首页】***********************
2021-07-05 14:41:55,542[4]INFO InfoLog[(null)]-修改设备状态【空闲中】：成功
2021-07-05 14:41:55,548[4]INFO InfoLog[(null)]-首页数据初始化：【成功】
2021-07-05 14:46:51,105[1]INFO InfoLog[(null)]-
***********************结束【首页】***********************
2021-07-05 14:46:51,267[1]INFO InfoLog[(null)]-
*********************** 进入【刷身份证】身份证识读界面*********************** 
2021-07-05 14:46:51,289[1]INFO InfoLog[(null)]-开始初始化身份信息：成功
2021-07-05 14:46:51,293[15]INFO InfoLog[(null)]-开始读卡：执行身份证读卡循环，方法名：ReadIDCardFun 参数：null
2021-07-05 14:46:53,306[15]INFO InfoLog[(null)]-读卡成功：【黄*亮】【1101**********0099】
2021-07-05 14:46:53,342[15]INFO InfoLog[(null)]-
*********************** 结束【刷身份证】身份证识读界面*********************** 
2021-07-05 14:46:53,342[15]INFO InfoLog[(null)]- 
*********************** 进入【身份核查】【1101**********0099 黄*亮】页面*********************** 
2021-07-05 14:46:53,370[16]INFO InfoLog[(null)]-修改设备状态【受理中】：成功
2021-07-05 14:46:53,370[16]INFO InfoLog[(null)]-
======1、开始查询平台【1101**********0099黄*亮预约信息======
2021-07-05 14:51:20,086[5]INFO InfoLog[(null)]-===================开始启动主程序【Freedom.ZHPHMachine】====================
2021-07-05 14:51:20,166[5]INFO InfoLog[(null)]-完善更新设备版本号：1.0.9.1信息：True
2021-07-05 14:51:20,181[5]INFO InfoLog[(null)]-本机IP：192.168.10.95
2021-07-05 14:51:20,253[5]INFO InfoLog[(null)]-设备id：594
2021-07-05 14:51:20,610[5]INFO InfoLog[(null)]-获取系统打印回执参数返回【成功】，参数【PHTemplatesName】的值为：
2021-07-05 14:51:20,639[5]INFO InfoLog[(null)]-【⑤号预约取号机】【QH0005】【在线中】<初始化成功>
2021-07-05 14:51:21,693[1]INFO InfoLog[(null)]-
***********************进入【首页】***********************
2021-07-05 14:51:21,698[4]INFO InfoLog[(null)]-修改设备状态【空闲中】：成功
2021-07-05 14:51:21,704[4]INFO InfoLog[(null)]-首页数据初始化：【成功】
2021-07-05 14:51:22,651[1]INFO InfoLog[(null)]-
***********************结束【首页】***********************
2021-07-05 14:51:22,816[1]INFO InfoLog[(null)]-
*********************** 进入【刷身份证】身份证识读界面*********************** 
2021-07-05 14:51:22,840[1]INFO InfoLog[(null)]-开始初始化身份信息：成功
2021-07-05 14:51:22,845[13]INFO InfoLog[(null)]-开始读卡：执行身份证读卡循环，方法名：ReadIDCardFun 参数：null
2021-07-05 14:51:24,857[13]INFO InfoLog[(null)]-读卡成功：【黄*亮】【1101**********0099】
2021-07-05 14:51:24,874[13]INFO InfoLog[(null)]-
*********************** 结束【刷身份证】身份证识读界面*********************** 
2021-07-05 14:51:24,875[13]INFO InfoLog[(null)]- 
*********************** 进入【身份核查】【1101**********0099 黄*亮】页面*********************** 
2021-07-05 14:51:24,897[16]INFO InfoLog[(null)]-修改设备状态【受理中】：成功
2021-07-05 14:51:24,898[16]INFO InfoLog[(null)]-
======1、开始查询平台【1101**********0099黄*亮预约信息======
2021-07-05 14:51:34,815[16]INFO InfoLog[(null)]-1101**********0099黄*亮今日存在有效预约信息条！
2021-07-05 14:51:34,815[16]INFO InfoLog[(null)]-
======1、结束查询平台【1101**********0099黄*亮预约信息======
2021-07-05 14:51:34,816[16]INFO InfoLog[(null)]-
======2、开始核查【1101**********0099】人口信息========
2021-07-05 14:51:34,821[16]INFO InfoLog[(null)]-IsConnectionDjz：False IsConnectionTj：False======
2021-07-05 14:51:34,848[16]INFO InfoLog[(null)]-
======2、结束核查【1101**********0099】人口信息========
2021-07-05 14:51:34,850[16]INFO InfoLog[(null)]-计算出年龄为：25
2021-07-05 14:51:34,851[16]INFO InfoLog[(null)]-
======3、开始获取 【1101**********0099黄*亮】的制证照片======
2021-07-05 14:51:34,856[16]INFO InfoLog[(null)]-查询制证照片接口返回：为空！
2021-07-05 14:51:34,857[16]INFO InfoLog[(null)]-
======3、结束获取 【1101**********0099黄*亮】的制证照片======
2021-07-05 14:51:34,870[16]INFO InfoLog[(null)]-黄柯亮您已预约 办理业务
2021-07-05 14:51:34,871[16]INFO InfoLog[(null)]-======黄柯亮您已预约 办理业务======
2021-07-05 14:51:34,904[16]INFO InfoLog[(null)]-黄柯亮您已预约 办理业务,若您需要重新预约办理新业务,请点击【重新预约】按钮，上一次的预约办理业务将自动失效,若有疑问请咨询现场工作人员。
2021-07-05 14:51:34,961[1]INFO InfoLog[(null)]-
*********************** 进入【选择预约时间】页面***********************
2021-07-05 14:51:35,150[1]INFO InfoLog[(null)]-检测网络连接正常
2021-07-05 14:51:38,729[1]INFO InfoLog[(null)]-开始查询【2021/7/5 0:00:00】预约指标
2021-07-05 14:51:40,520[1]INFO InfoLog[(null)]-预约时间段查询总数为：1
2021-07-05 14:51:43,241[1]INFO InfoLog[(null)]-流程简化，默认填写预约时间段开始：
2021-07-05 14:51:46,305[1]INFO InfoLog[(null)]-预约时间：20191008-08:00-21:00
2021-07-05 14:51:50,822[1]INFO InfoLog[(null)]-结束查询【2021/7/5 0:00:00】预约指标
2021-07-05 14:51:51,164[1]INFO InfoLog[(null)]-
*********************** 结束【选择预约时间】页面***********************
2021-07-05 14:51:52,455[16]INFO InfoLog[(null)]- 
***********************结束【身份核查】【1101**********0099黄*亮】页面***********************
2021-07-05 14:51:52,545[1]INFO InfoLog[(null)]-=====进入填写基础信息界面=====
2021-07-05 14:51:52,732[1]INFO InfoLog[(null)]-存在预约信息，前往判断取号模式
2021-07-05 14:51:52,735[1]INFO InfoLog[(null)]-取号模式：直接取号
2021-07-05 14:51:52,757[1]INFO InfoLog[(null)]-直接取号模式跳过基本信息填写
2021-07-05 14:51:52,761[1]INFO InfoLog[(null)]-系统查询到选择护照类，区域参数isVALIDXCYY修改为1
2021-07-05 14:51:54,498[1]INFO InfoLog[(null)]-办证类型:护照、港澳、赴台
2021-07-05 14:51:54,499[1]INFO InfoLog[(null)]-=====离开填写基础信息页面=====
2021-07-05 14:51:54,500[1]INFO InfoLog[(null)]-下一步：进入选择证件类型界面
2021-07-05 14:51:54,609[1]INFO InfoLog[(null)]-
**********************************进入【扫描相片回执】界面**********************************
2021-07-05 14:51:54,853[1]INFO InfoLog[(null)]-进入扫描回执界面
2021-07-05 14:51:54,872[1]INFO InfoLog[(null)]-开始打开扫描枪扫描回执编码
2021-07-05 14:51:54,873[1]INFO InfoLog[(null)]-打开扫描枪【成功】
2021-07-05 14:51:54,877[1]INFO InfoLog[(null)]-结束打开扫描枪扫描回执编码
2021-07-05 14:51:58,948[1]INFO InfoLog[(null)]-===================结束【主程序】【Freedom.ZHPHMachine】====================
