2021-07-08 10:22:59,393[16]ERRORInfoLog[(null)]-JSON转实体方法ConvertToObject失败;message:Cannot deserialize the current JSON array (e.g. [1,2,3]) into type 'Freedom.Models.ReturnInfo`1[Freedom.Models.PH_YYSQXX_TB]' because the type requires a JSON object (e.g. {"name":"value"}) to deserialize correctly.
To fix this error either change the JSON to a JSON object (e.g. {"name":"value"}) or change the deserialized type to an array or a type that implements a collection interface (e.g. ICollection, IList) like List<T> that can be deserialized from a JSON array. JsonArrayAttribute can also be added to the type to force it to deserialize from a JSON array.
Path '', line 1, position 1.info:[
  {
    "SQLB": "102",
    "SFZH": "110105196403150418",
    "SFZHMD5": null,
    "ZWXM": "金崭",
    "ZWX": "金",
    "ZWM": "崭",
    "YWX": "JIN",
    "YWM": "CHAN",
    "YWXM": "JINCHAN",
    "ZWXMGB2312": "金崭",
    "XB": "1",
    "CSRQ": "19640315",
    "MZ": "01",
    "GJDQ": "CHN",
    "RYDYLB": "R",
    "CSD": "11",
    "BZLB": "31",
    "BM": null,
    "QWD": "999",
    "CJSY": null,
    "LXDH": null,
    "JJQKLXR": null,
    "JJQKLXRDH": null,
    "HKSZD": "110102",
    "JTZZ": "前帽胡同3号",
    "SFXTKZD": "0",
    "SJR": null,
    "YZBM": null,
    "EMSDZ": null,
    "SJRLXDH": null,
    "XCZJZL": "21",
    "XCZJHM": "CC5921302",
    "XCZJQFRQ": "20200917",
    "XCZJYXQZ": "20300916",
    "DJSY": "1",
    "GAQSYWXM": null,
    "GAQSZWXM": null,
    "GAQSXB": null,
    "GAQSCSRQ": null,
    "YSQRGX": null,
    "GAQSSFZHM": null,
    "YDLB": null,
    "YDBZRYLB": null,
    "BZDD": null,
    "YDBZBS": "0",
    "BOOK_TYPE": "1",
    "WSYYRQ": "20210611",
    "WSYYSJ": "08:00-19:00",
    "USERTYPE": "0",
    "BZ": null,
    "DATASOURCE": "14.152.21.182+2号取号机+PH0002",
    "CREATE_IP": "14.152.21.182",
    "CREATE_DATE": "2021-06-11 13:01:41",
    "SLDW": "110111060000",
    "SLRQ": null,
    "QYCODE": "110111_0069",
    "ENABLE": 1,
    "PHCODE": "5442106110008",
    "CLBZ": "-1",
    "CLBZRESULT": null,
    "CL_LASTDATE": null,
    "CL_LASTUSER": null,
    "CL_LASTIP": null,
    "REMARK": null,
    "ZPBM": "DY12345678",
    "ZPUPDATE_DATE": "2021-06-11 13:01:42",
    "GAJMLWNDTXHM": null,
    "ID": 9783.0,
    "YWBH": "KFS000000005383",
    "SLLX": 1,
    "YYQZXX": null,
    "PH_SENDLIST": [
      {
        "ID": 5442106110008.0,
        "SERVICE_CODE": "B544",
        "PREFIX": "S",
        "PH_NUMBER": 8.0,
        "SFZH": "110105196403150418",
        "ZWXM": "金崭",
        "YWXM": "JINCHAN",
        "YWBH": "KFS000000005383",
        "CLZT": 2.0,
        "IS_PHOTO": "1",
        "ZPHZM": "DY12345678",
        "ZPLY": "14.152.21.182+2号取号机+PH0002",
        "ZP_DATE": "2021-06-11 13:01:42",
        "ZP_YXDATE": null,
        "IS_BOOKING": "1",
        "IS_PRONOUNCE": "0",
        "IS_CHECKIN": "1",
        "CHECKIN_DATE": "2021-06-11 13:01:42",
        "CHECKOUT_DATE": null,
        "IS_PRINT": "0",
        "PRINT_COUNTS": 0.0,
        "PRINT_BILL_TIME": "2021-06-11 13:01:42",
        "CALLLY": "14.152.21.160",
        "CALLTIMES": 1.0,
        "REPEATCALLTIMES": 0.0,
        "CALLUSER": "1176",
        "TRAN_BEGIN_DATE": "2021-06-11 13:01:52",
        "TRAN_END_DATE": null,
        "IS_COMPLETE": "0",
        "COMPLETE_DATE": null,
        "CREATE_DATE": "2021-06-11 13:01:42",
        "CREATE_USER": "14.152.21.182+2号取号机+PH0002",
        "UPDATE_DATE": "2021-06-11 13:01:52",
        "UPDATE_USER": "14.152.21.160",
        "CURRENTHJ": "F-004",
        "TBDWBH": "110111060000",
        "PH_TYPE": "0",
        "WSYYRQ": "20210611",
        "WSYYSJ": "08:00-19:00",
        "REMARK": "目前所在环节：F-004",
        "PHREASONS": null,
        "QYCODE": null
      }
    ],
    "YYJZBLLIST": null,
    "ISOFFICIAL": 0,
    "RSZGDW": null,
    "ZY": null,
    "SFKYZZ": 1,
    "BKJYY": null,
    "YWID": "c8850f7072f54e818cded10eb6a74635",
    "OPENID": null
  }
]
2021-07-08 10:23:01,196[16]ERRORInfoLog[(null)]-发送HTTP请求异常，异常信息：无效的 URI: 未能确定 URI 的格式。
2021-07-08 10:23:01,247[16]ERRORInfoLog[(null)]-JSON转实体方法ConvertToObject失败;message:Unexpected character encountered while parsing value: 报. Path '', line 0, position 0.info:报错：无效的 URI: 未能确定 URI 的格式。
2021-07-08 10:51:13,216[18]ERRORInfoLog[(null)]-JSON转实体方法ConvertToObject失败;message:Cannot deserialize the current JSON array (e.g. [1,2,3]) into type 'Freedom.Models.ReturnInfo`1[Freedom.Models.PH_YYSQXX_TB]' because the type requires a JSON object (e.g. {"name":"value"}) to deserialize correctly.
To fix this error either change the JSON to a JSON object (e.g. {"name":"value"}) or change the deserialized type to an array or a type that implements a collection interface (e.g. ICollection, IList) like List<T> that can be deserialized from a JSON array. JsonArrayAttribute can also be added to the type to force it to deserialize from a JSON array.
Path '', line 1, position 1.info:[
  {
    "SQLB": "102",
    "SFZH": "110105196403150418",
    "SFZHMD5": null,
    "ZWXM": "金崭",
    "ZWX": "金",
    "ZWM": "崭",
    "YWX": "JIN",
    "YWM": "CHAN",
    "YWXM": "JINCHAN",
    "ZWXMGB2312": "金崭",
    "XB": "1",
    "CSRQ": "19640315",
    "MZ": "01",
    "GJDQ": "CHN",
    "RYDYLB": "R",
    "CSD": "11",
    "BZLB": "31",
    "BM": null,
    "QWD": "999",
    "CJSY": null,
    "LXDH": null,
    "JJQKLXR": null,
    "JJQKLXRDH": null,
    "HKSZD": "110102",
    "JTZZ": "前帽胡同3号",
    "SFXTKZD": "0",
    "SJR": null,
    "YZBM": null,
    "EMSDZ": null,
    "SJRLXDH": null,
    "XCZJZL": "21",
    "XCZJHM": "CC5921302",
    "XCZJQFRQ": "20200917",
    "XCZJYXQZ": "20300916",
    "DJSY": "1",
    "GAQSYWXM": null,
    "GAQSZWXM": null,
    "GAQSXB": null,
    "GAQSCSRQ": null,
    "YSQRGX": null,
    "GAQSSFZHM": null,
    "YDLB": null,
    "YDBZRYLB": null,
    "BZDD": null,
    "YDBZBS": "0",
    "BOOK_TYPE": "1",
    "WSYYRQ": "20210611",
    "WSYYSJ": "08:00-19:00",
    "USERTYPE": "0",
    "BZ": null,
    "DATASOURCE": "14.152.21.182+2号取号机+PH0002",
    "CREATE_IP": "14.152.21.182",
    "CREATE_DATE": "2021-06-11 13:01:41",
    "SLDW": "110111060000",
    "SLRQ": null,
    "QYCODE": "110111_0069",
    "ENABLE": 1,
    "PHCODE": "5442106110008",
    "CLBZ": "-1",
    "CLBZRESULT": null,
    "CL_LASTDATE": null,
    "CL_LASTUSER": null,
    "CL_LASTIP": null,
    "REMARK": null,
    "ZPBM": "DY12345678",
    "ZPUPDATE_DATE": "2021-06-11 13:01:42",
    "GAJMLWNDTXHM": null,
    "ID": 9783.0,
    "YWBH": "KFS000000005383",
    "SLLX": 1,
    "YYQZXX": null,
    "PH_SENDLIST": [
      {
        "ID": 5442106110008.0,
        "SERVICE_CODE": "B544",
        "PREFIX": "S",
        "PH_NUMBER": 8.0,
        "SFZH": "110105196403150418",
        "ZWXM": "金崭",
        "YWXM": "JINCHAN",
        "YWBH": "KFS000000005383",
        "CLZT": 2.0,
        "IS_PHOTO": "1",
        "ZPHZM": "DY12345678",
        "ZPLY": "14.152.21.182+2号取号机+PH0002",
        "ZP_DATE": "2021-06-11 13:01:42",
        "ZP_YXDATE": null,
        "IS_BOOKING": "1",
        "IS_PRONOUNCE": "0",
        "IS_CHECKIN": "1",
        "CHECKIN_DATE": "2021-06-11 13:01:42",
        "CHECKOUT_DATE": null,
        "IS_PRINT": "0",
        "PRINT_COUNTS": 0.0,
        "PRINT_BILL_TIME": "2021-06-11 13:01:42",
        "CALLLY": "14.152.21.160",
        "CALLTIMES": 1.0,
        "REPEATCALLTIMES": 0.0,
        "CALLUSER": "1176",
        "TRAN_BEGIN_DATE": "2021-06-11 13:01:52",
        "TRAN_END_DATE": null,
        "IS_COMPLETE": "0",
        "COMPLETE_DATE": null,
        "CREATE_DATE": "2021-06-11 13:01:42",
        "CREATE_USER": "14.152.21.182+2号取号机+PH0002",
        "UPDATE_DATE": "2021-06-11 13:01:52",
        "UPDATE_USER": "14.152.21.160",
        "CURRENTHJ": "F-004",
        "TBDWBH": "110111060000",
        "PH_TYPE": "0",
        "WSYYRQ": "20210611",
        "WSYYSJ": "08:00-19:00",
        "REMARK": "目前所在环节：F-004",
        "PHREASONS": null,
        "QYCODE": null
      }
    ],
    "YYJZBLLIST": null,
    "ISOFFICIAL": 0,
    "RSZGDW": null,
    "ZY": null,
    "SFKYZZ": 1,
    "BKJYY": null,
    "YWID": "c8850f7072f54e818cded10eb6a74635",
    "OPENID": null
  }
]
2021-07-08 10:51:14,402[18]ERRORInfoLog[(null)]-发送HTTP请求异常，异常信息：无效的 URI: 未能确定 URI 的格式。
2021-07-08 10:51:14,428[18]ERRORInfoLog[(null)]-JSON转实体方法ConvertToObject失败;message:Unexpected character encountered while parsing value: 报. Path '', line 0, position 0.info:报错：无效的 URI: 未能确定 URI 的格式。
2021-07-08 10:51:55,122[16]ERRORInfoLog[(null)]-JSON转实体方法ConvertToObject失败;message:Cannot deserialize the current JSON array (e.g. [1,2,3]) into type 'Freedom.Models.ReturnInfo`1[Freedom.Models.PH_YYSQXX_TB]' because the type requires a JSON object (e.g. {"name":"value"}) to deserialize correctly.
To fix this error either change the JSON to a JSON object (e.g. {"name":"value"}) or change the deserialized type to an array or a type that implements a collection interface (e.g. ICollection, IList) like List<T> that can be deserialized from a JSON array. JsonArrayAttribute can also be added to the type to force it to deserialize from a JSON array.
Path '', line 1, position 1.info:[
  {
    "SQLB": "102",
    "SFZH": "110105196403150418",
    "SFZHMD5": null,
    "ZWXM": "金崭",
    "ZWX": "金",
    "ZWM": "崭",
    "YWX": "JIN",
    "YWM": "CHAN",
    "YWXM": "JINCHAN",
    "ZWXMGB2312": "金崭",
    "XB": "1",
    "CSRQ": "19640315",
    "MZ": "01",
    "GJDQ": "CHN",
    "RYDYLB": "R",
    "CSD": "11",
    "BZLB": "31",
    "BM": null,
    "QWD": "999",
    "CJSY": null,
    "LXDH": null,
    "JJQKLXR": null,
    "JJQKLXRDH": null,
    "HKSZD": "110102",
    "JTZZ": "前帽胡同3号",
    "SFXTKZD": "0",
    "SJR": null,
    "YZBM": null,
    "EMSDZ": null,
    "SJRLXDH": null,
    "XCZJZL": "21",
    "XCZJHM": "CC5921302",
    "XCZJQFRQ": "20200917",
    "XCZJYXQZ": "20300916",
    "DJSY": "1",
    "GAQSYWXM": null,
    "GAQSZWXM": null,
    "GAQSXB": null,
    "GAQSCSRQ": null,
    "YSQRGX": null,
    "GAQSSFZHM": null,
    "YDLB": null,
    "YDBZRYLB": null,
    "BZDD": null,
    "YDBZBS": "0",
    "BOOK_TYPE": "1",
    "WSYYRQ": "20210611",
    "WSYYSJ": "08:00-19:00",
    "USERTYPE": "0",
    "BZ": null,
    "DATASOURCE": "14.152.21.182+2号取号机+PH0002",
    "CREATE_IP": "14.152.21.182",
    "CREATE_DATE": "2021-06-11 13:01:41",
    "SLDW": "110111060000",
    "SLRQ": null,
    "QYCODE": "110111_0069",
    "ENABLE": 1,
    "PHCODE": "5442106110008",
    "CLBZ": "-1",
    "CLBZRESULT": null,
    "CL_LASTDATE": null,
    "CL_LASTUSER": null,
    "CL_LASTIP": null,
    "REMARK": null,
    "ZPBM": "DY12345678",
    "ZPUPDATE_DATE": "2021-06-11 13:01:42",
    "GAJMLWNDTXHM": null,
    "ID": 9783.0,
    "YWBH": "KFS000000005383",
    "SLLX": 1,
    "YYQZXX": null,
    "PH_SENDLIST": [
      {
        "ID": 5442106110008.0,
        "SERVICE_CODE": "B544",
        "PREFIX": "S",
        "PH_NUMBER": 8.0,
        "SFZH": "110105196403150418",
        "ZWXM": "金崭",
        "YWXM": "JINCHAN",
        "YWBH": "KFS000000005383",
        "CLZT": 2.0,
        "IS_PHOTO": "1",
        "ZPHZM": "DY12345678",
        "ZPLY": "14.152.21.182+2号取号机+PH0002",
        "ZP_DATE": "2021-06-11 13:01:42",
        "ZP_YXDATE": null,
        "IS_BOOKING": "1",
        "IS_PRONOUNCE": "0",
        "IS_CHECKIN": "1",
        "CHECKIN_DATE": "2021-06-11 13:01:42",
        "CHECKOUT_DATE": null,
        "IS_PRINT": "0",
        "PRINT_COUNTS": 0.0,
        "PRINT_BILL_TIME": "2021-06-11 13:01:42",
        "CALLLY": "14.152.21.160",
        "CALLTIMES": 1.0,
        "REPEATCALLTIMES": 0.0,
        "CALLUSER": "1176",
        "TRAN_BEGIN_DATE": "2021-06-11 13:01:52",
        "TRAN_END_DATE": null,
        "IS_COMPLETE": "0",
        "COMPLETE_DATE": null,
        "CREATE_DATE": "2021-06-11 13:01:42",
        "CREATE_USER": "14.152.21.182+2号取号机+PH0002",
        "UPDATE_DATE": "2021-06-11 13:01:52",
        "UPDATE_USER": "14.152.21.160",
        "CURRENTHJ": "F-004",
        "TBDWBH": "110111060000",
        "PH_TYPE": "0",
        "WSYYRQ": "20210611",
        "WSYYSJ": "08:00-19:00",
        "REMARK": "目前所在环节：F-004",
        "PHREASONS": null,
        "QYCODE": null
      }
    ],
    "YYJZBLLIST": null,
    "ISOFFICIAL": 0,
    "RSZGDW": null,
    "ZY": null,
    "SFKYZZ": 1,
    "BKJYY": null,
    "YWID": "c8850f7072f54e818cded10eb6a74635",
    "OPENID": null
  }
]
2021-07-08 11:01:49,344[1]ERRORInfoLog[(null)]-JSON转实体方法ConvertToObject失败;message:Cannot deserialize the current JSON object (e.g. {"name":"value"}) into type 'System.Collections.Generic.List`1[Freedom.Models.PH_YYSQXX_TB]' because the type requires a JSON array (e.g. [1,2,3]) to deserialize correctly.
To fix this error either change the JSON to a JSON array (e.g. [1,2,3]) or change the deserialized type so that it is a normal .NET type (e.g. not a primitive type like integer, not a collection type like an array or List<T>) that can be deserialized from a JSON object. JsonObjectAttribute can also be added to the type to force it to deserialize from a JSON object.
Path 'ExeResult', line 2, position 14.info:{
  "ExeResult": 4,
  "MessageInfo": "没有查询到您的今日有效预约信息，若有疑问，请移步人工窗口咨询！",
  "ReturnValue": null,
  "SignalMarker": 0,
  "PrintqzStata": 0,
  "FucID": null,
  "IsSucceed": true,
  "IsException": false
}
