2021-07-08 10:23:01,029[16]DEBUGInfoLog[(null)]-================开始查询户籍结果【1101**********0099】===========
2021-07-08 10:23:01,030[16]DEBUGInfoLog[(null)]-================开始查询【“42”】常住人口户籍信息===========
2021-07-08 10:50:52,412[5]DEBUGInfoLog[(null)]-USB读卡器初始化成功
2021-07-08 10:50:55,780[1]DEBUGInfoLog[(null)]-USB读卡器初始化成功
2021-07-08 10:51:01,966[1]DEBUGInfoLog[(null)]-USB读卡器初始化成功
2021-07-08 10:51:14,290[18]DEBUGInfoLog[(null)]-================开始查询户籍结果【4309**********0031】===========
2021-07-08 10:51:14,291[18]DEBUGInfoLog[(null)]-================开始查询【“42”】常住人口户籍信息===========
2021-07-08 10:51:45,288[5]DEBUGInfoLog[(null)]-USB读卡器初始化成功
2021-07-08 10:51:47,678[1]DEBUGInfoLog[(null)]-USB读卡器初始化成功
2021-07-08 10:51:55,130[16]DEBUGInfoLog[(null)]-从身份证信息上未获取到中文姓名
2021-07-08 10:52:05,870[1]DEBUGInfoLog[(null)]-USB读卡器初始化成功
2021-07-08 10:54:11,678[5]DEBUGInfoLog[(null)]-USB读卡器初始化成功
2021-07-08 10:54:15,458[1]DEBUGInfoLog[(null)]-USB读卡器初始化成功
2021-07-08 10:55:45,335[5]DEBUGInfoLog[(null)]-USB读卡器初始化成功
2021-07-08 10:55:49,136[1]DEBUGInfoLog[(null)]-USB读卡器初始化成功
2021-07-08 10:55:56,552[16]DEBUGInfoLog[(null)]-开始查询网上预约信息430981199512160031
2021-07-08 10:55:56,553[16]DEBUGInfoLog[(null)]-====查询到全国预约数据，参数：====
2021-07-08 10:55:56,567[16]DEBUGInfoLog[(null)]-[]
2021-07-08 10:55:56,570[16]DEBUGInfoLog[(null)]-从身份证信息上未获取到中文姓名
2021-07-08 11:00:08,922[5]DEBUGInfoLog[(null)]-USB读卡器初始化成功
2021-07-08 11:00:11,385[1]DEBUGInfoLog[(null)]-USB读卡器初始化成功
2021-07-08 11:00:16,913[16]DEBUGInfoLog[(null)]-开始查询网上预约信息430981199512160031
2021-07-08 11:00:16,913[16]DEBUGInfoLog[(null)]-====查询到全国预约数据，参数：====
2021-07-08 11:00:16,921[16]DEBUGInfoLog[(null)]-[]
2021-07-08 11:00:16,927[16]DEBUGInfoLog[(null)]-从身份证信息上未获取到中文姓名
2021-07-08 11:00:57,971[5]DEBUGInfoLog[(null)]-USB读卡器初始化成功
2021-07-08 11:01:08,807[1]DEBUGInfoLog[(null)]-USB读卡器初始化成功
2021-07-08 11:01:14,145[16]DEBUGInfoLog[(null)]-开始查询网上预约信息430981199512160031
2021-07-08 11:01:14,146[16]DEBUGInfoLog[(null)]-====查询到全国预约数据，参数：====
2021-07-08 11:01:14,160[16]DEBUGInfoLog[(null)]-[]
2021-07-08 11:01:14,164[16]DEBUGInfoLog[(null)]-从身份证信息上未获取到中文姓名
2021-07-08 11:01:22,272[1]DEBUGInfoLog[(null)]-USB读卡器初始化成功
2021-07-08 11:01:28,179[19]DEBUGInfoLog[(null)]-开始查询网上预约信息430981199512160031
2021-07-08 11:01:28,180[19]DEBUGInfoLog[(null)]-====查询到全国预约数据，参数：====
2021-07-08 11:01:28,181[19]DEBUGInfoLog[(null)]-[]
2021-07-08 11:01:28,182[19]DEBUGInfoLog[(null)]-从身份证信息上未获取到中文姓名
2021-07-08 13:55:30,207[3]DEBUGInfoLog[(null)]-USB读卡器初始化成功
2021-07-08 13:56:02,926[5]DEBUGInfoLog[(null)]-USB读卡器初始化成功
2021-07-08 13:56:04,308[1]DEBUGInfoLog[(null)]-USB读卡器初始化成功
2021-07-08 13:56:38,653[5]DEBUGInfoLog[(null)]-USB读卡器初始化成功
2021-07-08 13:56:40,734[1]DEBUGInfoLog[(null)]-USB读卡器初始化成功
2021-07-08 13:56:53,529[14]DEBUGInfoLog[(null)]-开始查询网上预约信息430981199512160031
2021-07-08 13:56:53,529[14]DEBUGInfoLog[(null)]-====查询到全国预约数据，参数：====
2021-07-08 13:56:53,543[14]DEBUGInfoLog[(null)]-[]
2021-07-08 13:56:59,485[1]DEBUGInfoLog[(null)]-USB读卡器初始化成功
2021-07-08 14:04:57,238[5]DEBUGInfoLog[(null)]-USB读卡器初始化成功
2021-07-08 14:04:59,257[1]DEBUGInfoLog[(null)]-USB读卡器初始化成功
2021-07-08 14:05:04,703[14]DEBUGInfoLog[(null)]-开始查询网上预约信息430981199512160031
2021-07-08 14:05:04,704[14]DEBUGInfoLog[(null)]-====查询到全国预约数据，参数：====
2021-07-08 14:05:04,722[14]DEBUGInfoLog[(null)]-[]
2021-07-08 14:05:07,169[1]DEBUGInfoLog[(null)]-USB读卡器初始化成功
2021-07-08 14:05:11,369[17]DEBUGInfoLog[(null)]-开始查询网上预约信息430981199512160031
2021-07-08 14:05:11,369[17]DEBUGInfoLog[(null)]-====查询到全国预约数据，参数：====
2021-07-08 14:05:11,369[17]DEBUGInfoLog[(null)]-[]
