2021-07-07 17:05:10,618[5]INFO InfoLog[(null)]-===================开始启动主程序【Freedom.ZHPHMachine】====================
2021-07-07 17:05:10,768[5]INFO InfoLog[(null)]-完善更新设备版本号：1.0.9.2信息：True
2021-07-07 17:05:10,789[5]INFO InfoLog[(null)]-本机IP：192.168.10.95
2021-07-07 17:05:10,806[5]INFO InfoLog[(null)]-设备id：594
2021-07-07 17:05:11,452[5]INFO InfoLog[(null)]-获取系统打印回执参数返回【成功】，参数【PHTemplatesName】的值为：
2021-07-07 17:05:11,531[5]INFO InfoLog[(null)]-【⑤号预约取号机】【QH0005】【在线中】<初始化成功>
2021-07-07 17:05:13,331[1]INFO InfoLog[(null)]-
***********************进入【首页】***********************
2021-07-07 17:05:13,338[4]INFO InfoLog[(null)]-修改设备状态【空闲中】：成功
2021-07-07 17:05:13,343[4]INFO InfoLog[(null)]-首页数据初始化：【成功】
2021-07-07 17:05:15,007[1]INFO InfoLog[(null)]-
***********************结束【首页】***********************
2021-07-07 17:05:15,323[1]INFO InfoLog[(null)]-
*********************** 进入【刷身份证】身份证识读界面*********************** 
2021-07-07 17:05:15,335[1]INFO InfoLog[(null)]-读语音文件：预约机-页面-刷身份证
2021-07-07 17:05:15,402[1]INFO InfoLog[(null)]-开始初始化身份信息：成功
2021-07-07 17:05:15,409[13]INFO InfoLog[(null)]-开始读卡：执行身份证读卡循环，方法名：ReadIDCardFun 参数：null
2021-07-07 17:05:17,434[13]INFO InfoLog[(null)]-读卡成功：【黄*亮】【1101**********0099】
2021-07-07 17:05:17,436[13]INFO InfoLog[(null)]-
*********************** 结束【刷身份证】身份证识读界面*********************** 
2021-07-07 17:05:17,436[13]INFO InfoLog[(null)]- 
*********************** 进入【身份核查】【1101**********0099 黄*亮】页面*********************** 
2021-07-07 17:05:17,504[16]INFO InfoLog[(null)]-修改设备状态【受理中】：成功
2021-07-07 17:05:17,505[16]INFO InfoLog[(null)]-
======1、开始查询平台【1101**********0099黄*亮预约信息======
2021-07-07 17:05:28,926[16]INFO InfoLog[(null)]-1101**********0099黄*亮今日存在有效预约信息条！
2021-07-07 17:05:30,782[16]INFO InfoLog[(null)]-
======1、结束查询平台【1101**********0099黄*亮预约信息======
2021-07-07 17:05:31,189[16]INFO InfoLog[(null)]-
======2、开始核查【1101**********0099】人口信息========
2021-07-07 17:05:31,722[16]INFO InfoLog[(null)]-IsConnectionDjz：True IsConnectionTj：False======
2021-07-07 17:05:36,899[16]INFO InfoLog[(null)]-开始获取【1101**********0099】人口信息
2021-07-07 17:05:42,437[16]INFO InfoLog[(null)]-查询人口库参数：{"FullName":"黄柯亮","IDCardNo":"110111199512160099","Gender":"男","Birthday":"19951216","Nation":"广东省派出所","pNational":null,"Address":"湖南益阳","ImageUrl":null,"Zjyxq":"20290501","Zjqfrq":"20090318","IsUnder16Age":false,"IsFingerPrintData":false,"FingerData":null,"Zwx":null,"Zwm":null,"Pyx":null,"Pym":null,"hkszd":null,"Tag":null}
2021-07-07 17:10:04,337[5]INFO InfoLog[(null)]-===================开始启动主程序【Freedom.ZHPHMachine】====================
2021-07-07 17:10:04,458[5]INFO InfoLog[(null)]-完善更新设备版本号：1.0.9.2信息：True
2021-07-07 17:10:04,472[5]INFO InfoLog[(null)]-本机IP：192.168.10.95
2021-07-07 17:10:04,496[5]INFO InfoLog[(null)]-设备id：594
2021-07-07 17:10:04,936[5]INFO InfoLog[(null)]-获取系统打印回执参数返回【成功】，参数【PHTemplatesName】的值为：
2021-07-07 17:10:04,971[5]INFO InfoLog[(null)]-【⑤号预约取号机】【QH0005】【在线中】<初始化成功>
2021-07-07 17:10:06,649[1]INFO InfoLog[(null)]-
***********************进入【首页】***********************
2021-07-07 17:10:06,656[4]INFO InfoLog[(null)]-修改设备状态【空闲中】：成功
2021-07-07 17:10:06,670[4]INFO InfoLog[(null)]-首页数据初始化：【成功】
2021-07-07 17:10:08,183[1]INFO InfoLog[(null)]-
***********************结束【首页】***********************
2021-07-07 17:10:08,410[1]INFO InfoLog[(null)]-
*********************** 进入【刷身份证】身份证识读界面*********************** 
2021-07-07 17:10:08,421[1]INFO InfoLog[(null)]-读语音文件：预约机-页面-刷身份证
2021-07-07 17:10:08,458[1]INFO InfoLog[(null)]-开始初始化身份信息：成功
2021-07-07 17:10:08,463[13]INFO InfoLog[(null)]-开始读卡：执行身份证读卡循环，方法名：ReadIDCardFun 参数：null
2021-07-07 17:10:10,478[13]INFO InfoLog[(null)]-读卡成功：【黄*亮】【1101**********0099】
2021-07-07 17:10:10,479[13]INFO InfoLog[(null)]-
*********************** 结束【刷身份证】身份证识读界面*********************** 
2021-07-07 17:10:10,480[13]INFO InfoLog[(null)]- 
*********************** 进入【身份核查】【1101**********0099 黄*亮】页面*********************** 
2021-07-07 17:10:10,512[17]INFO InfoLog[(null)]-修改设备状态【受理中】：成功
2021-07-07 17:10:10,513[17]INFO InfoLog[(null)]-
======1、开始查询平台【1101**********0099黄*亮预约信息======
2021-07-07 17:10:24,291[17]INFO InfoLog[(null)]-1101**********0099黄*亮今日存在有效预约信息条！
2021-07-07 17:10:24,314[17]INFO InfoLog[(null)]-
======1、结束查询平台【1101**********0099黄*亮预约信息======
2021-07-07 17:10:24,315[17]INFO InfoLog[(null)]-
======2、开始核查【1101**********0099】人口信息========
2021-07-07 17:10:24,316[17]INFO InfoLog[(null)]-IsConnectionDjz：True IsConnectionTj：False======
2021-07-07 17:10:24,320[17]INFO InfoLog[(null)]-开始获取【1101**********0099】人口信息
2021-07-07 17:10:26,723[17]INFO InfoLog[(null)]-查询人口库参数：{"FullName":"黄柯亮","IDCardNo":"110111199512160099","Gender":"男","Birthday":"19951216","Nation":"广东省派出所","pNational":null,"Address":"湖南益阳","ImageUrl":null,"Zjyxq":"20290501","Zjqfrq":"20090318","IsUnder16Age":false,"IsFingerPrintData":false,"FingerData":null,"Zwx":null,"Zwm":null,"Pyx":null,"Pym":null,"hkszd":null,"Tag":null}
