2021-07-08 10:22:47,730[5]INFO InfoLog[(null)]-===================开始启动主程序【Freedom.ZHPHMachine】====================
2021-07-08 10:22:47,865[5]INFO InfoLog[(null)]-完善更新设备版本号：1.0.9.2信息：True
2021-07-08 10:22:47,883[5]INFO InfoLog[(null)]-本机IP：192.168.10.95
2021-07-08 10:22:47,907[5]INFO InfoLog[(null)]-设备id：594
2021-07-08 10:22:48,482[5]INFO InfoLog[(null)]-获取系统打印回执参数返回【成功】，参数【PHTemplatesName】的值为：
2021-07-08 10:22:48,542[5]INFO InfoLog[(null)]-【⑤号预约取号机】【QH0005】【在线中】<初始化成功>
2021-07-08 10:22:50,767[1]INFO InfoLog[(null)]-
***********************进入【首页】***********************
2021-07-08 10:22:50,778[6]INFO InfoLog[(null)]-修改设备状态【空闲中】：成功
2021-07-08 10:22:50,787[6]INFO InfoLog[(null)]-首页数据初始化：【成功】
2021-07-08 10:22:52,282[1]INFO InfoLog[(null)]-
***********************结束【首页】***********************
2021-07-08 10:22:52,629[1]INFO InfoLog[(null)]-
*********************** 进入【刷身份证】身份证识读界面*********************** 
2021-07-08 10:22:52,638[1]INFO InfoLog[(null)]-读语音文件：预约机-页面-刷身份证
2021-07-08 10:22:52,677[1]INFO InfoLog[(null)]-开始初始化身份信息：成功
2021-07-08 10:22:52,684[14]INFO InfoLog[(null)]-开始读卡：执行身份证读卡循环，方法名：ReadIDCardFun 参数：null
2021-07-08 10:22:54,715[14]INFO InfoLog[(null)]-读卡成功：【黄*亮】【1101**********0099】
2021-07-08 10:22:54,717[14]INFO InfoLog[(null)]-
*********************** 结束【刷身份证】身份证识读界面*********************** 
2021-07-08 10:22:54,717[14]INFO InfoLog[(null)]- 
*********************** 进入【身份核查】【1101**********0099 黄*亮】页面*********************** 
2021-07-08 10:22:54,752[1]INFO InfoLog[(null)]-
***********************进入【首页】***********************
2021-07-08 10:22:54,754[6]INFO InfoLog[(null)]-修改设备状态【空闲中】：成功
2021-07-08 10:22:54,763[6]INFO InfoLog[(null)]-首页数据初始化：【成功】
2021-07-08 10:22:54,788[16]INFO InfoLog[(null)]-修改设备状态【受理中】：成功
2021-07-08 10:22:54,788[16]INFO InfoLog[(null)]-
======1、开始查询平台【1101**********0099黄*亮预约信息======
2021-07-08 10:22:59,395[16]INFO InfoLog[(null)]-1101**********0099黄*亮今日存在有效预约信息条！
2021-07-08 10:22:59,395[16]INFO InfoLog[(null)]-
======1、结束查询平台【1101**********0099黄*亮预约信息======
2021-07-08 10:22:59,396[16]INFO InfoLog[(null)]-
======2、开始核查【1101**********0099】人口信息========
2021-07-08 10:22:59,396[16]INFO InfoLog[(null)]-IsConnectionDjz：True IsConnectionTj：False======
2021-07-08 10:22:59,401[16]INFO InfoLog[(null)]-开始获取【1101**********0099】人口信息
2021-07-08 10:23:01,011[16]INFO InfoLog[(null)]-查询人口库参数：{"FullName":"黄柯亮","IDCardNo":"110111199512160099","Gender":"男","Birthday":"19951216","Nation":"广东省派出所","pNational":null,"Address":"湖南益阳","ImageUrl":null,"Zjyxq":"20290501","Zjqfrq":"20090318","IsUnder16Age":false,"IsFingerPrintData":false,"FingerData":null,"Zwx":null,"Zwm":null,"Pyx":null,"Pym":null,"hkszd":null,"Tag":null}
2021-07-08 10:50:52,071[5]INFO InfoLog[(null)]-===================开始启动主程序【Freedom.ZHPHMachine】====================
2021-07-08 10:50:52,129[5]INFO InfoLog[(null)]-完善更新设备版本号：1.0.9.2信息：True
2021-07-08 10:50:52,142[5]INFO InfoLog[(null)]-本机IP：192.168.10.95
2021-07-08 10:50:52,161[5]INFO InfoLog[(null)]-设备id：594
2021-07-08 10:50:52,570[5]INFO InfoLog[(null)]-获取系统打印回执参数返回【成功】，参数【PHTemplatesName】的值为：
2021-07-08 10:50:52,600[5]INFO InfoLog[(null)]-【⑤号预约取号机】【QH0005】【在线中】<初始化成功>
2021-07-08 10:50:53,523[1]INFO InfoLog[(null)]-
***********************进入【首页】***********************
2021-07-08 10:50:53,527[4]INFO InfoLog[(null)]-修改设备状态【空闲中】：成功
2021-07-08 10:50:53,534[4]INFO InfoLog[(null)]-首页数据初始化：【成功】
2021-07-08 10:50:55,596[1]INFO InfoLog[(null)]-
***********************结束【首页】***********************
2021-07-08 10:50:55,744[1]INFO InfoLog[(null)]-
*********************** 进入【刷身份证】身份证识读界面*********************** 
2021-07-08 10:50:55,749[1]INFO InfoLog[(null)]-读语音文件：预约机-页面-刷身份证
2021-07-08 10:50:55,780[1]INFO InfoLog[(null)]-开始初始化身份信息：成功
2021-07-08 10:50:55,787[13]INFO InfoLog[(null)]-开始读卡：执行身份证读卡循环，方法名：ReadIDCardFun 参数：null
2021-07-08 10:51:00,571[1]INFO InfoLog[(null)]-
***********************进入【首页】***********************
2021-07-08 10:51:00,573[3]INFO InfoLog[(null)]-修改设备状态【空闲中】：成功
2021-07-08 10:51:00,587[3]INFO InfoLog[(null)]-首页数据初始化：【成功】
2021-07-08 10:51:01,796[1]INFO InfoLog[(null)]-
***********************结束【首页】***********************
2021-07-08 10:51:01,943[1]INFO InfoLog[(null)]-
*********************** 进入【刷身份证】身份证识读界面*********************** 
2021-07-08 10:51:01,944[1]INFO InfoLog[(null)]-读语音文件：预约机-页面-刷身份证
2021-07-08 10:51:01,967[1]INFO InfoLog[(null)]-开始初始化身份信息：成功
2021-07-08 10:51:01,973[17]INFO InfoLog[(null)]-开始读卡：执行身份证读卡循环，方法名：ReadIDCardFun 参数：null
2021-07-08 10:51:09,556[1]INFO InfoLog[(null)]-手输身份证，IsNext为true，关闭读卡器
2021-07-08 10:51:09,563[1]INFO InfoLog[(null)]-
*********************** 结束【刷身份证】身份证识读界面*********************** 
2021-07-08 10:51:09,564[1]INFO InfoLog[(null)]- 
*********************** 进入【身份核查】【4309**********0031 】页面*********************** 
2021-07-08 10:51:09,584[18]INFO InfoLog[(null)]-修改设备状态【受理中】：成功
2021-07-08 10:51:09,584[18]INFO InfoLog[(null)]-
======1、开始查询平台【4309**********0031预约信息======
2021-07-08 10:51:13,218[18]INFO InfoLog[(null)]-4309**********0031今日存在有效预约信息条！
2021-07-08 10:51:13,219[18]INFO InfoLog[(null)]-
======1、结束查询平台【4309**********0031预约信息======
2021-07-08 10:51:13,219[18]INFO InfoLog[(null)]-
======2、开始核查【4309**********0031】人口信息========
2021-07-08 10:51:13,220[18]INFO InfoLog[(null)]-IsConnectionDjz：True IsConnectionTj：False======
2021-07-08 10:51:13,223[18]INFO InfoLog[(null)]-开始获取【4309**********0031】人口信息
2021-07-08 10:51:14,272[18]INFO InfoLog[(null)]-查询人口库参数：{"FullName":null,"IDCardNo":"430981199512160031","Gender":null,"Birthday":null,"Nation":null,"pNational":null,"Address":null,"ImageUrl":null,"Zjyxq":null,"Zjqfrq":null,"IsUnder16Age":false,"IsFingerPrintData":false,"FingerData":null,"Zwx":null,"Zwm":null,"Pyx":null,"Pym":null,"hkszd":null,"Tag":null}
2021-07-08 10:51:44,918[5]INFO InfoLog[(null)]-===================开始启动主程序【Freedom.ZHPHMachine】====================
2021-07-08 10:51:45,040[5]INFO InfoLog[(null)]-完善更新设备版本号：1.0.9.2信息：True
2021-07-08 10:51:45,051[5]INFO InfoLog[(null)]-本机IP：192.168.10.95
2021-07-08 10:51:45,065[5]INFO InfoLog[(null)]-设备id：594
2021-07-08 10:51:45,402[5]INFO InfoLog[(null)]-获取系统打印回执参数返回【成功】，参数【PHTemplatesName】的值为：
2021-07-08 10:51:45,443[5]INFO InfoLog[(null)]-【⑤号预约取号机】【QH0005】【在线中】<初始化成功>
2021-07-08 10:51:46,369[1]INFO InfoLog[(null)]-
***********************进入【首页】***********************
2021-07-08 10:51:46,372[3]INFO InfoLog[(null)]-修改设备状态【空闲中】：成功
2021-07-08 10:51:46,379[3]INFO InfoLog[(null)]-首页数据初始化：【成功】
2021-07-08 10:51:47,485[1]INFO InfoLog[(null)]-
***********************结束【首页】***********************
2021-07-08 10:51:47,644[1]INFO InfoLog[(null)]-
*********************** 进入【刷身份证】身份证识读界面*********************** 
2021-07-08 10:51:47,651[1]INFO InfoLog[(null)]-读语音文件：预约机-页面-刷身份证
2021-07-08 10:51:47,678[1]INFO InfoLog[(null)]-开始初始化身份信息：成功
2021-07-08 10:51:47,683[13]INFO InfoLog[(null)]-开始读卡：执行身份证读卡循环，方法名：ReadIDCardFun 参数：null
2021-07-08 10:51:53,626[1]INFO InfoLog[(null)]-手输身份证，IsNext为true，关闭读卡器
2021-07-08 10:51:53,654[1]INFO InfoLog[(null)]-
*********************** 结束【刷身份证】身份证识读界面*********************** 
2021-07-08 10:51:53,654[1]INFO InfoLog[(null)]- 
*********************** 进入【身份核查】【4309**********0031 】页面*********************** 
2021-07-08 10:51:53,674[16]INFO InfoLog[(null)]-修改设备状态【受理中】：成功
2021-07-08 10:51:53,675[16]INFO InfoLog[(null)]-
======1、开始查询平台【4309**********0031预约信息======
2021-07-08 10:51:55,124[16]INFO InfoLog[(null)]-4309**********0031今日存在有效预约信息条！
2021-07-08 10:51:55,125[16]INFO InfoLog[(null)]-
======1、结束查询平台【4309**********0031预约信息======
2021-07-08 10:51:55,126[16]INFO InfoLog[(null)]-
======2、开始核查【4309**********0031】人口信息========
2021-07-08 10:51:55,126[16]INFO InfoLog[(null)]-IsConnectionDjz：False IsConnectionTj：False======
2021-07-08 10:51:55,131[16]INFO InfoLog[(null)]-
======2、结束核查【4309**********0031】人口信息========
2021-07-08 10:51:55,136[16]INFO InfoLog[(null)]-计算出年龄为：25
2021-07-08 10:51:55,136[16]INFO InfoLog[(null)]-
======3、开始获取 【4309**********0031】的制证照片======
2021-07-08 10:51:55,139[16]INFO InfoLog[(null)]-查询制证照片接口返回：为空！
2021-07-08 10:51:55,144[16]INFO InfoLog[(null)]-
======3、结束获取 【4309**********0031】的制证照片======
2021-07-08 10:51:55,145[16]INFO InfoLog[(null)]-读语音文件：预约机-提示-重新预约
2021-07-08 10:51:55,181[16]INFO InfoLog[(null)]-您已预约 办理业务
2021-07-08 10:51:55,182[16]INFO InfoLog[(null)]-======您已预约 办理业务======
2021-07-08 10:51:55,245[16]INFO InfoLog[(null)]-您已预约 办理业务,若您需要重新预约办理新业务,请点击【重新预约】按钮，上一次的预约办理业务将自动失效,若有疑问请咨询现场工作人员。
2021-07-08 10:51:55,366[1]INFO InfoLog[(null)]-
*********************** 进入【选择预约时间】页面***********************
2021-07-08 10:51:55,674[1]INFO InfoLog[(null)]-检测网络连接正常
2021-07-08 10:51:58,361[1]INFO InfoLog[(null)]-读语音文件：预约机-页面-完善预约时间
2021-07-08 10:51:58,389[1]INFO InfoLog[(null)]-开始查询【2021/7/8 0:00:00】预约指标
2021-07-08 10:51:58,401[1]INFO InfoLog[(null)]-预约时间段查询总数为：1
2021-07-08 10:51:58,401[1]INFO InfoLog[(null)]-流程简化，默认填写预约时间段开始：
2021-07-08 10:51:58,405[1]INFO InfoLog[(null)]-预约时间：20191008-08:00-21:00
2021-07-08 10:51:58,450[1]INFO InfoLog[(null)]-结束查询【2021/7/8 0:00:00】预约指标
2021-07-08 10:51:58,450[1]INFO InfoLog[(null)]-
*********************** 结束【选择预约时间】页面***********************
2021-07-08 10:51:58,457[16]INFO InfoLog[(null)]- 
***********************结束【身份核查】【4309**********0031】页面***********************
2021-07-08 10:51:58,536[1]INFO InfoLog[(null)]-=====进入填写基础信息界面=====
2021-07-08 10:51:58,743[1]INFO InfoLog[(null)]-存在预约信息，前往判断取号模式
2021-07-08 10:51:58,746[1]INFO InfoLog[(null)]-取号模式：直接取号
2021-07-08 10:51:58,765[1]INFO InfoLog[(null)]-直接取号模式跳过基本信息填写
2021-07-08 10:51:58,769[1]INFO InfoLog[(null)]-系统查询到选择护照类，区域参数isVALIDXCYY修改为1
2021-07-08 10:51:58,770[1]INFO InfoLog[(null)]-办证类型:护照、港澳、赴台
2021-07-08 10:51:58,770[1]INFO InfoLog[(null)]-=====离开填写基础信息页面=====
2021-07-08 10:51:58,770[1]INFO InfoLog[(null)]-下一步：进入选择证件类型界面
2021-07-08 10:51:58,852[1]INFO InfoLog[(null)]-
**********************************进入【扫描相片回执】界面**********************************
2021-07-08 10:51:58,852[1]INFO InfoLog[(null)]-进入扫描回执界面
2021-07-08 10:51:58,853[1]INFO InfoLog[(null)]-读语音文件：扫描相片回执
2021-07-08 10:51:58,889[1]INFO InfoLog[(null)]-开始打开扫描枪扫描回执编码
2021-07-08 10:51:58,889[1]INFO InfoLog[(null)]-打开扫描枪【成功】
2021-07-08 10:51:58,894[1]INFO InfoLog[(null)]-结束打开扫描枪扫描回执编码
2021-07-08 10:52:05,855[1]INFO InfoLog[(null)]-
*********************** 进入【刷身份证】身份证识读界面*********************** 
2021-07-08 10:52:05,856[1]INFO InfoLog[(null)]-读语音文件：预约机-页面-刷身份证
2021-07-08 10:52:05,871[1]INFO InfoLog[(null)]-开始初始化身份信息：成功
2021-07-08 10:52:05,875[21]INFO InfoLog[(null)]-开始读卡：执行身份证读卡循环，方法名：ReadIDCardFun 参数：null
2021-07-08 10:52:08,129[1]INFO InfoLog[(null)]-
***********************进入【首页】***********************
2021-07-08 10:52:08,130[14]INFO InfoLog[(null)]-修改设备状态【空闲中】：成功
2021-07-08 10:52:08,135[14]INFO InfoLog[(null)]-首页数据初始化：【成功】
2021-07-08 10:54:11,352[5]INFO InfoLog[(null)]-===================开始启动主程序【Freedom.ZHPHMachine】====================
2021-07-08 10:54:11,418[5]INFO InfoLog[(null)]-完善更新设备版本号：1.0.9.2信息：True
2021-07-08 10:54:11,430[5]INFO InfoLog[(null)]-本机IP：192.168.10.95
2021-07-08 10:54:11,441[5]INFO InfoLog[(null)]-设备id：594
2021-07-08 10:54:11,803[5]INFO InfoLog[(null)]-获取系统打印回执参数返回【成功】，参数【PHTemplatesName】的值为：
2021-07-08 10:54:11,825[5]INFO InfoLog[(null)]-【⑤号预约取号机】【QH0005】【在线中】<初始化成功>
2021-07-08 10:54:12,727[1]INFO InfoLog[(null)]-
***********************进入【首页】***********************
2021-07-08 10:54:12,733[4]INFO InfoLog[(null)]-修改设备状态【空闲中】：成功
2021-07-08 10:54:12,740[4]INFO InfoLog[(null)]-首页数据初始化：【成功】
2021-07-08 10:54:15,268[1]INFO InfoLog[(null)]-
***********************结束【首页】***********************
2021-07-08 10:54:15,424[1]INFO InfoLog[(null)]-
*********************** 进入【刷身份证】身份证识读界面*********************** 
2021-07-08 10:54:15,429[1]INFO InfoLog[(null)]-读语音文件：预约机-页面-刷身份证
2021-07-08 10:54:15,459[1]INFO InfoLog[(null)]-开始初始化身份信息：成功
2021-07-08 10:54:15,468[13]INFO InfoLog[(null)]-开始读卡：执行身份证读卡循环，方法名：ReadIDCardFun 参数：null
2021-07-08 10:54:24,568[1]INFO InfoLog[(null)]-手输身份证，IsNext为true，关闭读卡器
2021-07-08 10:54:24,638[13]INFO InfoLog[(null)]-身份证认证异常 外部组件发生异常。
2021-07-08 10:54:24,640[1]INFO InfoLog[(null)]-
*********************** 结束【刷身份证】身份证识读界面*********************** 
2021-07-08 10:54:24,641[1]INFO InfoLog[(null)]- 
*********************** 进入【身份核查】【4309**********0031 】页面*********************** 
2021-07-08 10:54:24,658[16]INFO InfoLog[(null)]-修改设备状态【受理中】：成功
2021-07-08 10:54:24,659[16]INFO InfoLog[(null)]-
======1、开始查询平台【4309**********0031预约信息======
2021-07-08 10:54:34,922[16]INFO InfoLog[(null)]-4309**********0031今日未查询到预约信息!
2021-07-08 10:54:36,612[16]INFO InfoLog[(null)]-============开始查询全国预约信息===============
2021-07-08 10:55:44,900[5]INFO InfoLog[(null)]-===================开始启动主程序【Freedom.ZHPHMachine】====================
2021-07-08 10:55:45,034[5]INFO InfoLog[(null)]-完善更新设备版本号：1.0.9.2信息：True
2021-07-08 10:55:45,058[5]INFO InfoLog[(null)]-本机IP：192.168.10.95
2021-07-08 10:55:45,079[5]INFO InfoLog[(null)]-设备id：594
2021-07-08 10:55:45,641[5]INFO InfoLog[(null)]-获取系统打印回执参数返回【成功】，参数【PHTemplatesName】的值为：
2021-07-08 10:55:45,699[5]INFO InfoLog[(null)]-【⑤号预约取号机】【QH0005】【在线中】<初始化成功>
2021-07-08 10:55:47,312[1]INFO InfoLog[(null)]-
***********************进入【首页】***********************
2021-07-08 10:55:47,318[3]INFO InfoLog[(null)]-修改设备状态【空闲中】：成功
2021-07-08 10:55:47,329[3]INFO InfoLog[(null)]-首页数据初始化：【成功】
2021-07-08 10:55:48,888[1]INFO InfoLog[(null)]-
***********************结束【首页】***********************
2021-07-08 10:55:49,073[1]INFO InfoLog[(null)]-
*********************** 进入【刷身份证】身份证识读界面*********************** 
2021-07-08 10:55:49,079[1]INFO InfoLog[(null)]-读语音文件：预约机-页面-刷身份证
2021-07-08 10:55:49,137[1]INFO InfoLog[(null)]-开始初始化身份信息：成功
2021-07-08 10:55:49,143[13]INFO InfoLog[(null)]-开始读卡：执行身份证读卡循环，方法名：ReadIDCardFun 参数：null
2021-07-08 10:55:52,960[1]INFO InfoLog[(null)]-手输身份证，IsNext为true，关闭读卡器
2021-07-08 10:55:53,064[13]INFO InfoLog[(null)]-身份证认证异常 外部组件发生异常。
2021-07-08 10:55:53,065[1]INFO InfoLog[(null)]-
*********************** 结束【刷身份证】身份证识读界面*********************** 
2021-07-08 10:55:53,066[1]INFO InfoLog[(null)]- 
*********************** 进入【身份核查】【4309**********0031 】页面*********************** 
2021-07-08 10:55:53,097[16]INFO InfoLog[(null)]-修改设备状态【受理中】：成功
2021-07-08 10:55:53,098[16]INFO InfoLog[(null)]-
======1、开始查询平台【4309**********0031预约信息======
2021-07-08 10:55:56,536[16]INFO InfoLog[(null)]-4309**********0031今日未查询到预约信息!
2021-07-08 10:55:56,538[16]INFO InfoLog[(null)]-============开始查询全国预约信息===============
2021-07-08 10:55:56,567[16]INFO InfoLog[(null)]-4309**********0031全国库找不到您今日的有效预约数据！
2021-07-08 10:55:56,568[16]INFO InfoLog[(null)]-
======1、结束查询平台【4309**********0031预约信息======
2021-07-08 10:55:56,568[16]INFO InfoLog[(null)]-
======2、开始核查【4309**********0031】人口信息========
2021-07-08 10:55:56,568[16]INFO InfoLog[(null)]-IsConnectionDjz：False IsConnectionTj：False======
2021-07-08 10:55:56,570[16]INFO InfoLog[(null)]-
======2、结束核查【4309**********0031】人口信息========
2021-07-08 10:55:56,573[16]INFO InfoLog[(null)]-计算出年龄为：25
2021-07-08 10:55:56,575[16]INFO InfoLog[(null)]-
======3、开始获取 【4309**********0031】的制证照片======
2021-07-08 10:55:56,578[16]INFO InfoLog[(null)]-查询制证照片接口返回：为空！
2021-07-08 10:55:56,578[16]INFO InfoLog[(null)]-
======3、结束获取 【4309**********0031】的制证照片======
2021-07-08 10:55:56,633[16]INFO InfoLog[(null)]- 
***********************结束【身份核查】【4309**********0031】页面***********************
2021-07-08 10:55:56,749[1]INFO InfoLog[(null)]-
*********************** 进入【选择预约时间】页面***********************
2021-07-08 10:55:57,102[1]INFO InfoLog[(null)]-检测网络连接正常
2021-07-08 10:55:58,654[1]INFO InfoLog[(null)]-读语音文件：预约机-页面-完善预约时间
2021-07-08 10:55:58,666[1]INFO InfoLog[(null)]-开始查询【2021/7/8 0:00:00】预约指标
2021-07-08 10:55:58,675[1]INFO InfoLog[(null)]-预约时间段查询总数为：1
2021-07-08 10:55:58,676[1]INFO InfoLog[(null)]-流程简化，默认填写预约时间段开始：
2021-07-08 10:55:58,679[1]INFO InfoLog[(null)]-预约时间：20191008-08:00-21:00
2021-07-08 10:55:58,737[1]INFO InfoLog[(null)]-结束查询【2021/7/8 0:00:00】预约指标
2021-07-08 10:55:58,738[1]INFO InfoLog[(null)]-
*********************** 结束【选择预约时间】页面***********************
2021-07-08 10:55:58,850[1]INFO InfoLog[(null)]-=====进入填写基础信息界面=====
2021-07-08 10:55:59,125[1]INFO InfoLog[(null)]-无预约信息，前往查询历史申请信息
2021-07-08 10:55:59,141[3]INFO InfoLog[(null)]------结束查询历史申请信息-----
2021-07-08 10:55:59,144[3]INFO InfoLog[(null)]-取号模式：直接取号
2021-07-08 10:55:59,150[3]INFO InfoLog[(null)]-直接取号模式跳过基本信息填写
2021-07-08 11:00:08,537[5]INFO InfoLog[(null)]-===================开始启动主程序【Freedom.ZHPHMachine】====================
2021-07-08 11:00:08,638[5]INFO InfoLog[(null)]-完善更新设备版本号：1.0.9.2信息：True
2021-07-08 11:00:08,657[5]INFO InfoLog[(null)]-本机IP：192.168.10.95
2021-07-08 11:00:08,695[5]INFO InfoLog[(null)]-设备id：594
2021-07-08 11:00:09,090[5]INFO InfoLog[(null)]-获取系统打印回执参数返回【成功】，参数【PHTemplatesName】的值为：
2021-07-08 11:00:09,120[5]INFO InfoLog[(null)]-【⑤号预约取号机】【QH0005】【在线中】<初始化成功>
2021-07-08 11:00:10,129[1]INFO InfoLog[(null)]-
***********************进入【首页】***********************
2021-07-08 11:00:10,133[4]INFO InfoLog[(null)]-修改设备状态【空闲中】：成功
2021-07-08 11:00:10,138[4]INFO InfoLog[(null)]-首页数据初始化：【成功】
2021-07-08 11:00:11,177[1]INFO InfoLog[(null)]-
***********************结束【首页】***********************
2021-07-08 11:00:11,356[1]INFO InfoLog[(null)]-
*********************** 进入【刷身份证】身份证识读界面*********************** 
2021-07-08 11:00:11,360[1]INFO InfoLog[(null)]-读语音文件：预约机-页面-刷身份证
2021-07-08 11:00:11,386[1]INFO InfoLog[(null)]-开始初始化身份信息：成功
2021-07-08 11:00:11,392[13]INFO InfoLog[(null)]-开始读卡：执行身份证读卡循环，方法名：ReadIDCardFun 参数：null
2021-07-08 11:00:14,749[1]INFO InfoLog[(null)]-手输身份证，IsNext为true，关闭读卡器
2021-07-08 11:00:14,805[13]INFO InfoLog[(null)]-身份证认证异常 外部组件发生异常。
2021-07-08 11:00:14,807[1]INFO InfoLog[(null)]-
*********************** 结束【刷身份证】身份证识读界面*********************** 
2021-07-08 11:00:14,808[1]INFO InfoLog[(null)]- 
*********************** 进入【身份核查】【4309**********0031 】页面*********************** 
2021-07-08 11:00:14,834[16]INFO InfoLog[(null)]-修改设备状态【受理中】：成功
2021-07-08 11:00:14,835[16]INFO InfoLog[(null)]-
======1、开始查询平台【4309**********0031预约信息======
2021-07-08 11:00:16,865[16]INFO InfoLog[(null)]-4309**********0031今日未查询到预约信息!
2021-07-08 11:00:16,867[16]INFO InfoLog[(null)]-============开始查询全国预约信息===============
2021-07-08 11:00:16,921[16]INFO InfoLog[(null)]-4309**********0031全国库找不到您今日的有效预约数据！
2021-07-08 11:00:16,922[16]INFO InfoLog[(null)]-
======1、结束查询平台【4309**********0031预约信息======
2021-07-08 11:00:16,922[16]INFO InfoLog[(null)]-
======2、开始核查【4309**********0031】人口信息========
2021-07-08 11:00:16,923[16]INFO InfoLog[(null)]-IsConnectionDjz：False IsConnectionTj：False======
2021-07-08 11:00:16,928[16]INFO InfoLog[(null)]-
======2、结束核查【4309**********0031】人口信息========
2021-07-08 11:00:16,931[16]INFO InfoLog[(null)]-计算出年龄为：25
2021-07-08 11:00:16,932[16]INFO InfoLog[(null)]-
======3、开始获取 【4309**********0031】的制证照片======
2021-07-08 11:00:16,934[16]INFO InfoLog[(null)]-查询制证照片接口返回：为空！
2021-07-08 11:00:16,934[16]INFO InfoLog[(null)]-
======3、结束获取 【4309**********0031】的制证照片======
2021-07-08 11:00:57,640[5]INFO InfoLog[(null)]-===================开始启动主程序【Freedom.ZHPHMachine】====================
2021-07-08 11:00:57,716[5]INFO InfoLog[(null)]-完善更新设备版本号：1.0.9.2信息：True
2021-07-08 11:00:57,730[5]INFO InfoLog[(null)]-本机IP：192.168.10.95
2021-07-08 11:00:57,747[5]INFO InfoLog[(null)]-设备id：594
2021-07-08 11:00:58,191[5]INFO InfoLog[(null)]-获取系统打印回执参数返回【成功】，参数【PHTemplatesName】的值为：
2021-07-08 11:00:58,215[5]INFO InfoLog[(null)]-【⑤号预约取号机】【QH0005】【在线中】<初始化成功>
2021-07-08 11:00:59,138[1]INFO InfoLog[(null)]-
***********************进入【首页】***********************
2021-07-08 11:00:59,142[4]INFO InfoLog[(null)]-修改设备状态【空闲中】：成功
2021-07-08 11:00:59,148[4]INFO InfoLog[(null)]-首页数据初始化：【成功】
2021-07-08 11:01:08,648[1]INFO InfoLog[(null)]-
***********************结束【首页】***********************
2021-07-08 11:01:08,778[1]INFO InfoLog[(null)]-
*********************** 进入【刷身份证】身份证识读界面*********************** 
2021-07-08 11:01:08,783[1]INFO InfoLog[(null)]-读语音文件：预约机-页面-刷身份证
2021-07-08 11:01:08,807[1]INFO InfoLog[(null)]-开始初始化身份信息：成功
2021-07-08 11:01:08,811[13]INFO InfoLog[(null)]-开始读卡：执行身份证读卡循环，方法名：ReadIDCardFun 参数：null
2021-07-08 11:01:12,322[1]INFO InfoLog[(null)]-手输身份证，IsNext为true，关闭读卡器
2021-07-08 11:01:12,399[13]INFO InfoLog[(null)]-身份证认证异常 外部组件发生异常。
2021-07-08 11:01:12,402[1]INFO InfoLog[(null)]-
*********************** 结束【刷身份证】身份证识读界面*********************** 
2021-07-08 11:01:12,403[1]INFO InfoLog[(null)]- 
*********************** 进入【身份核查】【4309**********0031 】页面*********************** 
2021-07-08 11:01:12,426[16]INFO InfoLog[(null)]-修改设备状态【受理中】：成功
2021-07-08 11:01:12,426[16]INFO InfoLog[(null)]-
======1、开始查询平台【4309**********0031预约信息======
2021-07-08 11:01:14,134[16]INFO InfoLog[(null)]-4309**********0031今日未查询到预约信息!
2021-07-08 11:01:14,136[16]INFO InfoLog[(null)]-============开始查询全国预约信息===============
2021-07-08 11:01:14,160[16]INFO InfoLog[(null)]-4309**********0031全国库找不到您今日的有效预约数据！
2021-07-08 11:01:14,161[16]INFO InfoLog[(null)]-
======1、结束查询平台【4309**********0031预约信息======
2021-07-08 11:01:14,161[16]INFO InfoLog[(null)]-
======2、开始核查【4309**********0031】人口信息========
2021-07-08 11:01:14,162[16]INFO InfoLog[(null)]-IsConnectionDjz：False IsConnectionTj：False======
2021-07-08 11:01:14,167[16]INFO InfoLog[(null)]-
======2、结束核查【4309**********0031】人口信息========
2021-07-08 11:01:14,171[16]INFO InfoLog[(null)]-计算出年龄为：25
2021-07-08 11:01:14,172[16]INFO InfoLog[(null)]-
======3、开始获取 【4309**********0031】的制证照片======
2021-07-08 11:01:14,175[16]INFO InfoLog[(null)]-查询制证照片接口返回：为空！
2021-07-08 11:01:14,176[16]INFO InfoLog[(null)]-
======3、结束获取 【4309**********0031】的制证照片======
2021-07-08 11:01:17,761[16]INFO InfoLog[(null)]-找不到您今日的有效预约数据，请您再次核对，若有疑问，请移步人工窗口咨询！如需现场预约请点击【前往】按钮。
2021-07-08 11:01:17,767[16]INFO InfoLog[(null)]-读语音文件：预约机-提示-现场预约
2021-07-08 11:01:17,800[16]INFO InfoLog[(null)]- 
***********************结束【身份核查】【4309**********0031】页面***********************
2021-07-08 11:01:20,917[1]INFO InfoLog[(null)]-点击【返回】按钮，进入主页面
2021-07-08 11:01:21,241[1]INFO InfoLog[(null)]-
***********************进入【首页】***********************
2021-07-08 11:01:21,243[4]INFO InfoLog[(null)]-修改设备状态【空闲中】：成功
2021-07-08 11:01:21,245[4]INFO InfoLog[(null)]-首页数据初始化：【成功】
2021-07-08 11:01:22,145[1]INFO InfoLog[(null)]-
***********************结束【首页】***********************
2021-07-08 11:01:22,253[1]INFO InfoLog[(null)]-
*********************** 进入【刷身份证】身份证识读界面*********************** 
2021-07-08 11:01:22,253[1]INFO InfoLog[(null)]-读语音文件：预约机-页面-刷身份证
2021-07-08 11:01:22,273[1]INFO InfoLog[(null)]-开始初始化身份信息：成功
2021-07-08 11:01:22,278[18]INFO InfoLog[(null)]-开始读卡：执行身份证读卡循环，方法名：ReadIDCardFun 参数：null
2021-07-08 11:01:27,021[1]INFO InfoLog[(null)]-手输身份证，IsNext为true，关闭读卡器
2021-07-08 11:01:27,079[1]INFO InfoLog[(null)]-
*********************** 结束【刷身份证】身份证识读界面*********************** 
2021-07-08 11:01:27,079[18]INFO InfoLog[(null)]-身份证认证异常 外部组件发生异常。
2021-07-08 11:01:27,080[1]INFO InfoLog[(null)]- 
*********************** 进入【身份核查】【4309**********0031 】页面*********************** 
2021-07-08 11:01:27,083[19]INFO InfoLog[(null)]-修改设备状态【受理中】：成功
2021-07-08 11:01:27,083[19]INFO InfoLog[(null)]-
======1、开始查询平台【4309**********0031预约信息======
2021-07-08 11:01:28,173[19]INFO InfoLog[(null)]-4309**********0031今日未查询到预约信息!
2021-07-08 11:01:28,179[19]INFO InfoLog[(null)]-============开始查询全国预约信息===============
2021-07-08 11:01:28,181[19]INFO InfoLog[(null)]-4309**********0031全国库找不到您今日的有效预约数据！
2021-07-08 11:01:28,181[19]INFO InfoLog[(null)]-
======1、结束查询平台【4309**********0031预约信息======
2021-07-08 11:01:28,182[19]INFO InfoLog[(null)]-
======2、开始核查【4309**********0031】人口信息========
2021-07-08 11:01:28,182[19]INFO InfoLog[(null)]-IsConnectionDjz：False IsConnectionTj：False======
2021-07-08 11:01:28,183[19]INFO InfoLog[(null)]-
======2、结束核查【4309**********0031】人口信息========
2021-07-08 11:01:28,183[19]INFO InfoLog[(null)]-计算出年龄为：25
2021-07-08 11:01:28,185[19]INFO InfoLog[(null)]-
======3、开始获取 【4309**********0031】的制证照片======
2021-07-08 11:01:28,187[19]INFO InfoLog[(null)]-查询制证照片接口返回：为空！
2021-07-08 11:01:28,187[19]INFO InfoLog[(null)]-
======3、结束获取 【4309**********0031】的制证照片======
2021-07-08 11:01:29,689[19]INFO InfoLog[(null)]-找不到您今日的有效预约数据，请您再次核对，若有疑问，请移步人工窗口咨询！如需现场预约请点击【前往】按钮。
2021-07-08 11:01:29,692[19]INFO InfoLog[(null)]-读语音文件：预约机-提示-现场预约
2021-07-08 11:01:29,715[19]INFO InfoLog[(null)]- 
***********************结束【身份核查】【4309**********0031】页面***********************
2021-07-08 11:01:32,249[1]INFO InfoLog[(null)]-点击【前往】按钮，进入选择预约时间页面
2021-07-08 11:01:32,365[1]INFO InfoLog[(null)]-
*********************** 进入【选择预约时间】页面***********************
2021-07-08 11:01:32,551[1]INFO InfoLog[(null)]-检测网络连接正常
2021-07-08 11:01:34,441[1]INFO InfoLog[(null)]-读语音文件：预约机-页面-完善预约时间
2021-07-08 11:01:34,462[1]INFO InfoLog[(null)]-开始查询【2021/7/8 0:00:00】预约指标
2021-07-08 11:01:34,470[1]INFO InfoLog[(null)]-预约时间段查询总数为：1
2021-07-08 11:01:34,471[1]INFO InfoLog[(null)]-流程简化，默认填写预约时间段开始：
2021-07-08 11:01:34,474[1]INFO InfoLog[(null)]-预约时间：20191008-08:00-21:00
2021-07-08 11:01:34,512[1]INFO InfoLog[(null)]-结束查询【2021/7/8 0:00:00】预约指标
2021-07-08 11:01:34,513[1]INFO InfoLog[(null)]-
*********************** 结束【选择预约时间】页面***********************
2021-07-08 11:01:34,583[1]INFO InfoLog[(null)]-=====进入填写基础信息界面=====
2021-07-08 11:01:34,770[1]INFO InfoLog[(null)]-无预约信息，前往查询历史申请信息
2021-07-08 11:01:34,776[3]INFO InfoLog[(null)]------结束查询历史申请信息-----
2021-07-08 11:01:34,780[3]INFO InfoLog[(null)]-取号模式：现场预约+取号
2021-07-08 11:01:36,391[1]INFO InfoLog[(null)]-当前时间：20210708证件有效期至：20240618
2021-07-08 11:01:36,775[1]INFO InfoLog[(null)]-当前时间：20210708证件有效期至：20240618
2021-07-08 11:01:36,775[1]INFO InfoLog[(null)]-当前时间：20210708证件有效期至：20231220
2021-07-08 11:01:37,994[1]INFO InfoLog[(null)]-办证类型:港澳、赴台
2021-07-08 11:01:37,995[1]INFO InfoLog[(null)]-=====离开填写基础信息页面=====
2021-07-08 11:01:37,995[1]INFO InfoLog[(null)]-下一步：进入选择证件类型界面
2021-07-08 11:01:38,103[1]INFO InfoLog[(null)]-
**********************************进入【扫描相片回执】界面**********************************
2021-07-08 11:01:38,103[1]INFO InfoLog[(null)]-进入扫描回执界面
2021-07-08 11:01:38,104[1]INFO InfoLog[(null)]-读语音文件：扫描相片回执
2021-07-08 11:01:38,114[1]INFO InfoLog[(null)]-开始打开扫描枪扫描回执编码
2021-07-08 11:01:38,114[1]INFO InfoLog[(null)]-打开扫描枪【成功】
2021-07-08 11:01:38,118[1]INFO InfoLog[(null)]-结束打开扫描枪扫描回执编码
2021-07-08 11:01:42,037[1]INFO InfoLog[(null)]-点击【确定】按钮，开始获取制证照片
2021-07-08 11:01:43,047[1]INFO InfoLog[(null)]-系统未查询到您有效的制证照片，请重新操作！
2021-07-08 11:01:45,036[1]INFO InfoLog[(null)]-点击【前往拍照区拍照】按钮
2021-07-08 11:01:45,037[1]INFO InfoLog[(null)]-点击【确认】按钮
2021-07-08 11:01:45,054[1]INFO InfoLog[(null)]-
**********************************结束【扫描相片回执】界面**********************************
2021-07-08 11:01:45,128[1]INFO InfoLog[(null)]-
**********************************进入【选择派号区域】界面**********************************
2021-07-08 11:01:45,318[1]INFO InfoLog[(null)]-检测当前时间返回：【2021/7/8 11:01:45】
2021-07-08 11:01:45,328[1]INFO InfoLog[(null)]-开始核查是否可进入智慧大厅...
2021-07-08 11:01:45,334[1]INFO InfoLog[(null)]-2、开始获取【派号业务】接口
2021-07-08 11:01:46,518[1]INFO InfoLog[(null)]-获取派号业务成功，业务编号：【B544】
2021-07-08 11:01:49,196[1]INFO InfoLog[(null)]-选择办理区域：智慧柜台
2021-07-08 11:01:49,197[1]INFO InfoLog[(null)]-
**********************************离开【选择派号区域】界面**********************************
2021-07-08 11:01:49,289[1]INFO InfoLog[(null)]-
**********************************进入【派号成功】界面**********************************
2021-07-08 11:01:49,289[1]INFO InfoLog[(null)]-开始【保存预约信息】，条数为：2
2021-07-08 11:01:49,289[1]INFO InfoLog[(null)]-检测当前时间返回：2021/7/8 11:01:49
2021-07-08 13:55:29,930[3]INFO InfoLog[(null)]-===================开始启动主程序【Freedom.ZHPHMachine】====================
2021-07-08 13:55:29,965[3]INFO InfoLog[(null)]-完善更新设备版本号：1.0.9.2信息：True
2021-07-08 13:55:29,975[3]INFO InfoLog[(null)]-本机IP：192.168.10.95
2021-07-08 13:55:29,984[3]INFO InfoLog[(null)]-设备id：594
2021-07-08 13:55:30,281[3]INFO InfoLog[(null)]-获取系统打印回执参数返回【成功】，参数【PHTemplatesName】的值为：
2021-07-08 13:55:30,297[3]INFO InfoLog[(null)]-【太极】上传设备状态返回【成功】
2021-07-08 13:55:30,298[3]INFO InfoLog[(null)]-【太极】上传设备运行状态返回【成功】
2021-07-08 13:55:30,299[3]INFO InfoLog[(null)]-【⑤号预约取号机】【QH0005】【在线中】<初始化成功>
2021-07-08 13:55:30,915[1]INFO InfoLog[(null)]-
***********************进入【首页】***********************
2021-07-08 13:55:30,918[6]INFO InfoLog[(null)]-修改设备状态【空闲中】：成功
2021-07-08 13:55:30,924[6]INFO InfoLog[(null)]-首页数据初始化：【成功】
2021-07-08 13:55:34,192[1]INFO InfoLog[(null)]-上传设备状态关机【成功】
2021-07-08 13:55:34,193[1]INFO InfoLog[(null)]-上传设备运行状态【成功】
2021-07-08 13:55:34,198[1]INFO InfoLog[(null)]-===================结束【主程序】【Freedom.ZHPHMachine】====================
2021-07-08 13:56:02,610[5]INFO InfoLog[(null)]-===================开始启动主程序【Freedom.ZHPHMachine】====================
2021-07-08 13:56:02,662[5]INFO InfoLog[(null)]-完善更新设备版本号：1.0.9.2信息：True
2021-07-08 13:56:02,672[5]INFO InfoLog[(null)]-本机IP：192.168.10.95
2021-07-08 13:56:02,680[5]INFO InfoLog[(null)]-设备id：594
2021-07-08 13:56:03,044[5]INFO InfoLog[(null)]-获取系统打印回执参数返回【成功】，参数【PHTemplatesName】的值为：
2021-07-08 13:56:03,070[5]INFO InfoLog[(null)]-【太极】上传设备状态返回【成功】
2021-07-08 13:56:03,071[5]INFO InfoLog[(null)]-【太极】上传设备运行状态返回【成功】
2021-07-08 13:56:03,074[5]INFO InfoLog[(null)]-【⑤号预约取号机】【QH0005】【在线中】<初始化成功>
2021-07-08 13:56:04,096[1]INFO InfoLog[(null)]-
***********************进入【首页】***********************
2021-07-08 13:56:04,100[3]INFO InfoLog[(null)]-修改设备状态【空闲中】：成功
2021-07-08 13:56:04,109[3]INFO InfoLog[(null)]-首页数据初始化：【成功】
2021-07-08 13:56:04,110[3]INFO InfoLog[(null)]-
***********************结束【首页】***********************
2021-07-08 13:56:04,283[1]INFO InfoLog[(null)]-
*********************** 进入【刷身份证】身份证识读界面*********************** 
2021-07-08 13:56:04,287[1]INFO InfoLog[(null)]-读语音文件：预约机-页面-刷身份证
2021-07-08 13:56:04,309[1]INFO InfoLog[(null)]-开始初始化身份信息：成功
2021-07-08 13:56:04,328[12]INFO InfoLog[(null)]-开始读卡：执行身份证读卡循环，方法名：ReadIDCardFun 参数：null
2021-07-08 13:56:08,692[1]INFO InfoLog[(null)]-上传设备状态关机【成功】
2021-07-08 13:56:08,693[1]INFO InfoLog[(null)]-上传设备运行状态【成功】
2021-07-08 13:56:08,701[1]INFO InfoLog[(null)]-===================结束【主程序】【Freedom.ZHPHMachine】====================
2021-07-08 13:56:38,261[5]INFO InfoLog[(null)]-===================开始启动主程序【Freedom.ZHPHMachine】====================
2021-07-08 13:56:38,359[5]INFO InfoLog[(null)]-完善更新设备版本号：1.0.9.2信息：True
2021-07-08 13:56:38,404[5]INFO InfoLog[(null)]-本机IP：192.168.10.95
2021-07-08 13:56:38,422[5]INFO InfoLog[(null)]-设备id：594
2021-07-08 13:56:38,890[5]INFO InfoLog[(null)]-获取系统打印回执参数返回【成功】，参数【PHTemplatesName】的值为：
2021-07-08 13:56:38,930[5]INFO InfoLog[(null)]-【太极】上传设备状态返回【成功】
2021-07-08 13:56:38,931[5]INFO InfoLog[(null)]-【太极】上传设备运行状态返回【成功】
2021-07-08 13:56:38,934[5]INFO InfoLog[(null)]-【⑤号预约取号机】【QH0005】【在线中】<初始化成功>
2021-07-08 13:56:40,484[1]INFO InfoLog[(null)]-
***********************进入【首页】***********************
2021-07-08 13:56:40,490[4]INFO InfoLog[(null)]-修改设备状态【空闲中】：成功
2021-07-08 13:56:40,500[4]INFO InfoLog[(null)]-首页数据初始化：【成功】
2021-07-08 13:56:40,503[4]INFO InfoLog[(null)]-
***********************结束【首页】***********************
2021-07-08 13:56:40,706[1]INFO InfoLog[(null)]-
*********************** 进入【刷身份证】身份证识读界面*********************** 
2021-07-08 13:56:40,714[1]INFO InfoLog[(null)]-读语音文件：预约机-页面-刷身份证
2021-07-08 13:56:40,734[1]INFO InfoLog[(null)]-开始初始化身份信息：成功
2021-07-08 13:56:40,745[12]INFO InfoLog[(null)]-开始读卡：执行身份证读卡循环，方法名：ReadIDCardFun 参数：null
2021-07-08 13:56:50,126[1]INFO InfoLog[(null)]-手输身份证，IsNext为true，关闭读卡器
2021-07-08 13:56:50,209[12]INFO InfoLog[(null)]-身份证认证异常 外部组件发生异常。
2021-07-08 13:56:50,213[1]INFO InfoLog[(null)]-
*********************** 结束【刷身份证】身份证识读界面*********************** 
2021-07-08 13:56:50,215[1]INFO InfoLog[(null)]- 
*********************** 进入【身份核查】【4309**********0031 】页面*********************** 
2021-07-08 13:56:50,255[14]INFO InfoLog[(null)]-修改设备状态【受理中】：成功
2021-07-08 13:56:50,255[14]INFO InfoLog[(null)]-
======1、开始查询平台【4309**********0031预约信息======
2021-07-08 13:56:53,513[14]INFO InfoLog[(null)]-4309**********0031今日未查询到预约信息!
2021-07-08 13:56:53,514[14]INFO InfoLog[(null)]-============开始查询全国预约信息===============
2021-07-08 13:56:53,543[14]INFO InfoLog[(null)]-4309**********0031全国库找不到您今日的有效预约数据！
2021-07-08 13:56:53,544[14]INFO InfoLog[(null)]-
======1、结束查询平台【4309**********0031预约信息======
2021-07-08 13:56:53,544[14]INFO InfoLog[(null)]-
======2、开始核查【4309**********0031】人口信息========
2021-07-08 13:56:53,546[14]INFO InfoLog[(null)]-IsConnectionDjz：False IsConnectionTj：True======
2021-07-08 13:56:53,551[14]INFO InfoLog[(null)]-开始登陆【太极】导服接口
2021-07-08 13:56:53,558[14]INFO InfoLog[(null)]-【太极】导服接口登录返回True：单位编号：BA1D16BAAAA84982BD6E844C730A0E58，单位代码：110111060100
2021-07-08 13:56:53,558[14]INFO InfoLog[(null)]-结束登录【太极】接口
2021-07-08 13:56:53,599[14]INFO InfoLog[(null)]-【太极】开始核查【4309**********0031】信息
2021-07-08 13:56:53,647[14]INFO InfoLog[(null)]-1101**********0050【太极】导服查询导引结果返回：刘*军来自四川省泸县(1982)，户口所在地：北京西城区性别：，民族：01，生日：
2021-07-08 13:56:53,647[14]INFO InfoLog[(null)]-刘连军10c08547c94844f2a6801da7c39ba0c8人口信息：1条，证件信息：3，预约信息：0条，可办理业务信息：6条，在办业务信息：0条
2021-07-08 13:56:53,648[14]INFO InfoLog[(null)]-2.1、【太极】核查是否符合办理条件：
2021-07-08 13:56:53,649[14]INFO InfoLog[(null)]-是否北京户籍：True
2021-07-08 13:56:53,649[14]INFO InfoLog[(null)]-查询控制对象返回：【否】
2021-07-08 13:56:53,650[14]INFO InfoLog[(null)]-查询新疆重点人员返回：【否】
2021-07-08 13:56:53,650[14]INFO InfoLog[(null)]-查询重点人员返回：【否】
2021-07-08 13:56:53,650[14]INFO InfoLog[(null)]-查询服现役返回：【否】
2021-07-08 13:56:53,651[14]INFO InfoLog[(null)]-2.2、【太极】核查是否有在办业务及不可办理业务
2021-07-08 13:56:53,652[14]INFO InfoLog[(null)]-核查有效证件条数为：3条，失效证件条数为：0条
2021-07-08 13:56:53,653[14]INFO InfoLog[(null)]-4309**********0031刘*军核查可办业务为：6条，可办业务为：31,93,21,31,92,13,
2021-07-08 13:56:53,654[14]INFO InfoLog[(null)]-2.3、【太极】核查外网预约信息
2021-07-08 13:56:53,654[14]INFO InfoLog[(null)]-刘连军未查询到今天的预约信息！
2021-07-08 13:56:53,654[14]INFO InfoLog[(null)]-2.4【太极】判断和过滤在办业务
2021-07-08 13:56:53,655[14]INFO InfoLog[(null)]-【太极】没有可过滤业务
2021-07-08 13:56:53,657[14]INFO InfoLog[(null)]-保存人口照片成功！
2021-07-08 13:56:53,667[14]INFO InfoLog[(null)]-太极人口信息保存正常，赋值到本地对象成功。
2021-07-08 13:56:53,668[14]INFO InfoLog[(null)]-【太极】结束核查【4309**********0031】信息
2021-07-08 13:56:53,699[14]INFO InfoLog[(null)]-
======2、结束核查【4309**********0031】人口信息========
2021-07-08 13:56:53,702[14]INFO InfoLog[(null)]-计算出年龄为：25
2021-07-08 13:56:53,703[14]INFO InfoLog[(null)]-
======3、开始获取 【4309**********0031刘*军】的制证照片======
2021-07-08 13:56:53,706[14]INFO InfoLog[(null)]-查询制证照片接口返回：为空！
2021-07-08 13:56:53,706[14]INFO InfoLog[(null)]-
======3、结束获取 【4309**********0031刘*军】的制证照片======
2021-07-08 13:56:56,481[14]INFO InfoLog[(null)]-找不到您今日的有效预约数据！如需现场预约请点击【前往】按钮。
2021-07-08 13:56:56,490[14]INFO InfoLog[(null)]-读语音文件：预约机-提示-现场预约
2021-07-08 13:56:56,544[14]INFO InfoLog[(null)]- 
***********************结束【身份核查】【4309**********0031刘*军】页面***********************
2021-07-08 13:56:59,012[1]INFO InfoLog[(null)]-点击【返回】按钮，进入主页面
2021-07-08 13:56:59,339[1]INFO InfoLog[(null)]-
***********************进入【首页】***********************
2021-07-08 13:56:59,341[3]INFO InfoLog[(null)]-修改设备状态【空闲中】：成功
2021-07-08 13:56:59,342[3]INFO InfoLog[(null)]-首页数据初始化：【成功】
2021-07-08 13:56:59,342[3]INFO InfoLog[(null)]-
***********************结束【首页】***********************
2021-07-08 13:56:59,469[1]INFO InfoLog[(null)]-
*********************** 进入【刷身份证】身份证识读界面*********************** 
2021-07-08 13:56:59,469[1]INFO InfoLog[(null)]-核查到未上传导引业务id：10c08547c94844f2a6801da7c39ba0c8条数：1
2021-07-08 13:56:59,471[1]INFO InfoLog[(null)]-取消导引业务id：10c08547c94844f2a6801da7c39ba0c8【成功】
2021-07-08 13:56:59,471[1]INFO InfoLog[(null)]-取消所有未上传导引返回：【成功】
2021-07-08 13:56:59,471[1]INFO InfoLog[(null)]-读语音文件：预约机-页面-刷身份证
2021-07-08 13:56:59,485[1]INFO InfoLog[(null)]-开始初始化身份信息：成功
2021-07-08 13:56:59,490[16]INFO InfoLog[(null)]-开始读卡：执行身份证读卡循环，方法名：ReadIDCardFun 参数：null
2021-07-08 13:57:11,670[1]INFO InfoLog[(null)]-手输身份证，IsNext为true，关闭读卡器
2021-07-08 13:57:21,936[1]INFO InfoLog[(null)]-上传设备状态关机【成功】
2021-07-08 13:57:21,937[1]INFO InfoLog[(null)]-上传设备运行状态【成功】
2021-07-08 13:57:21,944[1]INFO InfoLog[(null)]-===================结束【主程序】【Freedom.ZHPHMachine】====================
2021-07-08 14:04:56,786[5]INFO InfoLog[(null)]-===================开始启动主程序【Freedom.ZHPHMachine】====================
2021-07-08 14:04:56,937[5]INFO InfoLog[(null)]-完善更新设备版本号：1.0.9.2信息：True
2021-07-08 14:04:56,980[5]INFO InfoLog[(null)]-本机IP：192.168.10.95
2021-07-08 14:04:56,995[5]INFO InfoLog[(null)]-设备id：594
2021-07-08 14:04:57,497[5]INFO InfoLog[(null)]-获取系统打印回执参数返回【成功】，参数【PHTemplatesName】的值为：
2021-07-08 14:04:57,529[5]INFO InfoLog[(null)]-【太极】上传设备状态返回【成功】
2021-07-08 14:04:57,532[5]INFO InfoLog[(null)]-【太极】上传设备运行状态返回【成功】
2021-07-08 14:04:57,535[5]INFO InfoLog[(null)]-【⑤号预约取号机】【QH0005】【在线中】<初始化成功>
2021-07-08 14:04:58,941[1]INFO InfoLog[(null)]-
***********************进入【首页】***********************
2021-07-08 14:04:58,946[4]INFO InfoLog[(null)]-修改设备状态【空闲中】：成功
2021-07-08 14:04:58,955[4]INFO InfoLog[(null)]-首页数据初始化：【成功】
2021-07-08 14:04:58,959[4]INFO InfoLog[(null)]-
***********************结束【首页】***********************
2021-07-08 14:04:59,230[1]INFO InfoLog[(null)]-
*********************** 进入【刷身份证】身份证识读界面*********************** 
2021-07-08 14:04:59,237[1]INFO InfoLog[(null)]-读语音文件：预约机-页面-刷身份证
2021-07-08 14:04:59,258[1]INFO InfoLog[(null)]-开始初始化身份信息：成功
2021-07-08 14:04:59,266[12]INFO InfoLog[(null)]-开始读卡：执行身份证读卡循环，方法名：ReadIDCardFun 参数：null
2021-07-08 14:05:04,577[1]INFO InfoLog[(null)]-手输身份证，IsNext为true，关闭读卡器
2021-07-08 14:05:04,656[12]INFO InfoLog[(null)]-身份证认证异常 外部组件发生异常。
2021-07-08 14:05:04,658[1]INFO InfoLog[(null)]-
*********************** 结束【刷身份证】身份证识读界面*********************** 
2021-07-08 14:05:04,659[1]INFO InfoLog[(null)]- 
*********************** 进入【身份核查】【4309**********0031 】页面*********************** 
2021-07-08 14:05:04,680[14]INFO InfoLog[(null)]-修改设备状态【受理中】：成功
2021-07-08 14:05:04,680[14]INFO InfoLog[(null)]-
======1、开始查询平台【4309**********0031预约信息======
2021-07-08 14:05:04,688[14]INFO InfoLog[(null)]-4309**********0031今日未查询到预约信息!
2021-07-08 14:05:04,690[14]INFO InfoLog[(null)]-============开始查询全国预约信息===============
2021-07-08 14:05:04,722[14]INFO InfoLog[(null)]-4309**********0031全国库找不到您今日的有效预约数据！
2021-07-08 14:05:04,723[14]INFO InfoLog[(null)]-
======1、结束查询平台【4309**********0031预约信息======
2021-07-08 14:05:04,723[14]INFO InfoLog[(null)]-
======2、开始核查【4309**********0031】人口信息========
2021-07-08 14:05:04,723[14]INFO InfoLog[(null)]-IsConnectionDjz：False IsConnectionTj：True======
2021-07-08 14:05:04,725[14]INFO InfoLog[(null)]-开始登陆【太极】导服接口
2021-07-08 14:05:04,729[14]INFO InfoLog[(null)]-【太极】导服接口登录返回True：单位编号：BA1D16BAAAA84982BD6E844C730A0E58，单位代码：110111060100
2021-07-08 14:05:04,730[14]INFO InfoLog[(null)]-结束登录【太极】接口
2021-07-08 14:05:04,765[14]INFO InfoLog[(null)]-【太极】开始核查【4309**********0031】信息
2021-07-08 14:05:04,798[14]INFO InfoLog[(null)]-1101**********0050【太极】导服查询导引结果返回：刘*军来自四川省泸县(1982)，户口所在地：北京西城区性别：，民族：01，生日：
2021-07-08 14:05:04,799[14]INFO InfoLog[(null)]-刘连军10c08547c94844f2a6801da7c39ba0c8人口信息：1条，证件信息：3，预约信息：0条，可办理业务信息：6条，在办业务信息：0条
2021-07-08 14:05:04,799[14]INFO InfoLog[(null)]-2.1、【太极】核查是否符合办理条件：
2021-07-08 14:05:04,801[14]INFO InfoLog[(null)]-是否北京户籍：True
2021-07-08 14:05:04,802[14]INFO InfoLog[(null)]-查询控制对象返回：【否】
2021-07-08 14:05:04,802[14]INFO InfoLog[(null)]-查询新疆重点人员返回：【否】
2021-07-08 14:05:04,803[14]INFO InfoLog[(null)]-查询重点人员返回：【否】
2021-07-08 14:05:04,803[14]INFO InfoLog[(null)]-查询服现役返回：【否】
2021-07-08 14:05:04,803[14]INFO InfoLog[(null)]-2.2、【太极】核查是否有在办业务及不可办理业务
2021-07-08 14:05:04,804[14]INFO InfoLog[(null)]-核查有效证件条数为：3条，失效证件条数为：0条
2021-07-08 14:05:04,804[14]INFO InfoLog[(null)]-4309**********0031刘*军核查可办业务为：6条，可办业务为：31,93,21,31,92,13,
2021-07-08 14:05:04,805[14]INFO InfoLog[(null)]-2.3、【太极】核查外网预约信息
2021-07-08 14:05:04,805[14]INFO InfoLog[(null)]-刘连军未查询到今天的预约信息！
2021-07-08 14:05:04,805[14]INFO InfoLog[(null)]-2.4【太极】判断和过滤在办业务
2021-07-08 14:05:04,806[14]INFO InfoLog[(null)]-【太极】没有可过滤业务
2021-07-08 14:05:04,807[14]INFO InfoLog[(null)]-保存人口照片成功！
2021-07-08 14:05:04,813[14]INFO InfoLog[(null)]-太极人口信息保存正常，赋值到本地对象成功。
2021-07-08 14:05:04,814[14]INFO InfoLog[(null)]-【太极】结束核查【4309**********0031】信息
2021-07-08 14:05:04,846[14]INFO InfoLog[(null)]-
======2、结束核查【4309**********0031】人口信息========
2021-07-08 14:05:04,848[14]INFO InfoLog[(null)]-计算出年龄为：25
2021-07-08 14:05:04,848[14]INFO InfoLog[(null)]-
======3、开始获取 【4309**********0031刘*军】的制证照片======
2021-07-08 14:05:04,851[14]INFO InfoLog[(null)]-查询制证照片接口返回：为空！
2021-07-08 14:05:04,851[14]INFO InfoLog[(null)]-
======3、结束获取 【4309**********0031刘*军】的制证照片======
2021-07-08 14:05:04,852[14]INFO InfoLog[(null)]-找不到您今日的有效预约数据！如需现场预约请点击【前往】按钮。
2021-07-08 14:05:04,855[14]INFO InfoLog[(null)]-读语音文件：预约机-提示-现场预约
2021-07-08 14:05:04,871[14]INFO InfoLog[(null)]- 
***********************结束【身份核查】【4309**********0031刘*军】页面***********************
2021-07-08 14:05:06,637[1]INFO InfoLog[(null)]-点击【返回】按钮，进入主页面
2021-07-08 14:05:07,025[1]INFO InfoLog[(null)]-
***********************进入【首页】***********************
2021-07-08 14:05:07,027[3]INFO InfoLog[(null)]-修改设备状态【空闲中】：成功
2021-07-08 14:05:07,029[3]INFO InfoLog[(null)]-首页数据初始化：【成功】
2021-07-08 14:05:07,030[3]INFO InfoLog[(null)]-
***********************结束【首页】***********************
2021-07-08 14:05:07,154[1]INFO InfoLog[(null)]-
*********************** 进入【刷身份证】身份证识读界面*********************** 
2021-07-08 14:05:07,154[1]INFO InfoLog[(null)]-核查到未上传导引业务id：10c08547c94844f2a6801da7c39ba0c8条数：1
2021-07-08 14:05:07,155[1]INFO InfoLog[(null)]-取消导引业务id：10c08547c94844f2a6801da7c39ba0c8【成功】
2021-07-08 14:05:07,156[1]INFO InfoLog[(null)]-取消所有未上传导引返回：【成功】
2021-07-08 14:05:07,156[1]INFO InfoLog[(null)]-读语音文件：预约机-页面-刷身份证
2021-07-08 14:05:07,170[1]INFO InfoLog[(null)]-开始初始化身份信息：成功
2021-07-08 14:05:07,175[16]INFO InfoLog[(null)]-开始读卡：执行身份证读卡循环，方法名：ReadIDCardFun 参数：null
2021-07-08 14:05:11,259[1]INFO InfoLog[(null)]-手输身份证，IsNext为true，关闭读卡器
2021-07-08 14:05:11,362[1]INFO InfoLog[(null)]-
*********************** 结束【刷身份证】身份证识读界面*********************** 
2021-07-08 14:05:11,363[1]INFO InfoLog[(null)]- 
*********************** 进入【身份核查】【4309**********0031 】页面*********************** 
2021-07-08 14:05:11,362[16]INFO InfoLog[(null)]-身份证认证异常 外部组件发生异常。
2021-07-08 14:05:11,367[17]INFO InfoLog[(null)]-修改设备状态【受理中】：成功
2021-07-08 14:05:11,368[17]INFO InfoLog[(null)]-
======1、开始查询平台【4309**********0031预约信息======
2021-07-08 14:05:11,368[17]INFO InfoLog[(null)]-4309**********0031今日未查询到预约信息!
2021-07-08 14:05:11,368[17]INFO InfoLog[(null)]-============开始查询全国预约信息===============
2021-07-08 14:05:11,369[17]INFO InfoLog[(null)]-4309**********0031全国库找不到您今日的有效预约数据！
2021-07-08 14:05:11,370[17]INFO InfoLog[(null)]-
======1、结束查询平台【4309**********0031预约信息======
2021-07-08 14:05:11,370[17]INFO InfoLog[(null)]-
======2、开始核查【4309**********0031】人口信息========
2021-07-08 14:05:11,370[17]INFO InfoLog[(null)]-IsConnectionDjz：False IsConnectionTj：True======
2021-07-08 14:05:11,370[17]INFO InfoLog[(null)]-【太极】开始核查【4309**********0031】信息
2021-07-08 14:05:11,371[17]INFO InfoLog[(null)]-1101**********0050【太极】导服查询导引结果返回：刘*军来自四川省泸县(1982)，户口所在地：北京西城区性别：，民族：01，生日：
2021-07-08 14:05:11,372[17]INFO InfoLog[(null)]-刘连军10c08547c94844f2a6801da7c39ba0c8人口信息：1条，证件信息：3，预约信息：0条，可办理业务信息：6条，在办业务信息：0条
2021-07-08 14:05:11,372[17]INFO InfoLog[(null)]-2.1、【太极】核查是否符合办理条件：
2021-07-08 14:05:11,372[17]INFO InfoLog[(null)]-是否北京户籍：True
2021-07-08 14:05:11,372[17]INFO InfoLog[(null)]-查询控制对象返回：【否】
2021-07-08 14:05:11,372[17]INFO InfoLog[(null)]-查询新疆重点人员返回：【否】
2021-07-08 14:05:11,373[17]INFO InfoLog[(null)]-查询重点人员返回：【否】
2021-07-08 14:05:11,373[17]INFO InfoLog[(null)]-查询服现役返回：【否】
2021-07-08 14:05:11,373[17]INFO InfoLog[(null)]-2.2、【太极】核查是否有在办业务及不可办理业务
2021-07-08 14:05:11,374[17]INFO InfoLog[(null)]-核查有效证件条数为：3条，失效证件条数为：0条
2021-07-08 14:05:11,374[17]INFO InfoLog[(null)]-4309**********0031刘*军核查可办业务为：6条，可办业务为：31,93,21,31,92,13,
2021-07-08 14:05:11,374[17]INFO InfoLog[(null)]-2.3、【太极】核查外网预约信息
2021-07-08 14:05:11,374[17]INFO InfoLog[(null)]-刘连军未查询到今天的预约信息！
2021-07-08 14:05:11,374[17]INFO InfoLog[(null)]-2.4【太极】判断和过滤在办业务
2021-07-08 14:05:11,375[17]INFO InfoLog[(null)]-【太极】没有可过滤业务
2021-07-08 14:05:11,375[17]INFO InfoLog[(null)]-保存人口照片成功！
2021-07-08 14:05:11,378[17]INFO InfoLog[(null)]-太极人口信息保存正常，赋值到本地对象成功。
2021-07-08 14:05:11,378[17]INFO InfoLog[(null)]-【太极】结束核查【4309**********0031】信息
2021-07-08 14:05:11,379[17]INFO InfoLog[(null)]-
======2、结束核查【4309**********0031】人口信息========
2021-07-08 14:05:11,379[17]INFO InfoLog[(null)]-计算出年龄为：25
2021-07-08 14:05:11,380[17]INFO InfoLog[(null)]-
======3、开始获取 【4309**********0031刘*军】的制证照片======
2021-07-08 14:05:11,380[17]INFO InfoLog[(null)]-查询制证照片接口返回：为空！
2021-07-08 14:05:11,380[17]INFO InfoLog[(null)]-
======3、结束获取 【4309**********0031刘*军】的制证照片======
2021-07-08 14:05:11,380[17]INFO InfoLog[(null)]-找不到您今日的有效预约数据！如需现场预约请点击【前往】按钮。
2021-07-08 14:05:11,382[17]INFO InfoLog[(null)]-读语音文件：预约机-提示-现场预约
2021-07-08 14:05:11,418[17]INFO InfoLog[(null)]- 
***********************结束【身份核查】【4309**********0031刘*军】页面***********************
2021-07-08 14:05:12,394[1]INFO InfoLog[(null)]-点击【前往】按钮，进入选择预约时间页面
2021-07-08 14:05:12,546[1]INFO InfoLog[(null)]-
**********************************进入【填写申请信息】界面**********************************
2021-07-08 14:05:12,553[1]INFO InfoLog[(null)]-取号模式：现场预约+取号
2021-07-08 14:05:20,624[1]INFO InfoLog[(null)]-上传设备状态关机【成功】
2021-07-08 14:05:20,625[1]INFO InfoLog[(null)]-上传设备运行状态【成功】
2021-07-08 14:05:20,630[1]INFO InfoLog[(null)]-===================结束【主程序】【Freedom.ZHPHMachine】====================
