2021-07-05 14:34:20,938[16]ERRORInfoLog[(null)]-JSON转实体方法ConvertToObject失败;message:Cannot deserialize the current JSON array (e.g. [1,2,3]) into type 'Freedom.Models.ReturnInfo`1[Freedom.Models.PH_YYSQXX_TB]' because the type requires a JSON object (e.g. {"name":"value"}) to deserialize correctly.
To fix this error either change the JSON to a JSON object (e.g. {"name":"value"}) or change the deserialized type to an array or a type that implements a collection interface (e.g. ICollection, IList) like List<T> that can be deserialized from a JSON array. JsonArrayAttribute can also be added to the type to force it to deserialize from a JSON array.
Path '', line 1, position 1.info:[
  {
    "SQLB": "101",
    "SFZH": "612401198605050730",
    "ZWXM": "屈振华",
    "ZWX": "屈",
    "ZWM": "振华",
    "YWX": "QU",
    "YWM": "ZHENHUA",
    "YWXM": "QUZHENHUA",
    "ZWXMGB2312": "屈振华",
    "XB": "1",
    "CSRQ": "19860505",
    "MZ": "01",
    "GJDQ": "CHN",
    "RYDYLB": "R",
    "CSD": "61",
    "BZLB": "11",
    "LXDH": "15252563566",
    "JJQKLXR": "李三",
    "JJQKLXRDH": "13569865782",
    "HKSZD": "610902",
    "SFXTKZD": "0",
    "XCZJZL": null,
    "XCZJHM": null,
    "XCZJQFRQ": null,
    "XCZJYXQZ": null,
    "BOOK_TYPE": "1",
    "CREATE_IP": "92.231.17.42",
    "SLDW": "610900060000",
    "QYCODE": "610900_0108",
    "QWD": null,
    "JTZZ": "五里镇五位村五建路16号",
    "YDBZBS": "0",
    "WSYYRQ": "20191216",
    "WSYYSJ": "09:00-17:00",
    "DATASOURCE": "92.231.17.42+取号机+AKQH001",
    "CLBZ": "-1",
    "GAQSZWXM": null,
    "GAQSXB": null,
    "YSQRGX": null,
    "GAQSSFZHM": null,
    "GAJMLWNDTXHM": null,
    "ZPBM": null,
    "YYQZXX": [

    ],
    "YYJZBLLIST": [

    ]
  },
  {
    "SQLB": "102",
    "SFZH": "612401198605050730",
    "ZWXM": "屈振华",
    "ZWX": "屈",
    "ZWM": "振华",
    "YWX": "QU",
    "YWM": "ZHENHUA",
    "YWXM": "QUZHENHUA",
    "ZWXMGB2312": "屈振华",
    "XB": "1",
    "CSRQ": "19860505",
    "MZ": "01",
    "GJDQ": "CHN",
    "RYDYLB": "R",
    "CSD": "61",
    "BZLB": "11",
    "LXDH": "15252563566",
    "JJQKLXR": "李三",
    "JJQKLXRDH": "13569865782",
    "HKSZD": "610902",
    "SFXTKZD": "0",
    "XCZJZL": null,
    "XCZJHM": null,
    "XCZJQFRQ": null,
    "XCZJYXQZ": null,
    "BOOK_TYPE": "1",
    "CREATE_IP": "92.231.17.42",
    "SLDW": "610900060000",
    "QYCODE": "610900_0108",
    "QWD": "999",
    "JTZZ": "五里镇五位村五建路16号",
    "YDBZBS": "0",
    "WSYYRQ": "20191216",
    "WSYYSJ": "09:00-17:00",
    "DATASOURCE": "92.231.17.42+取号机+AKQH001",
    "CLBZ": "-1",
    "GAQSZWXM": null,
    "GAQSXB": null,
    "YSQRGX": null,
    "GAQSSFZHM": null,
    "GAJMLWNDTXHM": null,
    "ZPBM": null,
    "YYQZXX": [
      {
        "XH": 1,
        "ZJZL": "21",
        "ZJHM": null,
        "QWD": "HKG",
        "QZZL": "12",
        "QZYXQ": "1",
        "QZYXQDW": "年",
        "QZYXCS": "1",
        "TBDWBH": "610900060000"
      },
      {
        "XH": 2,
        "ZJZL": "21",
        "ZJHM": null,
        "QWD": "MAC",
        "QZZL": "12",
        "QZYXQ": "1",
        "QZYXQDW": "年",
        "QZYXCS": "1",
        "TBDWBH": "610900060000"
      }
    ],
    "YYJZBLLIST": [

    ]
  },
  {
    "SQLB": "104",
    "SFZH": "612401198605050730",
    "ZWXM": "屈振华",
    "ZWX": "屈",
    "ZWM": "振华",
    "YWX": "QU",
    "YWM": "ZHENHUA",
    "YWXM": "QUZHENHUA",
    "ZWXMGB2312": "屈振华",
    "XB": "1",
    "CSRQ": "19860505",
    "MZ": "01",
    "GJDQ": "CHN",
    "RYDYLB": "R",
    "CSD": "61",
    "BZLB": "11",
    "LXDH": "15252563566",
    "JJQKLXR": "李三",
    "JJQKLXRDH": "13569865782",
    "HKSZD": "610902",
    "SFXTKZD": "0",
    "XCZJZL": null,
    "XCZJHM": null,
    "XCZJQFRQ": null,
    "XCZJYXQZ": null,
    "BOOK_TYPE": "1",
    "CREATE_IP": "92.231.17.42",
    "SLDW": "610900060000",
    "QYCODE": "610900_0108",
    "QWD": "TWN",
    "JTZZ": "五里镇五位村五建路16号",
    "YDBZBS": "0",
    "WSYYRQ": "20191216",
    "WSYYSJ": "09:00-17:00",
    "DATASOURCE": "92.231.17.42+取号机+AKQH001",
    "CLBZ": "-1",
    "GAQSZWXM": null,
    "GAQSXB": null,
    "YSQRGX": null,
    "GAQSSFZHM": null,
    "GAJMLWNDTXHM": null,
    "ZPBM": null,
    "YYQZXX": [
      {
        "XH": 1,
        "ZJZL": "25",
        "ZJHM": null,
        "QWD": "TWN",
        "QZZL": "25",
        "QZYXQ": "6",
        "QZYXQDW": "月",
        "QZYXCS": "1",
        "TBDWBH": "610900060000"
      }
    ],
    "YYJZBLLIST": [

    ]
  }
]
2021-07-05 14:35:44,082[16]ERRORInfoLog[(null)]-JSON转实体方法ConvertToObject失败;message:Cannot deserialize the current JSON array (e.g. [1,2,3]) into type 'Freedom.Models.ReturnInfo`1[Freedom.Models.PH_YYSQXX_TB]' because the type requires a JSON object (e.g. {"name":"value"}) to deserialize correctly.
To fix this error either change the JSON to a JSON object (e.g. {"name":"value"}) or change the deserialized type to an array or a type that implements a collection interface (e.g. ICollection, IList) like List<T> that can be deserialized from a JSON array. JsonArrayAttribute can also be added to the type to force it to deserialize from a JSON array.
Path '', line 1, position 1.info:[
  {
    "SQLB": "101",
    "SFZH": "612401198605050730",
    "ZWXM": "屈振华",
    "ZWX": "屈",
    "ZWM": "振华",
    "YWX": "QU",
    "YWM": "ZHENHUA",
    "YWXM": "QUZHENHUA",
    "ZWXMGB2312": "屈振华",
    "XB": "1",
    "CSRQ": "19860505",
    "MZ": "01",
    "GJDQ": "CHN",
    "RYDYLB": "R",
    "CSD": "61",
    "BZLB": "11",
    "LXDH": "15252563566",
    "JJQKLXR": "李三",
    "JJQKLXRDH": "13569865782",
    "HKSZD": "610902",
    "SFXTKZD": "0",
    "XCZJZL": null,
    "XCZJHM": null,
    "XCZJQFRQ": null,
    "XCZJYXQZ": null,
    "BOOK_TYPE": "1",
    "CREATE_IP": "92.231.17.42",
    "SLDW": "610900060000",
    "QYCODE": "610900_0108",
    "QWD": null,
    "JTZZ": "五里镇五位村五建路16号",
    "YDBZBS": "0",
    "WSYYRQ": "20191216",
    "WSYYSJ": "09:00-17:00",
    "DATASOURCE": "92.231.17.42+取号机+AKQH001",
    "CLBZ": "-1",
    "GAQSZWXM": null,
    "GAQSXB": null,
    "YSQRGX": null,
    "GAQSSFZHM": null,
    "GAJMLWNDTXHM": null,
    "ZPBM": null,
    "YYQZXX": [

    ],
    "YYJZBLLIST": [

    ]
  },
  {
    "SQLB": "102",
    "SFZH": "612401198605050730",
    "ZWXM": "屈振华",
    "ZWX": "屈",
    "ZWM": "振华",
    "YWX": "QU",
    "YWM": "ZHENHUA",
    "YWXM": "QUZHENHUA",
    "ZWXMGB2312": "屈振华",
    "XB": "1",
    "CSRQ": "19860505",
    "MZ": "01",
    "GJDQ": "CHN",
    "RYDYLB": "R",
    "CSD": "61",
    "BZLB": "11",
    "LXDH": "15252563566",
    "JJQKLXR": "李三",
    "JJQKLXRDH": "13569865782",
    "HKSZD": "610902",
    "SFXTKZD": "0",
    "XCZJZL": null,
    "XCZJHM": null,
    "XCZJQFRQ": null,
    "XCZJYXQZ": null,
    "BOOK_TYPE": "1",
    "CREATE_IP": "92.231.17.42",
    "SLDW": "610900060000",
    "QYCODE": "610900_0108",
    "QWD": "999",
    "JTZZ": "五里镇五位村五建路16号",
    "YDBZBS": "0",
    "WSYYRQ": "20191216",
    "WSYYSJ": "09:00-17:00",
    "DATASOURCE": "92.231.17.42+取号机+AKQH001",
    "CLBZ": "-1",
    "GAQSZWXM": null,
    "GAQSXB": null,
    "YSQRGX": null,
    "GAQSSFZHM": null,
    "GAJMLWNDTXHM": null,
    "ZPBM": null,
    "YYQZXX": [
      {
        "XH": 1,
        "ZJZL": "21",
        "ZJHM": null,
        "QWD": "HKG",
        "QZZL": "12",
        "QZYXQ": "1",
        "QZYXQDW": "年",
        "QZYXCS": "1",
        "TBDWBH": "610900060000"
      },
      {
        "XH": 2,
        "ZJZL": "21",
        "ZJHM": null,
        "QWD": "MAC",
        "QZZL": "12",
        "QZYXQ": "1",
        "QZYXQDW": "年",
        "QZYXCS": "1",
        "TBDWBH": "610900060000"
      }
    ],
    "YYJZBLLIST": [

    ]
  },
  {
    "SQLB": "104",
    "SFZH": "612401198605050730",
    "ZWXM": "屈振华",
    "ZWX": "屈",
    "ZWM": "振华",
    "YWX": "QU",
    "YWM": "ZHENHUA",
    "YWXM": "QUZHENHUA",
    "ZWXMGB2312": "屈振华",
    "XB": "1",
    "CSRQ": "19860505",
    "MZ": "01",
    "GJDQ": "CHN",
    "RYDYLB": "R",
    "CSD": "61",
    "BZLB": "11",
    "LXDH": "15252563566",
    "JJQKLXR": "李三",
    "JJQKLXRDH": "13569865782",
    "HKSZD": "610902",
    "SFXTKZD": "0",
    "XCZJZL": null,
    "XCZJHM": null,
    "XCZJQFRQ": null,
    "XCZJYXQZ": null,
    "BOOK_TYPE": "1",
    "CREATE_IP": "92.231.17.42",
    "SLDW": "610900060000",
    "QYCODE": "610900_0108",
    "QWD": "TWN",
    "JTZZ": "五里镇五位村五建路16号",
    "YDBZBS": "0",
    "WSYYRQ": "20191216",
    "WSYYSJ": "09:00-17:00",
    "DATASOURCE": "92.231.17.42+取号机+AKQH001",
    "CLBZ": "-1",
    "GAQSZWXM": null,
    "GAQSXB": null,
    "YSQRGX": null,
    "GAQSSFZHM": null,
    "GAJMLWNDTXHM": null,
    "ZPBM": null,
    "YYQZXX": [
      {
        "XH": 1,
        "ZJZL": "25",
        "ZJHM": null,
        "QWD": "TWN",
        "QZZL": "25",
        "QZYXQ": "6",
        "QZYXQDW": "月",
        "QZYXCS": "1",
        "TBDWBH": "610900060000"
      }
    ],
    "YYJZBLLIST": [

    ]
  }
]
2021-07-05 14:46:58,827[16]ERRORInfoLog[(null)]-JSON转实体方法ConvertToObject失败;message:Cannot deserialize the current JSON array (e.g. [1,2,3]) into type 'Freedom.Models.ReturnInfo`1[Freedom.Models.PH_YYSQXX_TB]' because the type requires a JSON object (e.g. {"name":"value"}) to deserialize correctly.
To fix this error either change the JSON to a JSON object (e.g. {"name":"value"}) or change the deserialized type to an array or a type that implements a collection interface (e.g. ICollection, IList) like List<T> that can be deserialized from a JSON array. JsonArrayAttribute can also be added to the type to force it to deserialize from a JSON array.
Path '', line 1, position 1.info:[
  {
    "Default_PH_YYSQXX": null,
    "SQLB": "102",
    "SFZH": "110105196403150418",
    "SFZHMD5": null,
    "ZWXM": "金崭",
    "ZWX": "金",
    "ZWM": "崭",
    "YWX": "JIN",
    "YWM": "CHAN",
    "YWXM": "JINCHAN",
    "ZWXMGB2312": "金崭",
    "XB": "1",
    "CSRQ": "19640315",
    "MZ": "01",
    "GJDQ": "CHN",
    "RYDYLB": "R",
    "CSD": "11",
    "BZLB": "31",
    "BM": null,
    "QWD": "999",
    "CJSY": null,
    "LXDH": null,
    "JJQKLXR": null,
    "JJQKLXRDH": null,
    "HKSZD": "110102",
    "JTZZ": "前帽胡同3号",
    "SFXTKZD": "0",
    "SJR": null,
    "YZBM": null,
    "EMSDZ": null,
    "SJRLXDH": null,
    "XCZJZL": "21",
    "XCZJHM": "CC5921302",
    "XCZJQFRQ": "20200917",
    "XCZJYXQZ": "20300916",
    "DJSY": "1",
    "GAQSYWXM": null,
    "GAQSZWXM": null,
    "GAQSXB": null,
    "GAQSCSRQ": null,
    "YSQRGX": null,
    "GAQSSFZHM": null,
    "YDLB": null,
    "YDBZRYLB": null,
    "BZDD": null,
    "YDBZBS": "0",
    "BOOK_TYPE": "1",
    "WSYYRQ": "20210611",
    "WSYYSJ": "08:00-19:00",
    "USERTYPE": "0",
    "BZ": null,
    "DATASOURCE": "14.152.21.182+2号取号机+PH0002",
    "CREATE_IP": "14.152.21.182",
    "CREATE_DATE": "2021-06-11 13:01:41",
    "SLDW": "110111060000",
    "SLRQ": null,
    "QYCODE": "110111_0069",
    "ENABLE": 1,
    "PHCODE": "5442106110008",
    "CLBZ": "-1",
    "CLBZRESULT": null,
    "CL_LASTDATE": null,
    "CL_LASTUSER": null,
    "CL_LASTIP": null,
    "REMARK": null,
    "ZPBM": "DY12345678",
    "ZPUPDATE_DATE": "2021-06-11 13:01:42",
    "GAJMLWNDTXHM": null,
    "ID": 9783.0,
    "YWBH": "KFS000000005383",
    "SLLX": 1,
    "YYQZXX": null,
    "PH_SENDLIST": [
      {
        "ID": 5442106110008.0,
        "SERVICE_CODE": "B544",
        "PREFIX": "S",
        "PH_NUMBER": 8.0,
        "SFZH": "110105196403150418",
        "ZWXM": "金崭",
        "YWXM": "JINCHAN",
        "YWBH": "KFS000000005383",
        "CLZT": 2.0,
        "IS_PHOTO": "1",
        "ZPHZM": "DY12345678",
        "ZPLY": "14.152.21.182+2号取号机+PH0002",
        "ZP_DATE": "2021-06-11 13:01:42",
        "ZP_YXDATE": null,
        "IS_BOOKING": "1",
        "IS_PRONOUNCE": "0",
        "IS_CHECKIN": "1",
        "CHECKIN_DATE": "2021-06-11 13:01:42",
        "CHECKOUT_DATE": null,
        "IS_PRINT": "0",
        "PRINT_COUNTS": 0.0,
        "PRINT_BILL_TIME": "2021-06-11 13:01:42",
        "CALLLY": "14.152.21.160",
        "CALLTIMES": 1.0,
        "REPEATCALLTIMES": 0.0,
        "CALLUSER": "1176",
        "TRAN_BEGIN_DATE": "2021-06-11 13:01:52",
        "TRAN_END_DATE": null,
        "IS_COMPLETE": "0",
        "COMPLETE_DATE": null,
        "CREATE_DATE": "2021-06-11 13:01:42",
        "CREATE_USER": "14.152.21.182+2号取号机+PH0002",
        "UPDATE_DATE": "2021-06-11 13:01:52",
        "UPDATE_USER": "14.152.21.160",
        "CURRENTHJ": "F-004",
        "TBDWBH": "110111060000",
        "PH_TYPE": "0",
        "WSYYRQ": "20210611",
        "WSYYSJ": "08:00-19:00",
        "REMARK": "目前所在环节：F-004",
        "PHREASONS": null,
        "QYCODE": null
      }
    ],
    "YYJZBLLIST": null,
    "ISOFFICIAL": 0,
    "RSZGDW": null,
    "ZY": null,
    "SFKYZZ": 1,
    "BKJYY": null,
    "YWID": "c8850f7072f54e818cded10eb6a74635",
    "OPENID": null
  }
]
2021-07-05 14:47:23,826[16]ERRORInfoLog[(null)]-JSON转实体方法ConvertToObject失败;message:Cannot deserialize the current JSON array (e.g. [1,2,3]) into type 'Freedom.Models.ReturnInfo`1[Freedom.Models.PH_YYSQXX_TB]' because the type requires a JSON object (e.g. {"name":"value"}) to deserialize correctly.
To fix this error either change the JSON to a JSON object (e.g. {"name":"value"}) or change the deserialized type to an array or a type that implements a collection interface (e.g. ICollection, IList) like List<T> that can be deserialized from a JSON array. JsonArrayAttribute can also be added to the type to force it to deserialize from a JSON array.
Path '', line 1, position 1.info:[
  {
    "Default_PH_YYSQXX": null,
    "SQLB": "102",
    "SFZH": "110105196403150418",
    "SFZHMD5": null,
    "ZWXM": "金崭",
    "ZWX": "金",
    "ZWM": "崭",
    "YWX": "JIN",
    "YWM": "CHAN",
    "YWXM": "JINCHAN",
    "ZWXMGB2312": "金崭",
    "XB": "1",
    "CSRQ": "19640315",
    "MZ": "01",
    "GJDQ": "CHN",
    "RYDYLB": "R",
    "CSD": "11",
    "BZLB": "31",
    "BM": null,
    "QWD": "999",
    "CJSY": null,
    "LXDH": null,
    "JJQKLXR": null,
    "JJQKLXRDH": null,
    "HKSZD": "110102",
    "JTZZ": "前帽胡同3号",
    "SFXTKZD": "0",
    "SJR": null,
    "YZBM": null,
    "EMSDZ": null,
    "SJRLXDH": null,
    "XCZJZL": "21",
    "XCZJHM": "CC5921302",
    "XCZJQFRQ": "20200917",
    "XCZJYXQZ": "20300916",
    "DJSY": "1",
    "GAQSYWXM": null,
    "GAQSZWXM": null,
    "GAQSXB": null,
    "GAQSCSRQ": null,
    "YSQRGX": null,
    "GAQSSFZHM": null,
    "YDLB": null,
    "YDBZRYLB": null,
    "BZDD": null,
    "YDBZBS": "0",
    "BOOK_TYPE": "1",
    "WSYYRQ": "20210611",
    "WSYYSJ": "08:00-19:00",
    "USERTYPE": "0",
    "BZ": null,
    "DATASOURCE": "14.152.21.182+2号取号机+PH0002",
    "CREATE_IP": "14.152.21.182",
    "CREATE_DATE": "2021-06-11 13:01:41",
    "SLDW": "110111060000",
    "SLRQ": null,
    "QYCODE": "110111_0069",
    "ENABLE": 1,
    "PHCODE": "5442106110008",
    "CLBZ": "-1",
    "CLBZRESULT": null,
    "CL_LASTDATE": null,
    "CL_LASTUSER": null,
    "CL_LASTIP": null,
    "REMARK": null,
    "ZPBM": "DY12345678",
    "ZPUPDATE_DATE": "2021-06-11 13:01:42",
    "GAJMLWNDTXHM": null,
    "ID": 9783.0,
    "YWBH": "KFS000000005383",
    "SLLX": 1,
    "YYQZXX": null,
    "PH_SENDLIST": [
      {
        "ID": 5442106110008.0,
        "SERVICE_CODE": "B544",
        "PREFIX": "S",
        "PH_NUMBER": 8.0,
        "SFZH": "110105196403150418",
        "ZWXM": "金崭",
        "YWXM": "JINCHAN",
        "YWBH": "KFS000000005383",
        "CLZT": 2.0,
        "IS_PHOTO": "1",
        "ZPHZM": "DY12345678",
        "ZPLY": "14.152.21.182+2号取号机+PH0002",
        "ZP_DATE": "2021-06-11 13:01:42",
        "ZP_YXDATE": null,
        "IS_BOOKING": "1",
        "IS_PRONOUNCE": "0",
        "IS_CHECKIN": "1",
        "CHECKIN_DATE": "2021-06-11 13:01:42",
        "CHECKOUT_DATE": null,
        "IS_PRINT": "0",
        "PRINT_COUNTS": 0.0,
        "PRINT_BILL_TIME": "2021-06-11 13:01:42",
        "CALLLY": "14.152.21.160",
        "CALLTIMES": 1.0,
        "REPEATCALLTIMES": 0.0,
        "CALLUSER": "1176",
        "TRAN_BEGIN_DATE": "2021-06-11 13:01:52",
        "TRAN_END_DATE": null,
        "IS_COMPLETE": "0",
        "COMPLETE_DATE": null,
        "CREATE_DATE": "2021-06-11 13:01:42",
        "CREATE_USER": "14.152.21.182+2号取号机+PH0002",
        "UPDATE_DATE": "2021-06-11 13:01:52",
        "UPDATE_USER": "14.152.21.160",
        "CURRENTHJ": "F-004",
        "TBDWBH": "110111060000",
        "PH_TYPE": "0",
        "WSYYRQ": "20210611",
        "WSYYSJ": "08:00-19:00",
        "REMARK": "目前所在环节：F-004",
        "PHREASONS": null,
        "QYCODE": null
      }
    ],
    "YYJZBLLIST": null,
    "ISOFFICIAL": 0,
    "RSZGDW": null,
    "ZY": null,
    "SFKYZZ": 1,
    "BKJYY": null,
    "YWID": "c8850f7072f54e818cded10eb6a74635",
    "OPENID": null
  }
]
2021-07-05 14:51:30,204[16]ERRORInfoLog[(null)]-JSON转实体方法ConvertToObject失败;message:Cannot deserialize the current JSON array (e.g. [1,2,3]) into type 'Freedom.Models.ReturnInfo`1[Freedom.Models.PH_YYSQXX_TB]' because the type requires a JSON object (e.g. {"name":"value"}) to deserialize correctly.
To fix this error either change the JSON to a JSON object (e.g. {"name":"value"}) or change the deserialized type to an array or a type that implements a collection interface (e.g. ICollection, IList) like List<T> that can be deserialized from a JSON array. JsonArrayAttribute can also be added to the type to force it to deserialize from a JSON array.
Path '', line 1, position 1.info:[
  {
    "SQLB": "102",
    "SFZH": "110105196403150418",
    "SFZHMD5": null,
    "ZWXM": "金崭",
    "ZWX": "金",
    "ZWM": "崭",
    "YWX": "JIN",
    "YWM": "CHAN",
    "YWXM": "JINCHAN",
    "ZWXMGB2312": "金崭",
    "XB": "1",
    "CSRQ": "19640315",
    "MZ": "01",
    "GJDQ": "CHN",
    "RYDYLB": "R",
    "CSD": "11",
    "BZLB": "31",
    "BM": null,
    "QWD": "999",
    "CJSY": null,
    "LXDH": null,
    "JJQKLXR": null,
    "JJQKLXRDH": null,
    "HKSZD": "110102",
    "JTZZ": "前帽胡同3号",
    "SFXTKZD": "0",
    "SJR": null,
    "YZBM": null,
    "EMSDZ": null,
    "SJRLXDH": null,
    "XCZJZL": "21",
    "XCZJHM": "CC5921302",
    "XCZJQFRQ": "20200917",
    "XCZJYXQZ": "20300916",
    "DJSY": "1",
    "GAQSYWXM": null,
    "GAQSZWXM": null,
    "GAQSXB": null,
    "GAQSCSRQ": null,
    "YSQRGX": null,
    "GAQSSFZHM": null,
    "YDLB": null,
    "YDBZRYLB": null,
    "BZDD": null,
    "YDBZBS": "0",
    "BOOK_TYPE": "1",
    "WSYYRQ": "20210611",
    "WSYYSJ": "08:00-19:00",
    "USERTYPE": "0",
    "BZ": null,
    "DATASOURCE": "14.152.21.182+2号取号机+PH0002",
    "CREATE_IP": "14.152.21.182",
    "CREATE_DATE": "2021-06-11 13:01:41",
    "SLDW": "110111060000",
    "SLRQ": null,
    "QYCODE": "110111_0069",
    "ENABLE": 1,
    "PHCODE": "5442106110008",
    "CLBZ": "-1",
    "CLBZRESULT": null,
    "CL_LASTDATE": null,
    "CL_LASTUSER": null,
    "CL_LASTIP": null,
    "REMARK": null,
    "ZPBM": "DY12345678",
    "ZPUPDATE_DATE": "2021-06-11 13:01:42",
    "GAJMLWNDTXHM": null,
    "ID": 9783.0,
    "YWBH": "KFS000000005383",
    "SLLX": 1,
    "YYQZXX": null,
    "PH_SENDLIST": [
      {
        "ID": 5442106110008.0,
        "SERVICE_CODE": "B544",
        "PREFIX": "S",
        "PH_NUMBER": 8.0,
        "SFZH": "110105196403150418",
        "ZWXM": "金崭",
        "YWXM": "JINCHAN",
        "YWBH": "KFS000000005383",
        "CLZT": 2.0,
        "IS_PHOTO": "1",
        "ZPHZM": "DY12345678",
        "ZPLY": "14.152.21.182+2号取号机+PH0002",
        "ZP_DATE": "2021-06-11 13:01:42",
        "ZP_YXDATE": null,
        "IS_BOOKING": "1",
        "IS_PRONOUNCE": "0",
        "IS_CHECKIN": "1",
        "CHECKIN_DATE": "2021-06-11 13:01:42",
        "CHECKOUT_DATE": null,
        "IS_PRINT": "0",
        "PRINT_COUNTS": 0.0,
        "PRINT_BILL_TIME": "2021-06-11 13:01:42",
        "CALLLY": "14.152.21.160",
        "CALLTIMES": 1.0,
        "REPEATCALLTIMES": 0.0,
        "CALLUSER": "1176",
        "TRAN_BEGIN_DATE": "2021-06-11 13:01:52",
        "TRAN_END_DATE": null,
        "IS_COMPLETE": "0",
        "COMPLETE_DATE": null,
        "CREATE_DATE": "2021-06-11 13:01:42",
        "CREATE_USER": "14.152.21.182+2号取号机+PH0002",
        "UPDATE_DATE": "2021-06-11 13:01:52",
        "UPDATE_USER": "14.152.21.160",
        "CURRENTHJ": "F-004",
        "TBDWBH": "110111060000",
        "PH_TYPE": "0",
        "WSYYRQ": "20210611",
        "WSYYSJ": "08:00-19:00",
        "REMARK": "目前所在环节：F-004",
        "PHREASONS": null,
        "QYCODE": null
      }
    ],
    "YYJZBLLIST": null,
    "ISOFFICIAL": 0,
    "RSZGDW": null,
    "ZY": null,
    "SFKYZZ": 1,
    "BKJYY": null,
    "YWID": "c8850f7072f54e818cded10eb6a74635",
    "OPENID": null
  }
]
