2021-07-21 17:14:45,336[3]INFO InfoLog[(null)]-===================开始启动主程序【Freedom.ZHPHMachine】====================
2021-07-21 17:14:45,393[3]INFO InfoLog[(null)]-***本地配置文件参数加载 及获取设备信息***
2021-07-21 17:14:45,408[3]INFO InfoLog[(null)]-本机IP：192.168.10.95
2021-07-21 17:14:45,748[3]INFO InfoLog[(null)]-应用服务器正常连接...
2021-07-21 17:14:45,793[3]INFO InfoLog[(null)]-192.168.10.95-⑤号预约取号机 此设备认证成功！
2021-07-21 17:14:45,795[3]INFO InfoLog[(null)]-设备id：594
2021-07-21 17:14:45,800[3]INFO InfoLog[(null)]-更新配置文件：True
2021-07-21 17:14:45,818[3]INFO InfoLog[(null)]-完善更新设备版本号：1.0.9.15信息：True
2021-07-21 17:14:46,019[3]INFO InfoLog[(null)]-***第一次启动检查打印机、读卡器、条码枪是否正常***
2021-07-21 17:14:46,903[3]INFO InfoLog[(null)]-初始化身份证阅读器失败,请检查接线或重启软件
2021-07-21 17:14:46,903[3]INFO InfoLog[(null)]-End:初始化身份证阅读器失败,请检查接线或重启软件
2021-07-21 17:14:49,951[1]INFO InfoLog[(null)]-上传设备状态关机【成功】
2021-07-21 17:14:49,952[1]INFO InfoLog[(null)]-上传设备运行状态【成功】
2021-07-21 17:14:49,960[1]INFO InfoLog[(null)]-===================结束【主程序】【Freedom.ZHPHMachine】====================
2021-07-21 17:16:46,185[3]INFO InfoLog[(null)]-===================开始启动主程序【Freedom.ZHPHMachine】====================
2021-07-21 17:16:46,216[3]INFO InfoLog[(null)]-***本地配置文件参数加载 及获取设备信息***
2021-07-21 17:16:46,226[3]INFO InfoLog[(null)]-本机IP：192.168.22.177
2021-07-21 17:16:47,193[3]INFO InfoLog[(null)]-应用服务器正常连接...
2021-07-21 17:16:47,636[3]INFO InfoLog[(null)]-设备终端信息查询返回：成功！
2021-07-21 17:16:47,637[3]INFO InfoLog[(null)]-192.168.22.177-③号预约取号机 此设备认证成功！
2021-07-21 17:16:48,020[3]INFO InfoLog[(null)]-设备id：134
2021-07-21 17:16:48,023[3]INFO InfoLog[(null)]-更新配置文件：True
2021-07-21 17:16:48,388[3]INFO InfoLog[(null)]-完善更新设备版本号：1.0.9.15信息：True
2021-07-21 17:16:48,394[3]INFO InfoLog[(null)]-======监控工具【开始启动】======
2021-07-21 17:16:48,395[3]INFO InfoLog[(null)]-======监控工具【启动不成功】======
2021-07-21 17:16:48,396[3]INFO InfoLog[(null)]-======监控工具【开始启动】======
2021-07-21 17:16:48,396[3]INFO InfoLog[(null)]-======监控工具【启动不成功】======
2021-07-21 17:16:48,397[3]INFO InfoLog[(null)]-======监控工具【开始启动】======
2021-07-21 17:16:48,398[3]INFO InfoLog[(null)]-======监控工具【启动不成功】======
2021-07-21 17:16:48,600[3]INFO InfoLog[(null)]-***第一次启动检查打印机、读卡器、条码枪是否正常***
2021-07-21 17:16:48,625[3]INFO InfoLog[(null)]-***开始加载服务器【字典数据】到本地***
2021-07-21 17:16:48,646[3]INFO InfoLog[(null)]-下载字典任务：14 数。
2021-07-21 17:16:52,554[3]INFO InfoLog[(null)]-获取系统参数成功！开始下载派号打印模板...
2021-07-21 17:16:52,559[3]INFO InfoLog[(null)]-获取系统打印回执参数返回【成功】，参数【PHTemplatesName】的值为：http://192.168.20.233:6487/wordTemplates/phTableBJ.doc
2021-07-21 17:16:52,560[3]INFO InfoLog[(null)]-获取下载模板文件路径：D:\22.233\Freedom.ZHPHMachine\bin\Release\phTableBJ.doc
2021-07-21 17:16:52,564[3]INFO InfoLog[(null)]-管理员密码为：HS110721
2021-07-21 17:16:52,596[3]INFO InfoLog[(null)]-获取拼音字典数据：247条！
2021-07-21 17:16:52,596[3]INFO InfoLog[(null)]-***结束加载服务器【字典数据】到本地***
2021-07-21 17:16:52,596[3]INFO InfoLog[(null)]-***记录设备监控日志***
2021-07-21 17:16:53,338[3]INFO InfoLog[(null)]-上传监控设备使用记录：记录设备监控【134.0】成功！
2021-07-21 17:16:53,700[3]INFO InfoLog[(null)]-【太极】上传设备状态返回【成功】
2021-07-21 17:16:54,058[3]INFO InfoLog[(null)]-【太极】上传设备运行状态返回【成功】
2021-07-21 17:16:54,060[3]INFO InfoLog[(null)]-End:
2021-07-21 17:16:54,062[3]INFO InfoLog[(null)]-【③号预约取号机】【QH0003】【在线中】<初始化成功>
2021-07-21 17:16:54,344[1]INFO InfoLog[(null)]-
***********************进入【首页】***********************
2021-07-21 17:16:54,345[1]INFO InfoLog[(null)]-======清空上个人的信息=====
2021-07-21 17:16:54,735[12]INFO InfoLog[(null)]-修改设备状态【空闲中】：成功
2021-07-21 17:16:54,739[12]INFO InfoLog[(null)]-首页数据初始化：【成功】
2021-07-21 17:16:54,741[12]INFO InfoLog[(null)]-
***********************结束【首页】”0“***********************
2021-07-21 17:16:54,744[1]INFO InfoLog[(null)]-MainPage OnDispose
2021-07-21 17:16:54,755[1]INFO InfoLog[(null)]-******OnDispose停止计时器****** 
2021-07-21 17:16:54,891[1]INFO InfoLog[(null)]-
*********************** 进入【刷身份证】身份证识读界面*********************** 
2021-07-21 17:16:54,895[1]INFO InfoLog[(null)]-读语音文件：预约机-页面-刷身份证
2021-07-21 17:16:54,918[1]INFO InfoLog[(null)]-开始初始化身份信息：成功
2021-07-21 17:16:54,919[16]INFO InfoLog[(null)]-False开始读卡：执行身份证读卡循环，方法名：ReadIDCardFun 
2021-07-21 17:16:56,929[16]INFO InfoLog[(null)]-读卡成功：【黄*亮】【1101**********0099】
2021-07-21 17:16:56,930[16]INFO InfoLog[(null)]-倒计时结束，开始关闭身份证阅读器
2021-07-21 17:16:56,930[16]INFO InfoLog[(null)]-关闭身份证阅读器成功！
2021-07-21 17:16:56,931[16]INFO InfoLog[(null)]-
*********************** 结束【刷身份证】身份证识读界面*********************** 
2021-07-21 17:16:56,932[16]INFO InfoLog[(null)]- 
*********************** 进入【身份核查】【1101**********0099 黄*亮】页面*********************** 
2021-07-21 17:16:57,316[17]INFO InfoLog[(null)]-修改设备状态【受理中】：成功
2021-07-21 17:16:57,316[17]INFO InfoLog[(null)]-
======1、开始查询平台【1101**********0099黄*亮预约信息======
2021-07-21 17:16:57,708[17]INFO InfoLog[(null)]-1101**********0099黄*亮今日未查询到预约信息!
2021-07-21 17:16:57,711[17]INFO InfoLog[(null)]-============开始查询全国预约信息===============
2021-07-21 17:16:57,733[17]INFO InfoLog[(null)]-======核查身份信息发生异常：未将对象引用设置到对象的实例。======
2021-07-21 17:16:57,734[17]INFO InfoLog[(null)]-消息提示:身份校验报错，请重试！
2021-07-21 17:16:57,736[17]INFO InfoLog[(null)]- 
***********************结束【身份核查】【1101**********0099黄*亮】页面***********************
2021-07-21 17:16:57,737[18]INFO InfoLog[(null)]-10
2021-07-21 17:16:57,737[17]INFO InfoLog[(null)]-消息提示:身份校验报错，请重试！
2021-07-21 17:16:57,738[19]INFO InfoLog[(null)]-10
2021-07-21 17:16:58,738[18]INFO InfoLog[(null)]-9
2021-07-21 17:16:58,740[19]INFO InfoLog[(null)]-9
2021-07-21 17:16:58,952[1]INFO InfoLog[(null)]-******OnDispose停止计时器****** 
2021-07-21 17:16:58,969[1]INFO InfoLog[(null)]-******OnDispose停止计时器****** 
2021-07-21 17:16:59,187[1]INFO InfoLog[(null)]-
***********************进入【首页】***********************
2021-07-21 17:16:59,187[1]INFO InfoLog[(null)]-======清空上个人的信息=====
2021-07-21 17:16:59,557[5]INFO InfoLog[(null)]-修改设备状态【空闲中】：成功
2021-07-21 17:16:59,560[5]INFO InfoLog[(null)]-首页数据初始化：【成功】
2021-07-21 17:16:59,561[5]INFO InfoLog[(null)]-
***********************结束【首页】”0“***********************
2021-07-21 17:16:59,564[1]INFO InfoLog[(null)]-MainPage OnDispose
2021-07-21 17:16:59,565[1]INFO InfoLog[(null)]-******OnDispose停止计时器****** 
2021-07-21 17:16:59,654[1]INFO InfoLog[(null)]-
*********************** 进入【刷身份证】身份证识读界面*********************** 
2021-07-21 17:16:59,655[1]INFO InfoLog[(null)]-读语音文件：预约机-页面-刷身份证
2021-07-21 17:16:59,662[1]INFO InfoLog[(null)]-开始初始化身份信息：成功
2021-07-21 17:16:59,662[17]INFO InfoLog[(null)]-False开始读卡：执行身份证读卡循环，方法名：ReadIDCardFun 
2021-07-21 17:17:01,664[17]INFO InfoLog[(null)]-读卡成功：【黄*亮】【1101**********0099】
2021-07-21 17:17:01,666[17]INFO InfoLog[(null)]-倒计时结束，开始关闭身份证阅读器
2021-07-21 17:17:01,667[17]INFO InfoLog[(null)]-关闭身份证阅读器成功！
2021-07-21 17:17:01,668[17]INFO InfoLog[(null)]-
*********************** 结束【刷身份证】身份证识读界面*********************** 
2021-07-21 17:17:01,668[17]INFO InfoLog[(null)]- 
*********************** 进入【身份核查】【1101**********0099 黄*亮】页面*********************** 
2021-07-21 17:17:01,885[1]INFO InfoLog[(null)]-上传设备状态关机【成功】
2021-07-21 17:17:02,242[1]INFO InfoLog[(null)]-上传设备运行状态【成功】
2021-07-21 17:17:02,249[1]INFO InfoLog[(null)]-===================结束【主程序】【Freedom.ZHPHMachine】====================
2021-07-21 17:29:52,915[3]INFO InfoLog[(null)]-===================开始启动主程序【Freedom.ZHPHMachine】====================
2021-07-21 17:29:52,941[3]INFO InfoLog[(null)]-***本地配置文件参数加载 及获取设备信息***
2021-07-21 17:29:52,953[3]INFO InfoLog[(null)]-本机IP：192.168.22.177
2021-07-21 17:29:53,918[3]INFO InfoLog[(null)]-应用服务器正常连接...
2021-07-21 17:29:54,314[3]INFO InfoLog[(null)]-设备终端信息查询返回：成功！
2021-07-21 17:29:54,315[3]INFO InfoLog[(null)]-192.168.22.177-③号预约取号机 此设备认证成功！
2021-07-21 17:29:54,710[3]INFO InfoLog[(null)]-设备id：134
2021-07-21 17:29:54,712[3]INFO InfoLog[(null)]-更新配置文件：True
2021-07-21 17:29:55,075[3]INFO InfoLog[(null)]-完善更新设备版本号：1.0.9.15信息：True
2021-07-21 17:29:55,080[3]INFO InfoLog[(null)]-======监控工具【开始启动】======
2021-07-21 17:29:55,081[3]INFO InfoLog[(null)]-======监控工具【启动不成功】======
2021-07-21 17:29:55,081[3]INFO InfoLog[(null)]-======监控工具【开始启动】======
2021-07-21 17:29:55,082[3]INFO InfoLog[(null)]-======监控工具【启动不成功】======
2021-07-21 17:29:55,082[3]INFO InfoLog[(null)]-======监控工具【开始启动】======
2021-07-21 17:29:55,083[3]INFO InfoLog[(null)]-======监控工具【启动不成功】======
2021-07-21 17:29:55,285[3]INFO InfoLog[(null)]-***第一次启动检查打印机、读卡器、条码枪是否正常***
2021-07-21 17:29:55,303[3]INFO InfoLog[(null)]-***开始加载服务器【字典数据】到本地***
2021-07-21 17:29:55,326[3]INFO InfoLog[(null)]-下载字典任务：14 数。
2021-07-21 17:29:59,745[3]INFO InfoLog[(null)]-获取系统参数成功！开始下载派号打印模板...
2021-07-21 17:29:59,757[3]INFO InfoLog[(null)]-获取系统打印回执参数返回【成功】，参数【PHTemplatesName】的值为：http://192.168.20.233:6487/wordTemplates/phTableBJ.doc
2021-07-21 17:29:59,757[3]INFO InfoLog[(null)]-获取下载模板文件路径：D:\22.233\Freedom.ZHPHMachine\bin\Release\phTableBJ.doc
2021-07-21 17:29:59,767[3]INFO InfoLog[(null)]-管理员密码为：HS110721
2021-07-21 17:30:00,145[3]INFO InfoLog[(null)]-获取拼音字典数据：247条！
2021-07-21 17:30:00,146[3]INFO InfoLog[(null)]-***结束加载服务器【字典数据】到本地***
2021-07-21 17:30:00,147[3]INFO InfoLog[(null)]-***记录设备监控日志***
2021-07-21 17:30:00,899[3]INFO InfoLog[(null)]-上传监控设备使用记录：记录设备监控【134.0】成功！
2021-07-21 17:30:01,255[3]INFO InfoLog[(null)]-【太极】上传设备状态返回【成功】
2021-07-21 17:30:01,611[3]INFO InfoLog[(null)]-【太极】上传设备运行状态返回【成功】
2021-07-21 17:30:01,614[3]INFO InfoLog[(null)]-End:
2021-07-21 17:30:01,615[3]INFO InfoLog[(null)]-【③号预约取号机】【QH0003】【在线中】<初始化成功>
2021-07-21 17:30:01,940[1]INFO InfoLog[(null)]-
***********************进入【首页】***********************
2021-07-21 17:30:01,941[1]INFO InfoLog[(null)]-======清空上个人的信息=====
2021-07-21 17:30:02,316[7]INFO InfoLog[(null)]-修改设备状态【空闲中】：成功
2021-07-21 17:30:02,318[7]INFO InfoLog[(null)]-首页数据初始化：【成功】
2021-07-21 17:30:02,319[7]INFO InfoLog[(null)]-
***********************结束【首页】”0“***********************
2021-07-21 17:30:02,354[1]INFO InfoLog[(null)]-MainPage OnDispose
2021-07-21 17:30:02,357[1]INFO InfoLog[(null)]-******OnDispose停止计时器****** 
2021-07-21 17:30:02,457[1]INFO InfoLog[(null)]-
*********************** 进入【刷身份证】身份证识读界面*********************** 
2021-07-21 17:30:02,461[1]INFO InfoLog[(null)]-读语音文件：预约机-页面-刷身份证
2021-07-21 17:30:02,471[1]INFO InfoLog[(null)]-开始初始化身份信息：成功
2021-07-21 17:30:02,473[16]INFO InfoLog[(null)]-False开始读卡：执行身份证读卡循环，方法名：ReadIDCardFun 
2021-07-21 17:30:04,486[16]INFO InfoLog[(null)]-读卡成功：【黄*亮】【1101**********0099】
2021-07-21 17:30:04,488[16]INFO InfoLog[(null)]-倒计时结束，开始关闭身份证阅读器
2021-07-21 17:30:04,489[16]INFO InfoLog[(null)]-关闭身份证阅读器成功！
2021-07-21 17:30:04,491[16]INFO InfoLog[(null)]-
*********************** 结束【刷身份证】身份证识读界面*********************** 
2021-07-21 17:30:04,492[16]INFO InfoLog[(null)]- 
*********************** 进入【身份核查】【1101**********0099 黄*亮】页面*********************** 
2021-07-21 17:30:04,891[17]INFO InfoLog[(null)]-修改设备状态【受理中】：成功
2021-07-21 17:30:04,891[17]INFO InfoLog[(null)]-
======1、开始查询平台【1101**********0099黄*亮预约信息======
2021-07-21 17:30:05,283[17]INFO InfoLog[(null)]-1101**********0099黄*亮今日未查询到预约信息!
2021-07-21 17:30:05,284[17]INFO InfoLog[(null)]-
======1、结束查询平台【1101**********0099黄*亮预约信息======
2021-07-21 17:30:05,284[17]INFO InfoLog[(null)]-
======2、开始核查【1101**********0099】人口信息========
2021-07-21 17:30:05,285[17]INFO InfoLog[(null)]-IsConnectionDjz：False IsConnectionTj：True======
2021-07-21 17:30:05,999[17]INFO InfoLog[(null)]-开始登陆【太极】导服接口
2021-07-21 17:30:06,007[17]INFO InfoLog[(null)]-【太极】导服接口登录返回True：单位编号：BA1D16BAAAA84982BD6E844C730A0E58，单位代码：110111060100
2021-07-21 17:30:06,008[17]INFO InfoLog[(null)]-结束登录【太极】接口
2021-07-21 17:30:06,047[17]INFO InfoLog[(null)]-【太极】开始核查【1101**********0099】信息
2021-07-21 17:30:06,076[17]INFO InfoLog[(null)]-4115**********3037【太极】导服查询导引结果返回：张*鹏来自河南淮滨县，户口所在地：河南省淮滨县性别：男，民族：01，生日：19951216
2021-07-21 17:30:06,076[17]INFO InfoLog[(null)]-63c0d98b17364c69bb5d0b008bab24b9人口信息：1条，证件信息：2，预约信息：1条，可办理业务信息：9条，在办业务信息：0条
2021-07-21 17:30:06,076[17]INFO InfoLog[(null)]-2.1、【太极】核查是否符合办理条件：
2021-07-21 17:30:06,077[17]INFO InfoLog[(null)]-是否北京户籍：False
2021-07-21 17:30:06,077[17]INFO InfoLog[(null)]-查询控制对象返回：【否】
2021-07-21 17:30:06,077[17]INFO InfoLog[(null)]-查询新疆重点人员返回：【否】
2021-07-21 17:30:06,078[17]INFO InfoLog[(null)]-查询重点人员返回：【否】
2021-07-21 17:30:06,078[17]INFO InfoLog[(null)]-查询服现役返回：【否】
2021-07-21 17:30:06,078[17]INFO InfoLog[(null)]-2.2、【太极】核查是否有在办业务及不可办理业务
2021-07-21 17:30:06,078[17]INFO InfoLog[(null)]-核查有效证件条数为：0条，失效证件条数为：2条
2021-07-21 17:30:06,079[17]INFO InfoLog[(null)]-1101**********0099张*鹏核查可办业务为：9条，可办业务为：13,13,11,13,13,11,13,13,11,
2021-07-21 17:30:06,079[17]INFO InfoLog[(null)]-2.3、【太极】核查外网预约信息
2021-07-21 17:30:06,080[17]INFO InfoLog[(null)]-张灿鹏查询到预约信息，办理业务为：21
2021-07-21 17:30:06,080[17]INFO InfoLog[(null)]-张*鹏预约信息时间：20210721-08:00-18:00
2021-07-21 17:30:06,082[17]INFO InfoLog[(null)]-紧急联系人：*，本人电话：186*****754,紧急联系人电话：186*****754，职业：自由*业者
2021-07-21 17:30:06,083[17]INFO InfoLog[(null)]-张*鹏保存预约类型：往来港澳通行证、
2021-07-21 17:30:06,084[17]INFO InfoLog[(null)]-2.4【太极】判断和过滤在办业务
2021-07-21 17:30:06,084[17]INFO InfoLog[(null)]-【太极】没有可过滤业务
2021-07-21 17:30:06,085[17]INFO InfoLog[(null)]-保存人口照片成功！
2021-07-21 17:30:06,093[17]INFO InfoLog[(null)]-太极人口信息保存正常，赋值到本地对象成功。
2021-07-21 17:30:06,093[17]INFO InfoLog[(null)]-【太极】结束核查【1101**********0099】信息
2021-07-21 17:30:06,113[17]INFO InfoLog[(null)]-
======2、结束核查【1101**********0099】人口信息========
2021-07-21 17:30:06,472[17]INFO InfoLog[(null)]-计算出年龄为：25
2021-07-21 17:30:06,473[17]INFO InfoLog[(null)]-
======3、开始获取 【1101**********0099张*鹏】的制证照片======
2021-07-21 17:30:06,874[17]INFO InfoLog[(null)]-查询制证照片接口返回：为空！
2021-07-21 17:30:06,874[17]INFO InfoLog[(null)]-
======3、结束获取 【1101**********0099张*鹏】的制证照片======
2021-07-21 17:30:06,875[17]INFO InfoLog[(null)]-读语音文件：预约机-提示-重新预约
2021-07-21 17:30:06,896[17]INFO InfoLog[(null)]-张灿鹏您已预约2021-07-2108:00-18:00 办理往来港澳通行证、业务
2021-07-21 17:30:06,897[17]INFO InfoLog[(null)]-消息提示:张灿鹏您已预约 2021-07-21-08:00-18:00 办理[往来港澳通行证、]业务,请点击【取号】按钮取号。
2021-07-21 17:30:06,903[17]INFO InfoLog[(null)]- 
***********************结束【身份核查】【1101**********0099张*鹏】页面***********************
2021-07-21 17:30:06,903[18]INFO InfoLog[(null)]-10
2021-07-21 17:30:07,905[18]INFO InfoLog[(null)]-9
2021-07-21 17:30:08,603[1]INFO InfoLog[(null)]-点击【取号】按钮
2021-07-21 17:30:08,604[1]INFO InfoLog[(null)]-******OnDispose停止计时器****** 
2021-07-21 17:30:08,629[1]INFO InfoLog[(null)]-******OnDispose停止计时器****** 
2021-07-21 17:30:08,691[1]INFO InfoLog[(null)]-
**********************************进入【填写申请信息】界面**********************************
2021-07-21 17:30:08,695[17]INFO InfoLog[(null)]-1200
2021-07-21 17:30:08,695[1]INFO InfoLog[(null)]-预约来源：网上
2021-07-21 17:30:08,699[1]INFO InfoLog[(null)]-取号模式：现场预约+取号
2021-07-21 17:30:08,701[1]INFO InfoLog[(null)]-《《《《《《默认预约指标数据》》》》》》》
2021-07-21 17:30:08,701[1]INFO InfoLog[(null)]-北京地区，开始查询预约指标接口……
2021-07-21 17:30:08,702[1]INFO InfoLog[(null)]-北京地区，结束查询预约指标接口……0
2021-07-21 17:30:08,702[1]INFO InfoLog[(null)]-20210721 08:00   18:00
2021-07-21 17:30:08,703[1]INFO InfoLog[(null)]-筛选在办业务【】
2021-07-21 17:30:08,704[1]INFO InfoLog[(null)]-《《《《《《默认初始化数据》》》》》》》
2021-07-21 17:30:08,715[1]INFO InfoLog[(null)]-0 来源申请类型有：1 笔 
2021-07-21 17:30:08,721[1]INFO InfoLog[(null)]-开始初始化【港澳】数据：
2021-07-21 17:30:08,730[1]INFO InfoLog[(null)]-预约办理：21
2021-07-21 17:30:08,731[1]INFO InfoLog[(null)]-预约办理：21，不在可办业务范围内。默认修改为：13
2021-07-21 17:30:09,197[1]INFO InfoLog[(null)]-预约办理：21
2021-07-21 17:30:09,696[17]INFO InfoLog[(null)]-1199
2021-07-21 17:30:10,698[17]INFO InfoLog[(null)]-1198
2021-07-21 17:30:11,699[17]INFO InfoLog[(null)]-1197
2021-07-21 17:30:12,700[17]INFO InfoLog[(null)]-1196
2021-07-21 17:30:13,701[17]INFO InfoLog[(null)]-1195
2021-07-21 17:30:14,704[17]INFO InfoLog[(null)]-1194
2021-07-21 17:30:15,707[17]INFO InfoLog[(null)]-1193
2021-07-21 17:30:16,710[17]INFO InfoLog[(null)]-1192
2021-07-21 17:30:17,711[17]INFO InfoLog[(null)]-1191
2021-07-21 17:30:18,712[17]INFO InfoLog[(null)]-1190
2021-07-21 17:30:19,714[17]INFO InfoLog[(null)]-1189
2021-07-21 17:30:20,716[17]INFO InfoLog[(null)]-1188
2021-07-21 17:30:21,717[17]INFO InfoLog[(null)]-1187
2021-07-21 17:30:22,718[17]INFO InfoLog[(null)]-1186
2021-07-21 17:30:23,721[17]INFO InfoLog[(null)]-1185
2021-07-21 17:30:24,722[17]INFO InfoLog[(null)]-1184
2021-07-21 17:30:25,724[17]INFO InfoLog[(null)]-1183
2021-07-21 17:30:26,726[17]INFO InfoLog[(null)]-1182
2021-07-21 17:30:27,727[17]INFO InfoLog[(null)]-1181
2021-07-21 17:30:33,654[17]INFO InfoLog[(null)]-1180
2021-07-21 17:30:33,658[1]INFO InfoLog[(null)]-上传设备状态关机【成功】
2021-07-21 17:30:34,021[1]INFO InfoLog[(null)]-上传设备运行状态【成功】
2021-07-21 17:30:34,030[1]INFO InfoLog[(null)]-===================结束【主程序】【Freedom.ZHPHMachine】====================
2021-07-21 17:31:21,795[5]INFO InfoLog[(null)]-===================开始启动主程序【Freedom.ZHPHMachine】====================
2021-07-21 17:31:21,859[5]INFO InfoLog[(null)]-***本地配置文件参数加载 及获取设备信息***
2021-07-21 17:31:21,876[5]INFO InfoLog[(null)]-本机IP：192.168.22.177
2021-07-21 17:31:23,145[5]INFO InfoLog[(null)]-应用服务器正常连接...
2021-07-21 17:31:23,519[5]INFO InfoLog[(null)]-设备终端信息查询返回：成功！
2021-07-21 17:31:23,520[5]INFO InfoLog[(null)]-192.168.22.177-③号预约取号机 此设备认证成功！
2021-07-21 17:31:23,906[5]INFO InfoLog[(null)]-设备id：134
2021-07-21 17:31:23,910[5]INFO InfoLog[(null)]-更新配置文件：True
2021-07-21 17:31:24,274[5]INFO InfoLog[(null)]-完善更新设备版本号：1.0.9.15信息：True
2021-07-21 17:31:24,277[5]INFO InfoLog[(null)]-======监控工具【开始启动】======
2021-07-21 17:31:24,278[5]INFO InfoLog[(null)]-======监控工具【启动不成功】======
2021-07-21 17:31:24,279[5]INFO InfoLog[(null)]-======监控工具【开始启动】======
2021-07-21 17:31:24,279[5]INFO InfoLog[(null)]-======监控工具【启动不成功】======
2021-07-21 17:31:24,280[5]INFO InfoLog[(null)]-======监控工具【开始启动】======
2021-07-21 17:31:24,280[5]INFO InfoLog[(null)]-======监控工具【启动不成功】======
2021-07-21 17:31:24,482[5]INFO InfoLog[(null)]-***第一次启动检查打印机、读卡器、条码枪是否正常***
2021-07-21 17:31:24,494[5]INFO InfoLog[(null)]-***开始加载服务器【字典数据】到本地***
2021-07-21 17:31:24,540[5]INFO InfoLog[(null)]-下载字典任务：14 数。
2021-07-21 17:31:27,888[5]INFO InfoLog[(null)]-获取系统参数成功！开始下载派号打印模板...
2021-07-21 17:31:27,895[5]INFO InfoLog[(null)]-获取系统打印回执参数返回【成功】，参数【PHTemplatesName】的值为：http://192.168.20.233:6487/wordTemplates/phTableBJ.doc
2021-07-21 17:31:27,895[5]INFO InfoLog[(null)]-获取下载模板文件路径：D:\22.233\Freedom.ZHPHMachine\bin\Release\phTableBJ.doc
2021-07-21 17:31:27,903[5]INFO InfoLog[(null)]-管理员密码为：HS110721
2021-07-21 17:31:28,269[5]INFO InfoLog[(null)]-获取拼音字典数据：247条！
2021-07-21 17:31:28,270[5]INFO InfoLog[(null)]-***结束加载服务器【字典数据】到本地***
2021-07-21 17:31:28,270[5]INFO InfoLog[(null)]-***记录设备监控日志***
2021-07-21 17:31:29,014[5]INFO InfoLog[(null)]-上传监控设备使用记录：记录设备监控【134.0】成功！
2021-07-21 17:31:29,370[5]INFO InfoLog[(null)]-【太极】上传设备状态返回【成功】
2021-07-21 17:31:29,726[5]INFO InfoLog[(null)]-【太极】上传设备运行状态返回【成功】
2021-07-21 17:31:29,728[5]INFO InfoLog[(null)]-End:
2021-07-21 17:31:29,730[5]INFO InfoLog[(null)]-【③号预约取号机】【QH0003】【在线中】<初始化成功>
2021-07-21 17:31:30,114[1]INFO InfoLog[(null)]-
***********************进入【首页】***********************
2021-07-21 17:31:30,115[1]INFO InfoLog[(null)]-======清空上个人的信息=====
2021-07-21 17:31:30,491[3]INFO InfoLog[(null)]-修改设备状态【空闲中】：成功
2021-07-21 17:31:30,493[3]INFO InfoLog[(null)]-首页数据初始化：【成功】
2021-07-21 17:31:30,495[3]INFO InfoLog[(null)]-
***********************结束【首页】”0“***********************
2021-07-21 17:31:30,496[1]INFO InfoLog[(null)]-MainPage OnDispose
2021-07-21 17:31:30,502[1]INFO InfoLog[(null)]-******OnDispose停止计时器****** 
2021-07-21 17:31:30,719[1]INFO InfoLog[(null)]-
*********************** 进入【刷身份证】身份证识读界面*********************** 
2021-07-21 17:31:30,724[1]INFO InfoLog[(null)]-读语音文件：预约机-页面-刷身份证
2021-07-21 17:31:30,738[1]INFO InfoLog[(null)]-开始初始化身份信息：成功
2021-07-21 17:31:30,744[20]INFO InfoLog[(null)]-False开始读卡：执行身份证读卡循环，方法名：ReadIDCardFun 
2021-07-21 17:31:32,756[20]INFO InfoLog[(null)]-读卡成功：【黄*亮】【1101**********0099】
2021-07-21 17:31:32,757[20]INFO InfoLog[(null)]-倒计时结束，开始关闭身份证阅读器
2021-07-21 17:31:32,757[20]INFO InfoLog[(null)]-关闭身份证阅读器成功！
2021-07-21 17:31:32,758[20]INFO InfoLog[(null)]-
*********************** 结束【刷身份证】身份证识读界面*********************** 
2021-07-21 17:31:32,758[20]INFO InfoLog[(null)]- 
*********************** 进入【身份核查】【1101**********0099 黄*亮】页面*********************** 
2021-07-21 17:31:33,174[21]INFO InfoLog[(null)]-修改设备状态【受理中】：成功
2021-07-21 17:31:33,175[21]INFO InfoLog[(null)]-
======1、开始查询平台【1101**********0099黄*亮预约信息======
2021-07-21 17:31:33,566[21]INFO InfoLog[(null)]-1101**********0099黄*亮今日未查询到预约信息!
2021-07-21 17:31:33,567[21]INFO InfoLog[(null)]-
======1、结束查询平台【1101**********0099黄*亮预约信息======
2021-07-21 17:31:33,567[21]INFO InfoLog[(null)]-
======2、开始核查【1101**********0099】人口信息========
2021-07-21 17:31:33,567[21]INFO InfoLog[(null)]-IsConnectionDjz：False IsConnectionTj：True======
2021-07-21 17:31:34,275[21]INFO InfoLog[(null)]-开始登陆【太极】导服接口
2021-07-21 17:31:34,280[21]INFO InfoLog[(null)]-【太极】导服接口登录返回True：单位编号：BA1D16BAAAA84982BD6E844C730A0E58，单位代码：110111060100
2021-07-21 17:31:34,280[21]INFO InfoLog[(null)]-结束登录【太极】接口
2021-07-21 17:31:34,308[21]INFO InfoLog[(null)]-【太极】开始核查【1101**********0099】信息
2021-07-21 17:31:34,352[21]INFO InfoLog[(null)]-4115**********3037【太极】导服查询导引结果返回：张*鹏来自河南淮滨县，户口所在地：河南省淮滨县性别：男，民族：01，生日：19951216
2021-07-21 17:31:34,352[21]INFO InfoLog[(null)]-63c0d98b17364c69bb5d0b008bab24b9人口信息：1条，证件信息：2，预约信息：1条，可办理业务信息：9条，在办业务信息：0条
2021-07-21 17:31:34,352[21]INFO InfoLog[(null)]-2.1、【太极】核查是否符合办理条件：
2021-07-21 17:31:34,353[21]INFO InfoLog[(null)]-是否北京户籍：False
2021-07-21 17:31:34,354[21]INFO InfoLog[(null)]-查询控制对象返回：【否】
2021-07-21 17:31:34,354[21]INFO InfoLog[(null)]-查询新疆重点人员返回：【否】
2021-07-21 17:31:34,355[21]INFO InfoLog[(null)]-查询重点人员返回：【否】
2021-07-21 17:31:34,355[21]INFO InfoLog[(null)]-查询服现役返回：【否】
2021-07-21 17:31:34,355[21]INFO InfoLog[(null)]-2.2、【太极】核查是否有在办业务及不可办理业务
2021-07-21 17:31:34,355[21]INFO InfoLog[(null)]-核查有效证件条数为：0条，失效证件条数为：2条
2021-07-21 17:31:34,356[21]INFO InfoLog[(null)]-1101**********0099张*鹏核查可办业务为：9条，可办业务为：13,13,11,13,13,11,13,13,11,
2021-07-21 17:31:34,357[21]INFO InfoLog[(null)]-2.3、【太极】核查外网预约信息
2021-07-21 17:31:34,357[21]INFO InfoLog[(null)]-张灿鹏查询到预约信息，办理业务为：21
2021-07-21 17:31:34,358[21]INFO InfoLog[(null)]-张*鹏预约信息时间：20210721-08:00-18:00
2021-07-21 17:31:34,363[21]INFO InfoLog[(null)]-紧急联系人：*，本人电话：186*****754,紧急联系人电话：186*****754，职业：自由*业者
2021-07-21 17:31:34,364[21]INFO InfoLog[(null)]-张*鹏保存预约类型：往来港澳通行证、
2021-07-21 17:31:34,365[21]INFO InfoLog[(null)]-2.4【太极】判断和过滤在办业务
2021-07-21 17:31:34,365[21]INFO InfoLog[(null)]-【太极】没有可过滤业务
2021-07-21 17:31:34,367[21]INFO InfoLog[(null)]-保存人口照片成功！
2021-07-21 17:31:34,373[21]INFO InfoLog[(null)]-太极人口信息保存正常，赋值到本地对象成功。
2021-07-21 17:31:34,373[21]INFO InfoLog[(null)]-【太极】结束核查【1101**********0099】信息
2021-07-21 17:31:34,407[21]INFO InfoLog[(null)]-
======2、结束核查【1101**********0099】人口信息========
2021-07-21 17:31:34,763[21]INFO InfoLog[(null)]-计算出年龄为：25
2021-07-21 17:31:34,763[21]INFO InfoLog[(null)]-
======3、开始获取 【1101**********0099张*鹏】的制证照片======
2021-07-21 17:31:35,138[21]INFO InfoLog[(null)]-查询制证照片接口返回：为空！
2021-07-21 17:31:35,139[21]INFO InfoLog[(null)]-
======3、结束获取 【1101**********0099张*鹏】的制证照片======
2021-07-21 17:31:35,139[21]INFO InfoLog[(null)]-读语音文件：预约机-提示-重新预约
2021-07-21 17:31:35,156[21]INFO InfoLog[(null)]-张灿鹏您已预约2021-07-2108:00-18:00 办理往来港澳通行证、业务
2021-07-21 17:31:35,157[21]INFO InfoLog[(null)]-消息提示:张灿鹏您已预约 2021-07-21-08:00-18:00 办理[往来港澳通行证、]业务,请点击【取号】按钮取号。
2021-07-21 17:31:35,161[21]INFO InfoLog[(null)]- 
***********************结束【身份核查】【1101**********0099张*鹏】页面***********************
2021-07-21 17:31:35,165[22]INFO InfoLog[(null)]-10
2021-07-21 17:31:36,167[22]INFO InfoLog[(null)]-9
2021-07-21 17:31:36,739[1]INFO InfoLog[(null)]-点击【取号】按钮
2021-07-21 17:31:36,740[1]INFO InfoLog[(null)]-******OnDispose停止计时器****** 
2021-07-21 17:31:36,762[1]INFO InfoLog[(null)]-******OnDispose停止计时器****** 
2021-07-21 17:31:36,851[1]INFO InfoLog[(null)]-
**********************************进入【填写申请信息】界面**********************************
2021-07-21 17:31:36,861[1]INFO InfoLog[(null)]-预约来源：网上
2021-07-21 17:31:36,861[21]INFO InfoLog[(null)]-1200
2021-07-21 17:31:36,868[1]INFO InfoLog[(null)]-取号模式：现场预约+取号
2021-07-21 17:31:36,870[1]INFO InfoLog[(null)]-《《《《《《默认预约指标数据》》》》》》》
2021-07-21 17:31:36,871[1]INFO InfoLog[(null)]-北京地区，开始查询预约指标接口……
2021-07-21 17:31:36,871[1]INFO InfoLog[(null)]-北京地区，结束查询预约指标接口……0
2021-07-21 17:31:36,871[1]INFO InfoLog[(null)]-20210721 08:00   18:00
2021-07-21 17:31:36,872[1]INFO InfoLog[(null)]-筛选在办业务【】
2021-07-21 17:31:36,872[1]INFO InfoLog[(null)]-《《《《《《默认初始化数据》》》》》》》
2021-07-21 17:31:36,887[1]INFO InfoLog[(null)]-0 来源申请类型有：1 笔 
2021-07-21 17:31:36,895[1]INFO InfoLog[(null)]-开始初始化【港澳】数据：
2021-07-21 17:31:36,902[1]INFO InfoLog[(null)]-预约办理：21
2021-07-21 17:31:36,902[1]INFO InfoLog[(null)]-预约办理：21，不在可办业务范围内。默认修改为：13
2021-07-21 17:31:40,975[21]INFO InfoLog[(null)]-1199
2021-07-21 17:31:42,324[21]INFO InfoLog[(null)]-1198
2021-07-21 17:31:43,445[21]INFO InfoLog[(null)]-1197
2021-07-21 17:31:56,074[21]INFO InfoLog[(null)]-1196
2021-07-21 17:32:01,560[21]INFO InfoLog[(null)]-1195
2021-07-21 17:32:03,375[21]INFO InfoLog[(null)]-1194
2021-07-21 17:32:04,574[21]INFO InfoLog[(null)]-1193
2021-07-21 17:32:17,925[21]INFO InfoLog[(null)]-1192
2021-07-21 17:33:58,306[21]INFO InfoLog[(null)]-1191
2021-07-21 17:33:58,330[1]INFO InfoLog[(null)]-预约办理：21
2021-07-21 17:34:00,664[21]INFO InfoLog[(null)]-1190
2021-07-21 17:34:02,270[21]INFO InfoLog[(null)]-1189
2021-07-21 17:34:04,354[21]INFO InfoLog[(null)]-1188
2021-07-21 17:37:19,231[5]INFO InfoLog[(null)]-===================开始启动主程序【Freedom.ZHPHMachine】====================
2021-07-21 17:37:19,294[5]INFO InfoLog[(null)]-***本地配置文件参数加载 及获取设备信息***
2021-07-21 17:37:19,315[5]INFO InfoLog[(null)]-本机IP：192.168.22.177
2021-07-21 17:37:20,565[5]INFO InfoLog[(null)]-应用服务器正常连接...
2021-07-21 17:37:20,932[5]INFO InfoLog[(null)]-设备终端信息查询返回：成功！
2021-07-21 17:37:20,932[5]INFO InfoLog[(null)]-192.168.22.177-③号预约取号机 此设备认证成功！
2021-07-21 17:37:21,301[5]INFO InfoLog[(null)]-设备id：134
2021-07-21 17:37:21,304[5]INFO InfoLog[(null)]-更新配置文件：True
2021-07-21 17:37:21,666[5]INFO InfoLog[(null)]-完善更新设备版本号：1.0.9.15信息：True
2021-07-21 17:37:21,668[5]INFO InfoLog[(null)]-======监控工具【开始启动】======
2021-07-21 17:37:21,669[5]INFO InfoLog[(null)]-======监控工具【启动不成功】======
2021-07-21 17:37:21,669[5]INFO InfoLog[(null)]-======监控工具【开始启动】======
2021-07-21 17:37:21,669[5]INFO InfoLog[(null)]-======监控工具【启动不成功】======
2021-07-21 17:37:21,670[5]INFO InfoLog[(null)]-======监控工具【开始启动】======
2021-07-21 17:37:21,670[5]INFO InfoLog[(null)]-======监控工具【启动不成功】======
2021-07-21 17:37:21,872[5]INFO InfoLog[(null)]-***第一次启动检查打印机、读卡器、条码枪是否正常***
2021-07-21 17:37:21,884[5]INFO InfoLog[(null)]-***开始加载服务器【字典数据】到本地***
2021-07-21 17:37:21,929[5]INFO InfoLog[(null)]-下载字典任务：14 数。
2021-07-21 17:37:25,792[5]INFO InfoLog[(null)]-获取系统参数成功！开始下载派号打印模板...
2021-07-21 17:37:25,803[5]INFO InfoLog[(null)]-获取系统打印回执参数返回【成功】，参数【PHTemplatesName】的值为：http://192.168.20.233:6487/wordTemplates/phTableBJ.doc
2021-07-21 17:37:25,803[5]INFO InfoLog[(null)]-获取下载模板文件路径：D:\22.233\Freedom.ZHPHMachine\bin\Release\phTableBJ.doc
2021-07-21 17:37:25,812[5]INFO InfoLog[(null)]-管理员密码为：HS110721
2021-07-21 17:37:26,180[5]INFO InfoLog[(null)]-获取拼音字典数据：247条！
2021-07-21 17:37:26,181[5]INFO InfoLog[(null)]-***结束加载服务器【字典数据】到本地***
2021-07-21 17:37:26,181[5]INFO InfoLog[(null)]-***记录设备监控日志***
2021-07-21 17:37:26,915[5]INFO InfoLog[(null)]-上传监控设备使用记录：记录设备监控【134.0】成功！
2021-07-21 17:37:27,272[5]INFO InfoLog[(null)]-【太极】上传设备状态返回【成功】
2021-07-21 17:37:27,630[5]INFO InfoLog[(null)]-【太极】上传设备运行状态返回【成功】
2021-07-21 17:37:27,631[5]INFO InfoLog[(null)]-End:
2021-07-21 17:37:27,632[5]INFO InfoLog[(null)]-【③号预约取号机】【QH0003】【在线中】<初始化成功>
2021-07-21 17:37:27,996[1]INFO InfoLog[(null)]-
***********************进入【首页】***********************
2021-07-21 17:37:27,996[1]INFO InfoLog[(null)]-======清空上个人的信息=====
2021-07-21 17:37:28,375[3]INFO InfoLog[(null)]-修改设备状态【空闲中】：成功
2021-07-21 17:37:28,377[3]INFO InfoLog[(null)]-首页数据初始化：【成功】
2021-07-21 17:37:28,378[3]INFO InfoLog[(null)]-
***********************结束【首页】”0“***********************
2021-07-21 17:37:28,380[1]INFO InfoLog[(null)]-MainPage OnDispose
2021-07-21 17:37:28,384[1]INFO InfoLog[(null)]-******OnDispose停止计时器****** 
2021-07-21 17:37:28,584[1]INFO InfoLog[(null)]-
*********************** 进入【刷身份证】身份证识读界面*********************** 
2021-07-21 17:37:28,589[1]INFO InfoLog[(null)]-读语音文件：预约机-页面-刷身份证
2021-07-21 17:37:28,607[1]INFO InfoLog[(null)]-开始初始化身份信息：成功
2021-07-21 17:37:28,613[21]INFO InfoLog[(null)]-False开始读卡：执行身份证读卡循环，方法名：ReadIDCardFun 
2021-07-21 17:37:30,625[21]INFO InfoLog[(null)]-读卡成功：【黄*亮】【1101**********0099】
2021-07-21 17:37:30,625[21]INFO InfoLog[(null)]-倒计时结束，开始关闭身份证阅读器
2021-07-21 17:37:30,625[21]INFO InfoLog[(null)]-关闭身份证阅读器成功！
2021-07-21 17:37:30,626[21]INFO InfoLog[(null)]-
*********************** 结束【刷身份证】身份证识读界面*********************** 
2021-07-21 17:37:30,627[21]INFO InfoLog[(null)]- 
*********************** 进入【身份核查】【1101**********0099 黄*亮】页面*********************** 
2021-07-21 17:37:31,026[22]INFO InfoLog[(null)]-修改设备状态【受理中】：成功
2021-07-21 17:37:31,027[22]INFO InfoLog[(null)]-
======1、开始查询平台【1101**********0099黄*亮预约信息======
2021-07-21 17:37:31,418[22]INFO InfoLog[(null)]-1101**********0099黄*亮今日未查询到预约信息!
2021-07-21 17:37:31,419[22]INFO InfoLog[(null)]-
======1、结束查询平台【1101**********0099黄*亮预约信息======
2021-07-21 17:37:31,420[22]INFO InfoLog[(null)]-
======2、开始核查【1101**********0099】人口信息========
2021-07-21 17:37:31,420[22]INFO InfoLog[(null)]-IsConnectionDjz：False IsConnectionTj：True======
2021-07-21 17:37:32,128[22]INFO InfoLog[(null)]-开始登陆【太极】导服接口
2021-07-21 17:37:32,132[22]INFO InfoLog[(null)]-【太极】导服接口登录返回True：单位编号：BA1D16BAAAA84982BD6E844C730A0E58，单位代码：110111060100
2021-07-21 17:37:32,133[22]INFO InfoLog[(null)]-结束登录【太极】接口
2021-07-21 17:37:32,160[22]INFO InfoLog[(null)]-【太极】开始核查【1101**********0099】信息
2021-07-21 17:37:32,201[22]INFO InfoLog[(null)]-4115**********3037【太极】导服查询导引结果返回：张*鹏来自河南淮滨县，户口所在地：河南省淮滨县性别：男，民族：01，生日：19951216
2021-07-21 17:37:32,202[22]INFO InfoLog[(null)]-63c0d98b17364c69bb5d0b008bab24b9人口信息：1条，证件信息：2，预约信息：1条，可办理业务信息：9条，在办业务信息：0条
2021-07-21 17:37:32,203[22]INFO InfoLog[(null)]-2.1、【太极】核查是否符合办理条件：
2021-07-21 17:37:32,204[22]INFO InfoLog[(null)]-是否北京户籍：False
2021-07-21 17:37:32,204[22]INFO InfoLog[(null)]-查询控制对象返回：【否】
2021-07-21 17:37:32,205[22]INFO InfoLog[(null)]-查询新疆重点人员返回：【否】
2021-07-21 17:37:32,205[22]INFO InfoLog[(null)]-查询重点人员返回：【否】
2021-07-21 17:37:32,205[22]INFO InfoLog[(null)]-查询服现役返回：【否】
2021-07-21 17:37:32,205[22]INFO InfoLog[(null)]-2.2、【太极】核查是否有在办业务及不可办理业务
2021-07-21 17:37:32,206[22]INFO InfoLog[(null)]-核查有效证件条数为：0条，失效证件条数为：2条
2021-07-21 17:37:32,206[22]INFO InfoLog[(null)]-1101**********0099张*鹏核查可办业务为：9条，可办业务为：13,13,11,13,13,11,13,13,11,
2021-07-21 17:37:32,207[22]INFO InfoLog[(null)]-2.3、【太极】核查外网预约信息
2021-07-21 17:37:32,207[22]INFO InfoLog[(null)]-张灿鹏查询到预约信息，办理业务为：21
2021-07-21 17:37:32,208[22]INFO InfoLog[(null)]-张*鹏预约信息时间：20210721-08:00-18:00
2021-07-21 17:37:32,211[22]INFO InfoLog[(null)]-紧急联系人：*，本人电话：186*****754,紧急联系人电话：186*****754，职业：自由*业者
2021-07-21 17:37:32,213[22]INFO InfoLog[(null)]-张*鹏保存预约类型：往来港澳通行证、
2021-07-21 17:37:32,213[22]INFO InfoLog[(null)]-2.4【太极】判断和过滤在办业务
2021-07-21 17:37:32,213[22]INFO InfoLog[(null)]-【太极】没有可过滤业务
2021-07-21 17:37:32,215[22]INFO InfoLog[(null)]-保存人口照片成功！
2021-07-21 17:37:32,223[22]INFO InfoLog[(null)]-太极人口信息保存正常，赋值到本地对象成功。
2021-07-21 17:37:32,223[22]INFO InfoLog[(null)]-【太极】结束核查【1101**********0099】信息
2021-07-21 17:37:32,249[22]INFO InfoLog[(null)]-
======2、结束核查【1101**********0099】人口信息========
2021-07-21 17:37:32,605[22]INFO InfoLog[(null)]-计算出年龄为：25
2021-07-21 17:37:32,605[22]INFO InfoLog[(null)]-
======3、开始获取 【1101**********0099张*鹏】的制证照片======
2021-07-21 17:37:32,993[22]INFO InfoLog[(null)]-查询制证照片接口返回：为空！
2021-07-21 17:37:32,993[22]INFO InfoLog[(null)]-
======3、结束获取 【1101**********0099张*鹏】的制证照片======
2021-07-21 17:37:32,994[22]INFO InfoLog[(null)]-读语音文件：预约机-提示-重新预约
2021-07-21 17:37:33,010[22]INFO InfoLog[(null)]-张灿鹏您已预约2021-07-2108:00-18:00 办理往来港澳通行证、业务
2021-07-21 17:37:33,011[22]INFO InfoLog[(null)]-消息提示:张灿鹏您已预约 2021-07-21-08:00-18:00 办理[往来港澳通行证、]业务,请点击【取号】按钮取号。
2021-07-21 17:37:33,014[22]INFO InfoLog[(null)]- 
***********************结束【身份核查】【1101**********0099张*鹏】页面***********************
2021-07-21 17:37:33,042[23]INFO InfoLog[(null)]-10
2021-07-21 17:37:34,228[23]INFO InfoLog[(null)]-9
2021-07-21 17:37:34,229[1]INFO InfoLog[(null)]-点击【取号】按钮
2021-07-21 17:37:34,230[1]INFO InfoLog[(null)]-******OnDispose停止计时器****** 
2021-07-21 17:37:34,251[1]INFO InfoLog[(null)]-******OnDispose停止计时器****** 
2021-07-21 17:37:34,340[1]INFO InfoLog[(null)]-
**********************************进入【填写申请信息】界面**********************************
2021-07-21 17:37:34,348[1]INFO InfoLog[(null)]-预约来源：网上
2021-07-21 17:37:34,349[22]INFO InfoLog[(null)]-1200
2021-07-21 17:37:34,354[1]INFO InfoLog[(null)]-取号模式：现场预约+取号
2021-07-21 17:37:34,356[1]INFO InfoLog[(null)]-《《《《《《默认预约指标数据》》》》》》》
2021-07-21 17:37:34,358[1]INFO InfoLog[(null)]-北京地区，开始查询预约指标接口……
2021-07-21 17:37:34,359[1]INFO InfoLog[(null)]-北京地区，结束查询预约指标接口……0
2021-07-21 17:37:34,359[1]INFO InfoLog[(null)]-20210721 08:00   18:00
2021-07-21 17:37:34,360[1]INFO InfoLog[(null)]-筛选在办业务【】
2021-07-21 17:37:34,361[1]INFO InfoLog[(null)]-《《《《《《默认初始化数据》》》》》》》
2021-07-21 17:37:34,377[1]INFO InfoLog[(null)]-0 来源申请类型有：1 笔 
2021-07-21 17:37:34,387[1]INFO InfoLog[(null)]-开始初始化【港澳】数据：
2021-07-21 17:37:34,396[1]INFO InfoLog[(null)]-预约办理：21
2021-07-21 17:37:34,397[1]INFO InfoLog[(null)]-预约办理：21，不在可办业务范围内。默认修改为：13
2021-07-21 17:37:36,700[22]INFO InfoLog[(null)]-1199
2021-07-21 17:37:37,778[22]INFO InfoLog[(null)]-1198
2021-07-21 17:37:38,786[22]INFO InfoLog[(null)]-1197
2021-07-21 17:37:39,792[22]INFO InfoLog[(null)]-1196
2021-07-21 17:37:39,819[1]INFO InfoLog[(null)]-预约办理：21
2021-07-21 17:37:41,275[22]INFO InfoLog[(null)]-1195
2021-07-21 17:38:19,691[5]INFO InfoLog[(null)]-===================开始启动主程序【Freedom.ZHPHMachine】====================
2021-07-21 17:38:19,745[5]INFO InfoLog[(null)]-***本地配置文件参数加载 及获取设备信息***
2021-07-21 17:38:19,768[5]INFO InfoLog[(null)]-本机IP：192.168.22.177
2021-07-21 17:38:21,005[5]INFO InfoLog[(null)]-应用服务器正常连接...
2021-07-21 17:38:21,374[5]INFO InfoLog[(null)]-设备终端信息查询返回：成功！
2021-07-21 17:38:21,375[5]INFO InfoLog[(null)]-192.168.22.177-③号预约取号机 此设备认证成功！
2021-07-21 17:38:21,753[5]INFO InfoLog[(null)]-设备id：134
2021-07-21 17:38:21,756[5]INFO InfoLog[(null)]-更新配置文件：True
2021-07-21 17:38:22,118[5]INFO InfoLog[(null)]-完善更新设备版本号：1.0.9.15信息：True
2021-07-21 17:38:22,120[5]INFO InfoLog[(null)]-======监控工具【开始启动】======
2021-07-21 17:38:22,121[5]INFO InfoLog[(null)]-======监控工具【启动不成功】======
2021-07-21 17:38:22,121[5]INFO InfoLog[(null)]-======监控工具【开始启动】======
2021-07-21 17:38:22,121[5]INFO InfoLog[(null)]-======监控工具【启动不成功】======
2021-07-21 17:38:22,121[5]INFO InfoLog[(null)]-======监控工具【开始启动】======
2021-07-21 17:38:22,122[5]INFO InfoLog[(null)]-======监控工具【启动不成功】======
2021-07-21 17:38:22,323[5]INFO InfoLog[(null)]-***第一次启动检查打印机、读卡器、条码枪是否正常***
2021-07-21 17:38:22,340[5]INFO InfoLog[(null)]-***开始加载服务器【字典数据】到本地***
2021-07-21 17:38:22,447[5]INFO InfoLog[(null)]-下载字典任务：14 数。
2021-07-21 17:38:26,339[5]INFO InfoLog[(null)]-获取系统参数成功！开始下载派号打印模板...
2021-07-21 17:38:26,346[5]INFO InfoLog[(null)]-获取系统打印回执参数返回【成功】，参数【PHTemplatesName】的值为：http://192.168.20.233:6487/wordTemplates/phTableBJ.doc
2021-07-21 17:38:26,347[5]INFO InfoLog[(null)]-获取下载模板文件路径：D:\22.233\Freedom.ZHPHMachine\bin\Release\phTableBJ.doc
2021-07-21 17:38:26,353[5]INFO InfoLog[(null)]-管理员密码为：HS110721
2021-07-21 17:38:26,719[5]INFO InfoLog[(null)]-获取拼音字典数据：247条！
2021-07-21 17:38:26,720[5]INFO InfoLog[(null)]-***结束加载服务器【字典数据】到本地***
2021-07-21 17:38:26,720[5]INFO InfoLog[(null)]-***记录设备监控日志***
2021-07-21 17:38:27,458[5]INFO InfoLog[(null)]-上传监控设备使用记录：记录设备监控【134.0】成功！
2021-07-21 17:38:27,815[5]INFO InfoLog[(null)]-【太极】上传设备状态返回【成功】
2021-07-21 17:38:28,171[5]INFO InfoLog[(null)]-【太极】上传设备运行状态返回【成功】
2021-07-21 17:38:28,173[5]INFO InfoLog[(null)]-End:
2021-07-21 17:38:28,174[5]INFO InfoLog[(null)]-【③号预约取号机】【QH0003】【在线中】<初始化成功>
2021-07-21 17:38:28,583[1]INFO InfoLog[(null)]-
***********************进入【首页】***********************
2021-07-21 17:38:28,583[1]INFO InfoLog[(null)]-======清空上个人的信息=====
2021-07-21 17:38:28,962[3]INFO InfoLog[(null)]-修改设备状态【空闲中】：成功
2021-07-21 17:38:28,964[3]INFO InfoLog[(null)]-首页数据初始化：【成功】
2021-07-21 17:38:28,966[3]INFO InfoLog[(null)]-
***********************结束【首页】”0“***********************
2021-07-21 17:38:28,968[1]INFO InfoLog[(null)]-MainPage OnDispose
2021-07-21 17:38:28,975[1]INFO InfoLog[(null)]-******OnDispose停止计时器****** 
2021-07-21 17:38:29,231[1]INFO InfoLog[(null)]-
*********************** 进入【刷身份证】身份证识读界面*********************** 
2021-07-21 17:38:29,239[1]INFO InfoLog[(null)]-读语音文件：预约机-页面-刷身份证
2021-07-21 17:38:29,258[1]INFO InfoLog[(null)]-开始初始化身份信息：成功
2021-07-21 17:38:29,265[21]INFO InfoLog[(null)]-False开始读卡：执行身份证读卡循环，方法名：ReadIDCardFun 
2021-07-21 17:38:31,279[21]INFO InfoLog[(null)]-读卡成功：【黄*亮】【1101**********0099】
2021-07-21 17:38:31,280[21]INFO InfoLog[(null)]-倒计时结束，开始关闭身份证阅读器
2021-07-21 17:38:31,280[21]INFO InfoLog[(null)]-关闭身份证阅读器成功！
2021-07-21 17:38:31,281[21]INFO InfoLog[(null)]-
*********************** 结束【刷身份证】身份证识读界面*********************** 
2021-07-21 17:38:31,281[21]INFO InfoLog[(null)]- 
*********************** 进入【身份核查】【1101**********0099 黄*亮】页面*********************** 
2021-07-21 17:38:31,678[22]INFO InfoLog[(null)]-修改设备状态【受理中】：成功
2021-07-21 17:38:31,678[22]INFO InfoLog[(null)]-
======1、开始查询平台【1101**********0099黄*亮预约信息======
2021-07-21 17:38:32,086[22]INFO InfoLog[(null)]-1101**********0099黄*亮今日未查询到预约信息!
2021-07-21 17:38:32,086[22]INFO InfoLog[(null)]-
======1、结束查询平台【1101**********0099黄*亮预约信息======
2021-07-21 17:38:32,086[22]INFO InfoLog[(null)]-
======2、开始核查【1101**********0099】人口信息========
2021-07-21 17:38:32,087[22]INFO InfoLog[(null)]-IsConnectionDjz：False IsConnectionTj：True======
2021-07-21 17:38:32,795[22]INFO InfoLog[(null)]-开始登陆【太极】导服接口
2021-07-21 17:38:32,800[22]INFO InfoLog[(null)]-【太极】导服接口登录返回True：单位编号：BA1D16BAAAA84982BD6E844C730A0E58，单位代码：110111060100
2021-07-21 17:38:32,801[22]INFO InfoLog[(null)]-结束登录【太极】接口
2021-07-21 17:38:32,825[22]INFO InfoLog[(null)]-【太极】开始核查【1101**********0099】信息
2021-07-21 17:38:32,863[22]INFO InfoLog[(null)]-4115**********3037【太极】导服查询导引结果返回：张*鹏来自河南淮滨县，户口所在地：河南省淮滨县性别：男，民族：01，生日：19951216
2021-07-21 17:38:32,864[22]INFO InfoLog[(null)]-63c0d98b17364c69bb5d0b008bab24b9人口信息：1条，证件信息：2，预约信息：1条，可办理业务信息：9条，在办业务信息：0条
2021-07-21 17:38:32,864[22]INFO InfoLog[(null)]-2.1、【太极】核查是否符合办理条件：
2021-07-21 17:38:32,865[22]INFO InfoLog[(null)]-是否北京户籍：False
2021-07-21 17:38:32,866[22]INFO InfoLog[(null)]-查询控制对象返回：【否】
2021-07-21 17:38:32,866[22]INFO InfoLog[(null)]-查询新疆重点人员返回：【否】
2021-07-21 17:38:32,866[22]INFO InfoLog[(null)]-查询重点人员返回：【否】
2021-07-21 17:38:32,867[22]INFO InfoLog[(null)]-查询服现役返回：【否】
2021-07-21 17:38:32,867[22]INFO InfoLog[(null)]-2.2、【太极】核查是否有在办业务及不可办理业务
2021-07-21 17:38:32,867[22]INFO InfoLog[(null)]-核查有效证件条数为：0条，失效证件条数为：2条
2021-07-21 17:38:32,868[22]INFO InfoLog[(null)]-1101**********0099张*鹏核查可办业务为：9条，可办业务为：13,13,11,13,13,11,13,13,11,
2021-07-21 17:38:32,868[22]INFO InfoLog[(null)]-2.3、【太极】核查外网预约信息
2021-07-21 17:38:32,869[22]INFO InfoLog[(null)]-张灿鹏查询到预约信息，办理业务为：21
2021-07-21 17:38:32,870[22]INFO InfoLog[(null)]-张*鹏预约信息时间：20210721-08:00-18:00
2021-07-21 17:38:32,872[22]INFO InfoLog[(null)]-紧急联系人：*，本人电话：186*****754,紧急联系人电话：186*****754，职业：自由*业者
2021-07-21 17:38:32,873[22]INFO InfoLog[(null)]-张*鹏保存预约类型：往来港澳通行证、
2021-07-21 17:38:32,874[22]INFO InfoLog[(null)]-2.4【太极】判断和过滤在办业务
2021-07-21 17:38:32,874[22]INFO InfoLog[(null)]-【太极】没有可过滤业务
2021-07-21 17:38:32,876[22]INFO InfoLog[(null)]-保存人口照片成功！
2021-07-21 17:38:32,882[22]INFO InfoLog[(null)]-太极人口信息保存正常，赋值到本地对象成功。
2021-07-21 17:38:32,882[22]INFO InfoLog[(null)]-【太极】结束核查【1101**********0099】信息
2021-07-21 17:38:32,910[22]INFO InfoLog[(null)]-
======2、结束核查【1101**********0099】人口信息========
2021-07-21 17:38:33,267[22]INFO InfoLog[(null)]-计算出年龄为：25
2021-07-21 17:38:33,267[22]INFO InfoLog[(null)]-
======3、开始获取 【1101**********0099张*鹏】的制证照片======
2021-07-21 17:38:33,643[22]INFO InfoLog[(null)]-查询制证照片接口返回：为空！
2021-07-21 17:38:33,643[22]INFO InfoLog[(null)]-
======3、结束获取 【1101**********0099张*鹏】的制证照片======
2021-07-21 17:38:33,644[22]INFO InfoLog[(null)]-读语音文件：预约机-提示-重新预约
2021-07-21 17:38:33,657[22]INFO InfoLog[(null)]-张灿鹏您已预约2021-07-2108:00-18:00 办理往来港澳通行证、业务
2021-07-21 17:38:33,658[22]INFO InfoLog[(null)]-消息提示:张灿鹏您已预约 2021-07-21-08:00-18:00 办理[往来港澳通行证、]业务,请点击【取号】按钮取号。
2021-07-21 17:38:33,662[22]INFO InfoLog[(null)]- 
***********************结束【身份核查】【1101**********0099张*鹏】页面***********************
2021-07-21 17:38:33,666[23]INFO InfoLog[(null)]-10
2021-07-21 17:38:34,616[1]INFO InfoLog[(null)]-点击【取号】按钮
2021-07-21 17:38:34,618[1]INFO InfoLog[(null)]-******OnDispose停止计时器****** 
2021-07-21 17:38:34,639[1]INFO InfoLog[(null)]-******OnDispose停止计时器****** 
2021-07-21 17:38:34,728[1]INFO InfoLog[(null)]-
**********************************进入【填写申请信息】界面**********************************
2021-07-21 17:38:34,737[1]INFO InfoLog[(null)]-预约来源：网上
2021-07-21 17:38:34,737[22]INFO InfoLog[(null)]-1200
2021-07-21 17:38:34,740[1]INFO InfoLog[(null)]-取号模式：现场预约+取号
2021-07-21 17:38:34,742[1]INFO InfoLog[(null)]-《《《《《《默认预约指标数据》》》》》》》
2021-07-21 17:38:34,743[1]INFO InfoLog[(null)]-北京地区，开始查询预约指标接口……
2021-07-21 17:38:34,744[1]INFO InfoLog[(null)]-北京地区，结束查询预约指标接口……0
2021-07-21 17:38:34,744[1]INFO InfoLog[(null)]-20210721 08:00   18:00
2021-07-21 17:38:34,745[1]INFO InfoLog[(null)]-筛选在办业务【】
2021-07-21 17:38:34,745[1]INFO InfoLog[(null)]-《《《《《《默认初始化数据》》》》》》》
2021-07-21 17:38:34,762[1]INFO InfoLog[(null)]-0 来源申请类型有：1 笔 
2021-07-21 17:38:34,769[1]INFO InfoLog[(null)]-开始初始化【港澳】数据：
2021-07-21 17:38:34,776[1]INFO InfoLog[(null)]-预约办理：21
2021-07-21 17:38:34,777[1]INFO InfoLog[(null)]-预约办理：21，不在可办业务范围内。默认修改为：13
2021-07-21 17:38:37,104[22]INFO InfoLog[(null)]-1199
2021-07-21 17:38:38,119[22]INFO InfoLog[(null)]-1198
2021-07-21 17:38:39,128[22]INFO InfoLog[(null)]-1197
2021-07-21 17:38:39,632[1]INFO InfoLog[(null)]-预约办理：21
2021-07-21 17:38:40,160[22]INFO InfoLog[(null)]-1196
2021-07-21 17:38:41,355[22]INFO InfoLog[(null)]-1195
2021-07-21 17:40:17,375[5]INFO InfoLog[(null)]-===================开始启动主程序【Freedom.ZHPHMachine】====================
2021-07-21 17:40:17,428[5]INFO InfoLog[(null)]-***本地配置文件参数加载 及获取设备信息***
2021-07-21 17:40:17,443[5]INFO InfoLog[(null)]-本机IP：192.168.22.177
2021-07-21 17:40:18,620[5]INFO InfoLog[(null)]-应用服务器正常连接...
2021-07-21 17:40:18,982[5]INFO InfoLog[(null)]-设备终端信息查询返回：成功！
2021-07-21 17:40:18,984[5]INFO InfoLog[(null)]-192.168.22.177-③号预约取号机 此设备认证成功！
2021-07-21 17:40:19,353[5]INFO InfoLog[(null)]-设备id：134
2021-07-21 17:40:19,355[5]INFO InfoLog[(null)]-更新配置文件：True
2021-07-21 17:40:19,728[5]INFO InfoLog[(null)]-完善更新设备版本号：1.0.9.15信息：True
2021-07-21 17:40:19,732[5]INFO InfoLog[(null)]-======监控工具【开始启动】======
2021-07-21 17:40:19,737[5]INFO InfoLog[(null)]-======监控工具【启动不成功】======
2021-07-21 17:40:19,738[5]INFO InfoLog[(null)]-======监控工具【开始启动】======
2021-07-21 17:40:19,738[5]INFO InfoLog[(null)]-======监控工具【启动不成功】======
2021-07-21 17:40:19,739[5]INFO InfoLog[(null)]-======监控工具【开始启动】======
2021-07-21 17:40:19,739[5]INFO InfoLog[(null)]-======监控工具【启动不成功】======
2021-07-21 17:40:19,941[5]INFO InfoLog[(null)]-***第一次启动检查打印机、读卡器、条码枪是否正常***
2021-07-21 17:40:19,949[5]INFO InfoLog[(null)]-***开始加载服务器【字典数据】到本地***
2021-07-21 17:40:20,000[5]INFO InfoLog[(null)]-下载字典任务：14 数。
2021-07-21 17:40:24,406[5]INFO InfoLog[(null)]-获取系统参数成功！开始下载派号打印模板...
2021-07-21 17:40:24,413[5]INFO InfoLog[(null)]-获取系统打印回执参数返回【成功】，参数【PHTemplatesName】的值为：http://192.168.20.233:6487/wordTemplates/phTableBJ.doc
2021-07-21 17:40:24,414[5]INFO InfoLog[(null)]-获取下载模板文件路径：D:\22.233\Freedom.ZHPHMachine\bin\Release\phTableBJ.doc
2021-07-21 17:40:24,421[5]INFO InfoLog[(null)]-管理员密码为：HS110721
2021-07-21 17:40:24,789[5]INFO InfoLog[(null)]-获取拼音字典数据：247条！
2021-07-21 17:40:24,789[5]INFO InfoLog[(null)]-***结束加载服务器【字典数据】到本地***
2021-07-21 17:40:24,790[5]INFO InfoLog[(null)]-***记录设备监控日志***
2021-07-21 17:40:25,529[5]INFO InfoLog[(null)]-上传监控设备使用记录：记录设备监控【134.0】成功！
2021-07-21 17:40:25,884[5]INFO InfoLog[(null)]-【太极】上传设备状态返回【成功】
2021-07-21 17:40:26,239[5]INFO InfoLog[(null)]-【太极】上传设备运行状态返回【成功】
2021-07-21 17:40:26,241[5]INFO InfoLog[(null)]-End:
2021-07-21 17:40:26,243[5]INFO InfoLog[(null)]-【③号预约取号机】【QH0003】【在线中】<初始化成功>
2021-07-21 17:40:26,666[1]INFO InfoLog[(null)]-
***********************进入【首页】***********************
2021-07-21 17:40:26,667[1]INFO InfoLog[(null)]-======清空上个人的信息=====
2021-07-21 17:40:27,045[3]INFO InfoLog[(null)]-修改设备状态【空闲中】：成功
2021-07-21 17:40:27,048[3]INFO InfoLog[(null)]-首页数据初始化：【成功】
2021-07-21 17:40:27,050[3]INFO InfoLog[(null)]-
***********************结束【首页】”0“***********************
2021-07-21 17:40:27,051[1]INFO InfoLog[(null)]-MainPage OnDispose
2021-07-21 17:40:27,055[1]INFO InfoLog[(null)]-******OnDispose停止计时器****** 
2021-07-21 17:40:27,268[1]INFO InfoLog[(null)]-
*********************** 进入【刷身份证】身份证识读界面*********************** 
2021-07-21 17:40:27,273[1]INFO InfoLog[(null)]-读语音文件：预约机-页面-刷身份证
2021-07-21 17:40:27,288[1]INFO InfoLog[(null)]-开始初始化身份信息：成功
2021-07-21 17:40:27,294[21]INFO InfoLog[(null)]-False开始读卡：执行身份证读卡循环，方法名：ReadIDCardFun 
2021-07-21 17:40:29,305[21]INFO InfoLog[(null)]-读卡成功：【黄*亮】【1101**********0099】
2021-07-21 17:40:29,306[21]INFO InfoLog[(null)]-倒计时结束，开始关闭身份证阅读器
2021-07-21 17:40:29,306[21]INFO InfoLog[(null)]-关闭身份证阅读器成功！
2021-07-21 17:40:29,307[21]INFO InfoLog[(null)]-
*********************** 结束【刷身份证】身份证识读界面*********************** 
2021-07-21 17:40:29,307[21]INFO InfoLog[(null)]- 
*********************** 进入【身份核查】【1101**********0099 黄*亮】页面*********************** 
2021-07-21 17:40:29,704[22]INFO InfoLog[(null)]-修改设备状态【受理中】：成功
2021-07-21 17:40:29,704[22]INFO InfoLog[(null)]-
======1、开始查询平台【1101**********0099黄*亮预约信息======
2021-07-21 17:40:30,130[22]INFO InfoLog[(null)]-1101**********0099黄*亮今日未查询到预约信息!
2021-07-21 17:40:30,130[22]INFO InfoLog[(null)]-
======1、结束查询平台【1101**********0099黄*亮预约信息======
2021-07-21 17:40:30,130[22]INFO InfoLog[(null)]-
======2、开始核查【1101**********0099】人口信息========
2021-07-21 17:40:30,130[22]INFO InfoLog[(null)]-IsConnectionDjz：False IsConnectionTj：True======
2021-07-21 17:40:30,840[22]INFO InfoLog[(null)]-开始登陆【太极】导服接口
2021-07-21 17:40:30,846[22]INFO InfoLog[(null)]-【太极】导服接口登录返回True：单位编号：BA1D16BAAAA84982BD6E844C730A0E58，单位代码：110111060100
2021-07-21 17:40:30,846[22]INFO InfoLog[(null)]-结束登录【太极】接口
2021-07-21 17:40:30,874[22]INFO InfoLog[(null)]-【太极】开始核查【1101**********0099】信息
2021-07-21 17:40:30,916[22]INFO InfoLog[(null)]-4115**********3037【太极】导服查询导引结果返回：张*鹏来自河南淮滨县，户口所在地：河南省淮滨县性别：男，民族：01，生日：19951216
2021-07-21 17:40:30,917[22]INFO InfoLog[(null)]-63c0d98b17364c69bb5d0b008bab24b9人口信息：1条，证件信息：2，预约信息：1条，可办理业务信息：9条，在办业务信息：0条
2021-07-21 17:40:30,917[22]INFO InfoLog[(null)]-2.1、【太极】核查是否符合办理条件：
2021-07-21 17:40:30,918[22]INFO InfoLog[(null)]-是否北京户籍：False
2021-07-21 17:40:30,918[22]INFO InfoLog[(null)]-查询控制对象返回：【否】
2021-07-21 17:40:30,918[22]INFO InfoLog[(null)]-查询新疆重点人员返回：【否】
2021-07-21 17:40:30,919[22]INFO InfoLog[(null)]-查询重点人员返回：【否】
2021-07-21 17:40:30,919[22]INFO InfoLog[(null)]-查询服现役返回：【否】
2021-07-21 17:40:30,919[22]INFO InfoLog[(null)]-2.2、【太极】核查是否有在办业务及不可办理业务
2021-07-21 17:40:30,920[22]INFO InfoLog[(null)]-核查有效证件条数为：0条，失效证件条数为：2条
2021-07-21 17:40:30,920[22]INFO InfoLog[(null)]-1101**********0099张*鹏核查可办业务为：9条，可办业务为：13,13,11,13,13,11,13,13,11,
2021-07-21 17:40:30,921[22]INFO InfoLog[(null)]-2.3、【太极】核查外网预约信息
2021-07-21 17:40:30,921[22]INFO InfoLog[(null)]-张灿鹏查询到预约信息，办理业务为：21
2021-07-21 17:40:30,923[22]INFO InfoLog[(null)]-张*鹏预约信息时间：20210721-08:00-18:00
2021-07-21 17:40:30,927[22]INFO InfoLog[(null)]-紧急联系人：*，本人电话：186*****754,紧急联系人电话：186*****754，职业：自由*业者
2021-07-21 17:40:30,928[22]INFO InfoLog[(null)]-张*鹏保存预约类型：往来港澳通行证、
2021-07-21 17:40:30,928[22]INFO InfoLog[(null)]-2.4【太极】判断和过滤在办业务
2021-07-21 17:40:30,929[22]INFO InfoLog[(null)]-【太极】没有可过滤业务
2021-07-21 17:40:30,930[22]INFO InfoLog[(null)]-保存人口照片成功！
2021-07-21 17:40:30,935[22]INFO InfoLog[(null)]-太极人口信息保存正常，赋值到本地对象成功。
2021-07-21 17:40:30,935[22]INFO InfoLog[(null)]-【太极】结束核查【1101**********0099】信息
2021-07-21 17:40:30,964[22]INFO InfoLog[(null)]-
======2、结束核查【1101**********0099】人口信息========
2021-07-21 17:40:31,319[22]INFO InfoLog[(null)]-计算出年龄为：25
2021-07-21 17:40:31,319[22]INFO InfoLog[(null)]-
======3、开始获取 【1101**********0099张*鹏】的制证照片======
2021-07-21 17:40:31,701[22]INFO InfoLog[(null)]-查询制证照片接口返回：为空！
2021-07-21 17:40:31,701[22]INFO InfoLog[(null)]-
======3、结束获取 【1101**********0099张*鹏】的制证照片======
2021-07-21 17:40:31,702[22]INFO InfoLog[(null)]-读语音文件：预约机-提示-重新预约
2021-07-21 17:40:31,715[22]INFO InfoLog[(null)]-张灿鹏您已预约2021-07-2108:00-18:00 办理往来港澳通行证、业务
2021-07-21 17:40:31,716[22]INFO InfoLog[(null)]-消息提示:张灿鹏您已预约 2021-07-21-08:00-18:00 办理[往来港澳通行证、]业务,请点击【取号】按钮取号。
2021-07-21 17:40:31,719[22]INFO InfoLog[(null)]- 
***********************结束【身份核查】【1101**********0099张*鹏】页面***********************
2021-07-21 17:40:31,723[23]INFO InfoLog[(null)]-10
2021-07-21 17:40:32,726[23]INFO InfoLog[(null)]-9
2021-07-21 17:40:34,431[23]INFO InfoLog[(null)]-8
2021-07-21 17:40:34,432[1]INFO InfoLog[(null)]-点击【取号】按钮
2021-07-21 17:40:34,433[1]INFO InfoLog[(null)]-******OnDispose停止计时器****** 
2021-07-21 17:40:34,456[1]INFO InfoLog[(null)]-******OnDispose停止计时器****** 
2021-07-21 17:40:34,548[1]INFO InfoLog[(null)]-
**********************************进入【填写申请信息】界面**********************************
2021-07-21 17:40:34,575[1]INFO InfoLog[(null)]-预约来源：网上
2021-07-21 17:40:34,575[22]INFO InfoLog[(null)]-1200
2021-07-21 17:40:34,581[1]INFO InfoLog[(null)]-取号模式：现场预约+取号
2021-07-21 17:40:34,583[1]INFO InfoLog[(null)]-《《《《《《默认预约指标数据》》》》》》》
2021-07-21 17:40:34,584[1]INFO InfoLog[(null)]-北京地区，开始查询预约指标接口……
2021-07-21 17:40:34,585[1]INFO InfoLog[(null)]-北京地区，结束查询预约指标接口……0
2021-07-21 17:40:34,585[1]INFO InfoLog[(null)]-20210721 08:00   18:00
2021-07-21 17:40:34,585[1]INFO InfoLog[(null)]-筛选在办业务【】
2021-07-21 17:40:34,586[1]INFO InfoLog[(null)]-《《《《《《默认初始化数据》》》》》》》
2021-07-21 17:40:34,603[1]INFO InfoLog[(null)]-0 来源申请类型有：1 笔 
2021-07-21 17:40:34,615[1]INFO InfoLog[(null)]-开始初始化【港澳】数据：
2021-07-21 17:40:34,623[1]INFO InfoLog[(null)]-预约办理：21
2021-07-21 17:40:34,624[1]INFO InfoLog[(null)]-预约办理：21，不在可办业务范围内。默认修改为：13
2021-07-21 17:40:37,253[22]INFO InfoLog[(null)]-1199
2021-07-21 17:40:37,256[1]INFO InfoLog[(null)]-预约办理：21
2021-07-21 17:40:37,256[1]INFO InfoLog[(null)]-预约办理：21，不在可办业务范围内。默认修改为：13
2021-07-21 17:40:38,254[22]INFO InfoLog[(null)]-1198
2021-07-21 17:40:39,255[22]INFO InfoLog[(null)]-1197
2021-07-21 17:40:40,258[22]INFO InfoLog[(null)]-1196
2021-07-21 17:40:41,259[22]INFO InfoLog[(null)]-1195
2021-07-21 17:40:42,260[22]INFO InfoLog[(null)]-1194
2021-07-21 17:40:43,261[22]INFO InfoLog[(null)]-1193
2021-07-21 17:40:44,262[22]INFO InfoLog[(null)]-1192
2021-07-21 17:40:45,263[22]INFO InfoLog[(null)]-1191
2021-07-21 17:40:45,484[1]INFO InfoLog[(null)]-上传设备状态关机【成功】
2021-07-21 17:40:45,841[1]INFO InfoLog[(null)]-上传设备运行状态【成功】
2021-07-21 17:40:45,851[1]INFO InfoLog[(null)]-===================结束【主程序】【Freedom.ZHPHMachine】====================
