2021-07-02 11:08:51,183[14]ERRORInfoLog[(null)]-JSON转实体方法ConvertToObject失败;message:Cannot deserialize the current JSON array (e.g. [1,2,3]) into type 'Freedom.Models.ReturnInfo`1[Freedom.Models.PH_YYSQXX_TB]' because the type requires a JSON object (e.g. {"name":"value"}) to deserialize correctly.
To fix this error either change the JSON to a JSON object (e.g. {"name":"value"}) or change the deserialized type to an array or a type that implements a collection interface (e.g. ICollection, IList) like List<T> that can be deserialized from a JSON array. JsonArrayAttribute can also be added to the type to force it to deserialize from a JSON array.
Path '', line 1, position 1.info:[
  {
    "SQLB": "101",
    "SFZH": "612401198605050730",
    "ZWXM": "屈振华",
    "ZWX": "屈",
    "ZWM": "振华",
    "YWX": "QU",
    "YWM": "ZHENHUA",
    "YWXM": "QUZHENHUA",
    "ZWXMGB2312": "屈振华",
    "XB": "1",
    "CSRQ": "19860505",
    "MZ": "01",
    "GJDQ": "CHN",
    "RYDYLB": "R",
    "CSD": "61",
    "BZLB": "11",
    "LXDH": "15252563566",
    "JJQKLXR": "李三",
    "JJQKLXRDH": "13569865782",
    "HKSZD": "610902",
    "SFXTKZD": "0",
    "XCZJZL": null,
    "XCZJHM": null,
    "XCZJQFRQ": null,
    "XCZJYXQZ": null,
    "BOOK_TYPE": "1",
    "CREATE_IP": "92.231.17.42",
    "SLDW": "610900060000",
    "QYCODE": "610900_0108",
    "QWD": null,
    "JTZZ": "五里镇五位村五建路16号",
    "YDBZBS": "0",
    "WSYYRQ": "20191216",
    "WSYYSJ": "09:00-17:00",
    "DATASOURCE": "92.231.17.42+取号机+AKQH001",
    "CLBZ": "-1",
    "GAQSZWXM": null,
    "GAQSXB": null,
    "YSQRGX": null,
    "GAQSSFZHM": null,
    "GAJMLWNDTXHM": null,
    "ZPBM": null,
    "YYQZXX": [

    ],
    "YYJZBLLIST": [

    ]
  },
  {
    "SQLB": "102",
    "SFZH": "612401198605050730",
    "ZWXM": "屈振华",
    "ZWX": "屈",
    "ZWM": "振华",
    "YWX": "QU",
    "YWM": "ZHENHUA",
    "YWXM": "QUZHENHUA",
    "ZWXMGB2312": "屈振华",
    "XB": "1",
    "CSRQ": "19860505",
    "MZ": "01",
    "GJDQ": "CHN",
    "RYDYLB": "R",
    "CSD": "61",
    "BZLB": "11",
    "LXDH": "15252563566",
    "JJQKLXR": "李三",
    "JJQKLXRDH": "13569865782",
    "HKSZD": "610902",
    "SFXTKZD": "0",
    "XCZJZL": null,
    "XCZJHM": null,
    "XCZJQFRQ": null,
    "XCZJYXQZ": null,
    "BOOK_TYPE": "1",
    "CREATE_IP": "92.231.17.42",
    "SLDW": "610900060000",
    "QYCODE": "610900_0108",
    "QWD": "999",
    "JTZZ": "五里镇五位村五建路16号",
    "YDBZBS": "0",
    "WSYYRQ": "20191216",
    "WSYYSJ": "09:00-17:00",
    "DATASOURCE": "92.231.17.42+取号机+AKQH001",
    "CLBZ": "-1",
    "GAQSZWXM": null,
    "GAQSXB": null,
    "YSQRGX": null,
    "GAQSSFZHM": null,
    "GAJMLWNDTXHM": null,
    "ZPBM": null,
    "YYQZXX": [
      {
        "XH": 1,
        "ZJZL": "21",
        "ZJHM": null,
        "QWD": "HKG",
        "QZZL": "12",
        "QZYXQ": "1",
        "QZYXQDW": "年",
        "QZYXCS": "1",
        "TBDWBH": "610900060000"
      },
      {
        "XH": 2,
        "ZJZL": "21",
        "ZJHM": null,
        "QWD": "MAC",
        "QZZL": "12",
        "QZYXQ": "1",
        "QZYXQDW": "年",
        "QZYXCS": "1",
        "TBDWBH": "610900060000"
      }
    ],
    "YYJZBLLIST": [

    ]
  },
  {
    "SQLB": "104",
    "SFZH": "612401198605050730",
    "ZWXM": "屈振华",
    "ZWX": "屈",
    "ZWM": "振华",
    "YWX": "QU",
    "YWM": "ZHENHUA",
    "YWXM": "QUZHENHUA",
    "ZWXMGB2312": "屈振华",
    "XB": "1",
    "CSRQ": "19860505",
    "MZ": "01",
    "GJDQ": "CHN",
    "RYDYLB": "R",
    "CSD": "61",
    "BZLB": "11",
    "LXDH": "15252563566",
    "JJQKLXR": "李三",
    "JJQKLXRDH": "13569865782",
    "HKSZD": "610902",
    "SFXTKZD": "0",
    "XCZJZL": null,
    "XCZJHM": null,
    "XCZJQFRQ": null,
    "XCZJYXQZ": null,
    "BOOK_TYPE": "1",
    "CREATE_IP": "92.231.17.42",
    "SLDW": "610900060000",
    "QYCODE": "610900_0108",
    "QWD": "TWN",
    "JTZZ": "五里镇五位村五建路16号",
    "YDBZBS": "0",
    "WSYYRQ": "20191216",
    "WSYYSJ": "09:00-17:00",
    "DATASOURCE": "92.231.17.42+取号机+AKQH001",
    "CLBZ": "-1",
    "GAQSZWXM": null,
    "GAQSXB": null,
    "YSQRGX": null,
    "GAQSSFZHM": null,
    "GAJMLWNDTXHM": null,
    "ZPBM": null,
    "YYQZXX": [
      {
        "XH": 1,
        "ZJZL": "25",
        "ZJHM": null,
        "QWD": "TWN",
        "QZZL": "25",
        "QZYXQ": "6",
        "QZYXQDW": "月",
        "QZYXCS": "1",
        "TBDWBH": "610900060000"
      }
    ],
    "YYJZBLLIST": [

    ]
  }
]
2021-07-02 11:30:51,971[14]ERRORInfoLog[(null)]-JSON转实体方法ConvertToObject失败;message:Cannot deserialize the current JSON array (e.g. [1,2,3]) into type 'Freedom.Models.ReturnInfo`1[Freedom.Models.PH_YYSQXX_TB]' because the type requires a JSON object (e.g. {"name":"value"}) to deserialize correctly.
To fix this error either change the JSON to a JSON object (e.g. {"name":"value"}) or change the deserialized type to an array or a type that implements a collection interface (e.g. ICollection, IList) like List<T> that can be deserialized from a JSON array. JsonArrayAttribute can also be added to the type to force it to deserialize from a JSON array.
Path '', line 1, position 1.info:[
  {
    "SQLB": "101",
    "SFZH": "612401198605050730",
    "ZWXM": "屈振华",
    "ZWX": "屈",
    "ZWM": "振华",
    "YWX": "QU",
    "YWM": "ZHENHUA",
    "YWXM": "QUZHENHUA",
    "ZWXMGB2312": "屈振华",
    "XB": "1",
    "CSRQ": "19860505",
    "MZ": "01",
    "GJDQ": "CHN",
    "RYDYLB": "R",
    "CSD": "61",
    "BZLB": "11",
    "LXDH": "15252563566",
    "JJQKLXR": "李三",
    "JJQKLXRDH": "13569865782",
    "HKSZD": "610902",
    "SFXTKZD": "0",
    "XCZJZL": null,
    "XCZJHM": null,
    "XCZJQFRQ": null,
    "XCZJYXQZ": null,
    "BOOK_TYPE": "1",
    "CREATE_IP": "92.231.17.42",
    "SLDW": "610900060000",
    "QYCODE": "610900_0108",
    "QWD": null,
    "JTZZ": "五里镇五位村五建路16号",
    "YDBZBS": "0",
    "WSYYRQ": "20191216",
    "WSYYSJ": "09:00-17:00",
    "DATASOURCE": "92.231.17.42+取号机+AKQH001",
    "CLBZ": "-1",
    "GAQSZWXM": null,
    "GAQSXB": null,
    "YSQRGX": null,
    "GAQSSFZHM": null,
    "GAJMLWNDTXHM": null,
    "ZPBM": null,
    "YYQZXX": [

    ],
    "YYJZBLLIST": [

    ]
  },
  {
    "SQLB": "102",
    "SFZH": "612401198605050730",
    "ZWXM": "屈振华",
    "ZWX": "屈",
    "ZWM": "振华",
    "YWX": "QU",
    "YWM": "ZHENHUA",
    "YWXM": "QUZHENHUA",
    "ZWXMGB2312": "屈振华",
    "XB": "1",
    "CSRQ": "19860505",
    "MZ": "01",
    "GJDQ": "CHN",
    "RYDYLB": "R",
    "CSD": "61",
    "BZLB": "11",
    "LXDH": "15252563566",
    "JJQKLXR": "李三",
    "JJQKLXRDH": "13569865782",
    "HKSZD": "610902",
    "SFXTKZD": "0",
    "XCZJZL": null,
    "XCZJHM": null,
    "XCZJQFRQ": null,
    "XCZJYXQZ": null,
    "BOOK_TYPE": "1",
    "CREATE_IP": "92.231.17.42",
    "SLDW": "610900060000",
    "QYCODE": "610900_0108",
    "QWD": "999",
    "JTZZ": "五里镇五位村五建路16号",
    "YDBZBS": "0",
    "WSYYRQ": "20191216",
    "WSYYSJ": "09:00-17:00",
    "DATASOURCE": "92.231.17.42+取号机+AKQH001",
    "CLBZ": "-1",
    "GAQSZWXM": null,
    "GAQSXB": null,
    "YSQRGX": null,
    "GAQSSFZHM": null,
    "GAJMLWNDTXHM": null,
    "ZPBM": null,
    "YYQZXX": [
      {
        "XH": 1,
        "ZJZL": "21",
        "ZJHM": null,
        "QWD": "HKG",
        "QZZL": "12",
        "QZYXQ": "1",
        "QZYXQDW": "年",
        "QZYXCS": "1",
        "TBDWBH": "610900060000"
      },
      {
        "XH": 2,
        "ZJZL": "21",
        "ZJHM": null,
        "QWD": "MAC",
        "QZZL": "12",
        "QZYXQ": "1",
        "QZYXQDW": "年",
        "QZYXCS": "1",
        "TBDWBH": "610900060000"
      }
    ],
    "YYJZBLLIST": [

    ]
  },
  {
    "SQLB": "104",
    "SFZH": "612401198605050730",
    "ZWXM": "屈振华",
    "ZWX": "屈",
    "ZWM": "振华",
    "YWX": "QU",
    "YWM": "ZHENHUA",
    "YWXM": "QUZHENHUA",
    "ZWXMGB2312": "屈振华",
    "XB": "1",
    "CSRQ": "19860505",
    "MZ": "01",
    "GJDQ": "CHN",
    "RYDYLB": "R",
    "CSD": "61",
    "BZLB": "11",
    "LXDH": "15252563566",
    "JJQKLXR": "李三",
    "JJQKLXRDH": "13569865782",
    "HKSZD": "610902",
    "SFXTKZD": "0",
    "XCZJZL": null,
    "XCZJHM": null,
    "XCZJQFRQ": null,
    "XCZJYXQZ": null,
    "BOOK_TYPE": "1",
    "CREATE_IP": "92.231.17.42",
    "SLDW": "610900060000",
    "QYCODE": "610900_0108",
    "QWD": "TWN",
    "JTZZ": "五里镇五位村五建路16号",
    "YDBZBS": "0",
    "WSYYRQ": "20191216",
    "WSYYSJ": "09:00-17:00",
    "DATASOURCE": "92.231.17.42+取号机+AKQH001",
    "CLBZ": "-1",
    "GAQSZWXM": null,
    "GAQSXB": null,
    "YSQRGX": null,
    "GAQSSFZHM": null,
    "GAJMLWNDTXHM": null,
    "ZPBM": null,
    "YYQZXX": [
      {
        "XH": 1,
        "ZJZL": "25",
        "ZJHM": null,
        "QWD": "TWN",
        "QZZL": "25",
        "QZYXQ": "6",
        "QZYXQDW": "月",
        "QZYXCS": "1",
        "TBDWBH": "610900060000"
      }
    ],
    "YYJZBLLIST": [

    ]
  }
]
2021-07-02 11:31:07,547[17]ERRORInfoLog[(null)]-JSON转实体方法ConvertToObject失败;message:Cannot deserialize the current JSON array (e.g. [1,2,3]) into type 'Freedom.Models.ReturnInfo`1[Freedom.Models.PH_YYSQXX_TB]' because the type requires a JSON object (e.g. {"name":"value"}) to deserialize correctly.
To fix this error either change the JSON to a JSON object (e.g. {"name":"value"}) or change the deserialized type to an array or a type that implements a collection interface (e.g. ICollection, IList) like List<T> that can be deserialized from a JSON array. JsonArrayAttribute can also be added to the type to force it to deserialize from a JSON array.
Path '', line 1, position 1.info:[
  {
    "SQLB": "101",
    "SFZH": "612401198605050730",
    "ZWXM": "屈振华",
    "ZWX": "屈",
    "ZWM": "振华",
    "YWX": "QU",
    "YWM": "ZHENHUA",
    "YWXM": "QUZHENHUA",
    "ZWXMGB2312": "屈振华",
    "XB": "1",
    "CSRQ": "19860505",
    "MZ": "01",
    "GJDQ": "CHN",
    "RYDYLB": "R",
    "CSD": "61",
    "BZLB": "11",
    "LXDH": "15252563566",
    "JJQKLXR": "李三",
    "JJQKLXRDH": "13569865782",
    "HKSZD": "610902",
    "SFXTKZD": "0",
    "XCZJZL": null,
    "XCZJHM": null,
    "XCZJQFRQ": null,
    "XCZJYXQZ": null,
    "BOOK_TYPE": "1",
    "CREATE_IP": "92.231.17.42",
    "SLDW": "610900060000",
    "QYCODE": "610900_0108",
    "QWD": null,
    "JTZZ": "五里镇五位村五建路16号",
    "YDBZBS": "0",
    "WSYYRQ": "20191216",
    "WSYYSJ": "09:00-17:00",
    "DATASOURCE": "92.231.17.42+取号机+AKQH001",
    "CLBZ": "-1",
    "GAQSZWXM": null,
    "GAQSXB": null,
    "YSQRGX": null,
    "GAQSSFZHM": null,
    "GAJMLWNDTXHM": null,
    "ZPBM": null,
    "YYQZXX": [

    ],
    "YYJZBLLIST": [

    ]
  },
  {
    "SQLB": "102",
    "SFZH": "612401198605050730",
    "ZWXM": "屈振华",
    "ZWX": "屈",
    "ZWM": "振华",
    "YWX": "QU",
    "YWM": "ZHENHUA",
    "YWXM": "QUZHENHUA",
    "ZWXMGB2312": "屈振华",
    "XB": "1",
    "CSRQ": "19860505",
    "MZ": "01",
    "GJDQ": "CHN",
    "RYDYLB": "R",
    "CSD": "61",
    "BZLB": "11",
    "LXDH": "15252563566",
    "JJQKLXR": "李三",
    "JJQKLXRDH": "13569865782",
    "HKSZD": "610902",
    "SFXTKZD": "0",
    "XCZJZL": null,
    "XCZJHM": null,
    "XCZJQFRQ": null,
    "XCZJYXQZ": null,
    "BOOK_TYPE": "1",
    "CREATE_IP": "92.231.17.42",
    "SLDW": "610900060000",
    "QYCODE": "610900_0108",
    "QWD": "999",
    "JTZZ": "五里镇五位村五建路16号",
    "YDBZBS": "0",
    "WSYYRQ": "20191216",
    "WSYYSJ": "09:00-17:00",
    "DATASOURCE": "92.231.17.42+取号机+AKQH001",
    "CLBZ": "-1",
    "GAQSZWXM": null,
    "GAQSXB": null,
    "YSQRGX": null,
    "GAQSSFZHM": null,
    "GAJMLWNDTXHM": null,
    "ZPBM": null,
    "YYQZXX": [
      {
        "XH": 1,
        "ZJZL": "21",
        "ZJHM": null,
        "QWD": "HKG",
        "QZZL": "12",
        "QZYXQ": "1",
        "QZYXQDW": "年",
        "QZYXCS": "1",
        "TBDWBH": "610900060000"
      },
      {
        "XH": 2,
        "ZJZL": "21",
        "ZJHM": null,
        "QWD": "MAC",
        "QZZL": "12",
        "QZYXQ": "1",
        "QZYXQDW": "年",
        "QZYXCS": "1",
        "TBDWBH": "610900060000"
      }
    ],
    "YYJZBLLIST": [

    ]
  },
  {
    "SQLB": "104",
    "SFZH": "612401198605050730",
    "ZWXM": "屈振华",
    "ZWX": "屈",
    "ZWM": "振华",
    "YWX": "QU",
    "YWM": "ZHENHUA",
    "YWXM": "QUZHENHUA",
    "ZWXMGB2312": "屈振华",
    "XB": "1",
    "CSRQ": "19860505",
    "MZ": "01",
    "GJDQ": "CHN",
    "RYDYLB": "R",
    "CSD": "61",
    "BZLB": "11",
    "LXDH": "15252563566",
    "JJQKLXR": "李三",
    "JJQKLXRDH": "13569865782",
    "HKSZD": "610902",
    "SFXTKZD": "0",
    "XCZJZL": null,
    "XCZJHM": null,
    "XCZJQFRQ": null,
    "XCZJYXQZ": null,
    "BOOK_TYPE": "1",
    "CREATE_IP": "92.231.17.42",
    "SLDW": "610900060000",
    "QYCODE": "610900_0108",
    "QWD": "TWN",
    "JTZZ": "五里镇五位村五建路16号",
    "YDBZBS": "0",
    "WSYYRQ": "20191216",
    "WSYYSJ": "09:00-17:00",
    "DATASOURCE": "92.231.17.42+取号机+AKQH001",
    "CLBZ": "-1",
    "GAQSZWXM": null,
    "GAQSXB": null,
    "YSQRGX": null,
    "GAQSSFZHM": null,
    "GAJMLWNDTXHM": null,
    "ZPBM": null,
    "YYQZXX": [
      {
        "XH": 1,
        "ZJZL": "25",
        "ZJHM": null,
        "QWD": "TWN",
        "QZZL": "25",
        "QZYXQ": "6",
        "QZYXQDW": "月",
        "QZYXCS": "1",
        "TBDWBH": "610900060000"
      }
    ],
    "YYJZBLLIST": [

    ]
  }
]
