2020-04-21 17:20:14,821[1]ERRORInfoLog[(null)]-实例化大集中类发生异常，异常信息：未能加载文件或程序集“QGServerLibrary”或它的某一个依赖项。系统找不到指定的文件。
2020-04-21 17:20:29,778[1]ERRORInfoLog[(null)]-实例化大集中类发生异常，异常信息：未能加载文件或程序集“QGServerLibrary”或它的某一个依赖项。系统找不到指定的文件。
2020-04-21 17:21:53,001[1]ERRORInfoLog[(null)]-实例化大集中类发生异常，异常信息：未能加载文件或程序集“QGServerLibrary”或它的某一个依赖项。系统找不到指定的文件。
2020-04-21 17:21:59,313[1]ERRORInfoLog[(null)]-实例化大集中类发生异常，异常信息：未能加载文件或程序集“QGServerLibrary”或它的某一个依赖项。系统找不到指定的文件。
2020-04-21 17:24:16,141[1]ERRORInfoLog[(null)]-实例化大集中类发生异常，异常信息：未能加载文件或程序集“QGServerLibrary”或它的某一个依赖项。系统找不到指定的文件。
2020-04-21 17:24:26,031[1]ERRORInfoLog[(null)]-实例化大集中类发生异常，异常信息：未能加载文件或程序集“QGServerLibrary”或它的某一个依赖项。系统找不到指定的文件。
2020-04-21 17:25:03,401[1]ERRORInfoLog[(null)]-实例化大集中类发生异常，异常信息：未能加载文件或程序集“QGServerLibrary”或它的某一个依赖项。系统找不到指定的文件。
2020-04-21 17:26:06,329[1]ERRORInfoLog[(null)]-实例化大集中类发生异常，异常信息：未能加载文件或程序集“QGServerLibrary”或它的某一个依赖项。系统找不到指定的文件。
2020-04-21 17:26:12,936[1]ERRORInfoLog[(null)]-实例化大集中类发生异常，异常信息：未能加载文件或程序集“QGServerLibrary”或它的某一个依赖项。系统找不到指定的文件。
2020-04-21 17:26:49,877[15]ERRORInfoLog[(null)]-实例化大集中类发生异常，异常信息：未能加载文件或程序集“QGServerLibrary”或它的某一个依赖项。系统找不到指定的文件。
2020-04-21 17:26:49,932[15]ERRORInfoLog[(null)]-实例化大集中类发生异常，异常信息：未能加载文件或程序集“QGServerLibrary”或它的某一个依赖项。系统找不到指定的文件。
2020-04-21 17:26:54,498[15]ERRORInfoLog[(null)]-实例化大集中类发生异常，异常信息：未能加载文件或程序集“QGServerLibrary”或它的某一个依赖项。系统找不到指定的文件。
2020-04-21 17:26:54,559[15]ERRORInfoLog[(null)]-实例化大集中类发生异常，异常信息：未能加载文件或程序集“QGServerLibrary”或它的某一个依赖项。系统找不到指定的文件。
2020-04-21 17:27:09,936[15]ERRORInfoLog[(null)]-实例化大集中类发生异常，异常信息：未能加载文件或程序集“QGServerLibrary”或它的某一个依赖项。系统找不到指定的文件。
2020-04-21 17:27:11,326[15]ERRORInfoLog[(null)]-实例化大集中类发生异常，异常信息：未能加载文件或程序集“QGServerLibrary”或它的某一个依赖项。系统找不到指定的文件。
2020-04-21 17:27:28,698[15]ERRORInfoLog[(null)]-实例化大集中类发生异常，异常信息：未能加载文件或程序集“QGServerLibrary”或它的某一个依赖项。系统找不到指定的文件。
2020-04-21 17:33:58,303[1]ERRORInfoLog[(null)]-实例化大集中类发生异常，异常信息：未能加载文件或程序集“QGServerLibrary”或它的某一个依赖项。系统找不到指定的文件。
2020-04-21 17:34:03,951[1]ERRORInfoLog[(null)]-实例化大集中类发生异常，异常信息：未能加载文件或程序集“QGServerLibrary”或它的某一个依赖项。系统找不到指定的文件。
2020-04-21 17:34:11,630[16]ERRORInfoLog[(null)]-实例化大集中类发生异常，异常信息：未能加载文件或程序集“QGServerLibrary”或它的某一个依赖项。系统找不到指定的文件。
2020-04-21 17:34:23,412[1]ERRORInfoLog[(null)]-实例化大集中类发生异常，异常信息：未能加载文件或程序集“QGServerLibrary”或它的某一个依赖项。系统找不到指定的文件。
2020-04-21 17:34:23,594[1]ERRORInfoLog[(null)]-实例化大集中类发生异常，异常信息：未能加载文件或程序集“QGServerLibrary”或它的某一个依赖项。系统找不到指定的文件。
2020-04-21 17:44:41,133[1]ERRORInfoLog[(null)]-实例化大集中类发生异常，异常信息：未能加载文件或程序集“QGServerLibrary”或它的某一个依赖项。系统找不到指定的文件。
2020-04-21 17:44:51,940[1]ERRORInfoLog[(null)]-实例化大集中类发生异常，异常信息：未能加载文件或程序集“QGServerLibrary”或它的某一个依赖项。系统找不到指定的文件。
2020-04-21 17:45:24,214[15]ERRORInfoLog[(null)]-实例化大集中类发生异常，异常信息：未能加载文件或程序集“QGServerLibrary”或它的某一个依赖项。系统找不到指定的文件。
2020-04-21 17:45:34,414[1]ERRORInfoLog[(null)]-实例化大集中类发生异常，异常信息：未能加载文件或程序集“QGServerLibrary”或它的某一个依赖项。系统找不到指定的文件。
2020-04-21 17:45:34,421[1]ERRORInfoLog[(null)]-E:\wei.chen\智慧大厅\项目代码\08-智慧大厅\20190725\20190725CV.WisdomHall\20190724CV.WisdomHall\Freedom.ZHPHMachine\bin\Release\ApplicationData\Sound\ZHSLSound\完善个人基本信息.wav 文件不存在！

2020-04-21 17:46:15,905[1]ERRORInfoLog[(null)]-实例化大集中类发生异常，异常信息：未能加载文件或程序集“QGServerLibrary”或它的某一个依赖项。系统找不到指定的文件。
2020-04-21 17:46:17,105[3]ERRORInfoLog[(null)]-实例化大集中类发生异常，异常信息：未能加载文件或程序集“QGServerLibrary”或它的某一个依赖项。系统找不到指定的文件。
2020-04-21 17:46:19,530[1]ERRORInfoLog[(null)]-实例化大集中类发生异常，异常信息：未能加载文件或程序集“QGServerLibrary”或它的某一个依赖项。系统找不到指定的文件。
2020-04-21 17:46:20,576[1]ERRORInfoLog[(null)]-实例化大集中类发生异常，异常信息：未能加载文件或程序集“QGServerLibrary”或它的某一个依赖项。系统找不到指定的文件。
2020-04-21 17:46:20,676[1]ERRORInfoLog[(null)]-实例化大集中类发生异常，异常信息：未能加载文件或程序集“QGServerLibrary”或它的某一个依赖项。系统找不到指定的文件。
2020-04-21 17:46:20,753[1]ERRORInfoLog[(null)]-实例化大集中类发生异常，异常信息：未能加载文件或程序集“QGServerLibrary”或它的某一个依赖项。系统找不到指定的文件。
2020-04-21 17:46:30,899[19]ERRORInfoLog[(null)]-打印word派号单发生异常：正在中止线程。
2020-04-21 17:46:31,368[1]ERRORInfoLog[(null)]-实例化大集中类发生异常，异常信息：未能加载文件或程序集“QGServerLibrary”或它的某一个依赖项。系统找不到指定的文件。
2020-04-21 17:49:53,577[1]ERRORInfoLog[(null)]-实例化大集中类发生异常，异常信息：未能加载文件或程序集“QGServerLibrary”或它的某一个依赖项。系统找不到指定的文件。
2020-04-21 17:50:00,656[1]ERRORInfoLog[(null)]-实例化大集中类发生异常，异常信息：未能加载文件或程序集“QGServerLibrary”或它的某一个依赖项。系统找不到指定的文件。
2020-04-21 17:50:14,741[15]ERRORInfoLog[(null)]-实例化大集中类发生异常，异常信息：未能加载文件或程序集“QGServerLibrary”或它的某一个依赖项。系统找不到指定的文件。
2020-04-21 17:50:48,237[1]ERRORInfoLog[(null)]-实例化大集中类发生异常，异常信息：未能加载文件或程序集“QGServerLibrary”或它的某一个依赖项。系统找不到指定的文件。
2020-04-21 17:50:55,386[1]ERRORInfoLog[(null)]-实例化大集中类发生异常，异常信息：未能加载文件或程序集“QGServerLibrary”或它的某一个依赖项。系统找不到指定的文件。
2020-04-21 17:51:23,771[15]ERRORInfoLog[(null)]-实例化大集中类发生异常，异常信息：未能加载文件或程序集“QGServerLibrary”或它的某一个依赖项。系统找不到指定的文件。
2020-04-21 18:00:26,181[1]ERRORInfoLog[(null)]-实例化大集中类发生异常，异常信息：未能加载文件或程序集“QGServerLibrary”或它的某一个依赖项。系统找不到指定的文件。
2020-04-21 18:00:31,694[1]ERRORInfoLog[(null)]-实例化大集中类发生异常，异常信息：未能加载文件或程序集“QGServerLibrary”或它的某一个依赖项。系统找不到指定的文件。
2020-04-21 18:00:50,868[15]ERRORInfoLog[(null)]-实例化大集中类发生异常，异常信息：未能加载文件或程序集“QGServerLibrary”或它的某一个依赖项。系统找不到指定的文件。
2020-04-21 18:01:17,643[1]ERRORInfoLog[(null)]-实例化大集中类发生异常，异常信息：未能加载文件或程序集“QGServerLibrary”或它的某一个依赖项。系统找不到指定的文件。
2020-04-21 18:01:17,654[1]ERRORInfoLog[(null)]-E:\wei.chen\智慧大厅\项目代码\08-智慧大厅\20190725\20190725CV.WisdomHall\20190724CV.WisdomHall\Freedom.ZHPHMachine\bin\Release\ApplicationData\Sound\ZHSLSound\完善个人基本信息.wav 文件不存在！

2020-04-21 18:01:42,669[1]ERRORInfoLog[(null)]-实例化大集中类发生异常，异常信息：未能加载文件或程序集“QGServerLibrary”或它的某一个依赖项。系统找不到指定的文件。
2020-04-21 18:01:43,342[3]ERRORInfoLog[(null)]-实例化大集中类发生异常，异常信息：未能加载文件或程序集“QGServerLibrary”或它的某一个依赖项。系统找不到指定的文件。
2020-04-21 18:01:45,509[1]ERRORInfoLog[(null)]-实例化大集中类发生异常，异常信息：未能加载文件或程序集“QGServerLibrary”或它的某一个依赖项。系统找不到指定的文件。
2020-04-21 18:01:45,938[1]ERRORInfoLog[(null)]-110111199512161234-杨若男-20200421 20200421预约[2]笔业务保存错误[System.NullReferenceException: 未将对象引用设置到对象的实例。
   在 MachineCommandService.ZHPHMachineWSHelper.<>c__DisplayClass24_0.<I_YYSQXX>b__4(EndorsementInfo y, Int32 i) 位置 E:\wei.chen\智慧大厅\项目代码\08-智慧大厅\20190725\20190725CV.WisdomHall\20190724CV.WisdomHall\MachineCommandService\ZHPHMachineWSHelper.cs:行号 454
   在 System.Linq.Enumerable.<SelectIterator>d__5`2.MoveNext()
   在 System.Collections.Generic.List`1..ctor(IEnumerable`1 collection)
   在 System.Linq.Enumerable.ToList[TSource](IEnumerable`1 source)
   在 MachineCommandService.ZHPHMachineWSHelper.<>c__DisplayClass24_0.<I_YYSQXX>b__1(BookingInfo t) 位置 E:\wei.chen\智慧大厅\项目代码\08-智慧大厅\20190725\20190725CV.WisdomHall\20190724CV.WisdomHall\MachineCommandService\ZHPHMachineWSHelper.cs:行号 406
   在 System.Linq.Enumerable.WhereSelectListIterator`2.MoveNext()
   在 System.Collections.Generic.List`1..ctor(IEnumerable`1 collection)
   在 System.Linq.Enumerable.ToList[TSource](IEnumerable`1 source)
   在 MachineCommandService.ZHPHMachineWSHelper.<I_YYSQXX>d__24.MoveNext() 位置 E:\wei.chen\智慧大厅\项目代码\08-智慧大厅\20190725\20190725CV.WisdomHall\20190724CV.WisdomHall\MachineCommandService\ZHPHMachineWSHelper.cs:行号 406]
2020-04-21 18:01:46,099[1]ERRORInfoLog[(null)]-派号异常:预约数据保存错误[System.NullReferenceException: 未将对象引用设置到对象的实例。
   在 MachineCommandService.ZHPHMachineWSHelper.<>c__DisplayClass24_0.<I_YYSQXX>b__4(EndorsementInfo y, Int32 i) 位置 E:\wei.chen\智慧大厅\项目代码\08-智慧大厅\20190725\20190725CV.WisdomHall\20190724CV.WisdomHall\MachineCommandService\ZHPHMachineWSHelper.cs:行号 454
   在 System.Linq.Enumerable.<SelectIterator>d__5`2.MoveNext()
   在 System.Collections.Generic.List`1..ctor(IEnumerable`1 collection)
   在 System.Linq.Enumerable.ToList[TSource](IEnumerable`1 source)
   在 MachineCommandService.ZHPHMachineWSHelper.<>c__DisplayClass24_0.<I_YYSQXX>b__1(BookingInfo t) 位置 E:\wei.chen\智慧大厅\项目代码\08-智慧大厅\20190725\20190725CV.WisdomHall\20190724CV.WisdomHall\MachineCommandService\ZHPHMachineWSHelper.cs:行号 406
   在 System.Linq.Enumerable.WhereSelectListIterator`2.MoveNext()
   在 System.Collections.Generic.List`1..ctor(IEnumerable`1 collection)
   在 System.Linq.Enumerable.ToList[TSource](IEnumerable`1 source)
   在 MachineCommandService.ZHPHMachineWSHelper.<I_YYSQXX>d__24.MoveNext() 位置 E:\wei.chen\智慧大厅\项目代码\08-智慧大厅\20190725\20190725CV.WisdomHall\20190724CV.WisdomHall\MachineCommandService\ZHPHMachineWSHelper.cs:行号 406]
2020-04-21 18:01:56,916[1]ERRORInfoLog[(null)]-实例化大集中类发生异常，异常信息：未能加载文件或程序集“QGServerLibrary”或它的某一个依赖项。系统找不到指定的文件。
2020-04-21 18:01:57,047[1]ERRORInfoLog[(null)]-实例化大集中类发生异常，异常信息：未能加载文件或程序集“QGServerLibrary”或它的某一个依赖项。系统找不到指定的文件。
2020-04-21 18:04:00,240[16]ERRORInfoLog[(null)]-实例化大集中类发生异常，异常信息：未能加载文件或程序集“QGServerLibrary”或它的某一个依赖项。系统找不到指定的文件。
2020-04-21 18:04:08,788[1]ERRORInfoLog[(null)]-实例化大集中类发生异常，异常信息：未能加载文件或程序集“QGServerLibrary”或它的某一个依赖项。系统找不到指定的文件。
2020-04-21 18:04:08,790[1]ERRORInfoLog[(null)]-E:\wei.chen\智慧大厅\项目代码\08-智慧大厅\20190725\20190725CV.WisdomHall\20190724CV.WisdomHall\Freedom.ZHPHMachine\bin\Release\ApplicationData\Sound\ZHSLSound\完善个人基本信息.wav 文件不存在！

2020-04-21 18:04:17,181[1]ERRORInfoLog[(null)]-实例化大集中类发生异常，异常信息：未能加载文件或程序集“QGServerLibrary”或它的某一个依赖项。系统找不到指定的文件。
2020-04-21 18:04:17,247[1]ERRORInfoLog[(null)]-实例化大集中类发生异常，异常信息：未能加载文件或程序集“QGServerLibrary”或它的某一个依赖项。系统找不到指定的文件。
2020-04-21 18:04:17,336[1]ERRORInfoLog[(null)]-实例化大集中类发生异常，异常信息：未能加载文件或程序集“QGServerLibrary”或它的某一个依赖项。系统找不到指定的文件。
2020-04-21 18:08:14,649[1]ERRORInfoLog[(null)]-实例化大集中类发生异常，异常信息：未能加载文件或程序集“QGServerLibrary”或它的某一个依赖项。系统找不到指定的文件。
2020-04-21 18:08:22,795[1]ERRORInfoLog[(null)]-实例化大集中类发生异常，异常信息：未能加载文件或程序集“QGServerLibrary”或它的某一个依赖项。系统找不到指定的文件。
2020-04-21 18:09:13,835[16]ERRORInfoLog[(null)]-实例化大集中类发生异常，异常信息：未能加载文件或程序集“QGServerLibrary”或它的某一个依赖项。系统找不到指定的文件。
2020-04-21 18:09:22,729[1]ERRORInfoLog[(null)]-实例化大集中类发生异常，异常信息：未能加载文件或程序集“QGServerLibrary”或它的某一个依赖项。系统找不到指定的文件。
2020-04-21 18:09:22,738[1]ERRORInfoLog[(null)]-E:\wei.chen\智慧大厅\项目代码\08-智慧大厅\20190725\20190725CV.WisdomHall\20190724CV.WisdomHall\Freedom.ZHPHMachine\bin\Release\ApplicationData\Sound\ZHSLSound\完善个人基本信息.wav 文件不存在！

2020-04-21 18:10:23,635[1]ERRORInfoLog[(null)]-实例化大集中类发生异常，异常信息：未能加载文件或程序集“QGServerLibrary”或它的某一个依赖项。系统找不到指定的文件。
2020-04-21 18:10:25,136[19]ERRORInfoLog[(null)]-实例化大集中类发生异常，异常信息：未能加载文件或程序集“QGServerLibrary”或它的某一个依赖项。系统找不到指定的文件。
2020-04-21 18:10:27,240[1]ERRORInfoLog[(null)]-实例化大集中类发生异常，异常信息：未能加载文件或程序集“QGServerLibrary”或它的某一个依赖项。系统找不到指定的文件。
2020-04-21 18:10:36,810[1]ERRORInfoLog[(null)]-110111199512161234-杨若男-20200421 20200421预约[2]笔业务保存错误[System.NullReferenceException: 未将对象引用设置到对象的实例。
   在 MachineCommandService.ZHPHMachineWSHelper.<>c__DisplayClass24_0.<I_YYSQXX>b__4(EndorsementInfo y, Int32 i) 位置 E:\wei.chen\智慧大厅\项目代码\08-智慧大厅\20190725\20190725CV.WisdomHall\20190724CV.WisdomHall\MachineCommandService\ZHPHMachineWSHelper.cs:行号 454
   在 System.Linq.Enumerable.<SelectIterator>d__5`2.MoveNext()
   在 System.Collections.Generic.List`1..ctor(IEnumerable`1 collection)
   在 System.Linq.Enumerable.ToList[TSource](IEnumerable`1 source)
   在 MachineCommandService.ZHPHMachineWSHelper.<>c__DisplayClass24_0.<I_YYSQXX>b__1(BookingInfo t) 位置 E:\wei.chen\智慧大厅\项目代码\08-智慧大厅\20190725\20190725CV.WisdomHall\20190724CV.WisdomHall\MachineCommandService\ZHPHMachineWSHelper.cs:行号 406
   在 System.Linq.Enumerable.WhereSelectListIterator`2.MoveNext()
   在 System.Collections.Generic.List`1..ctor(IEnumerable`1 collection)
   在 System.Linq.Enumerable.ToList[TSource](IEnumerable`1 source)
   在 MachineCommandService.ZHPHMachineWSHelper.<I_YYSQXX>d__24.MoveNext() 位置 E:\wei.chen\智慧大厅\项目代码\08-智慧大厅\20190725\20190725CV.WisdomHall\20190724CV.WisdomHall\MachineCommandService\ZHPHMachineWSHelper.cs:行号 406]
2020-04-21 18:22:22,473[1]ERRORInfoLog[(null)]-实例化大集中类发生异常，异常信息：未能加载文件或程序集“QGServerLibrary”或它的某一个依赖项。系统找不到指定的文件。
2020-04-21 18:22:30,341[1]ERRORInfoLog[(null)]-实例化大集中类发生异常，异常信息：未能加载文件或程序集“QGServerLibrary”或它的某一个依赖项。系统找不到指定的文件。
2020-04-21 18:22:37,684[15]ERRORInfoLog[(null)]-实例化大集中类发生异常，异常信息：未能加载文件或程序集“QGServerLibrary”或它的某一个依赖项。系统找不到指定的文件。
2020-04-21 18:22:52,149[1]ERRORInfoLog[(null)]-实例化大集中类发生异常，异常信息：未能加载文件或程序集“QGServerLibrary”或它的某一个依赖项。系统找不到指定的文件。
2020-04-21 18:22:52,156[1]ERRORInfoLog[(null)]-E:\wei.chen\智慧大厅\项目代码\08-智慧大厅\20190725\20190725CV.WisdomHall\20190724CV.WisdomHall\Freedom.ZHPHMachine\bin\Release\ApplicationData\Sound\ZHSLSound\完善个人基本信息.wav 文件不存在！

2020-04-21 18:23:59,126[1]ERRORInfoLog[(null)]-实例化大集中类发生异常，异常信息：未能加载文件或程序集“QGServerLibrary”或它的某一个依赖项。系统找不到指定的文件。
2020-04-21 18:23:59,875[16]ERRORInfoLog[(null)]-实例化大集中类发生异常，异常信息：未能加载文件或程序集“QGServerLibrary”或它的某一个依赖项。系统找不到指定的文件。
2020-04-21 18:24:01,995[1]ERRORInfoLog[(null)]-实例化大集中类发生异常，异常信息：未能加载文件或程序集“QGServerLibrary”或它的某一个依赖项。系统找不到指定的文件。
2020-04-21 18:29:11,338[1]ERRORInfoLog[(null)]-实例化大集中类发生异常，异常信息：未能加载文件或程序集“QGServerLibrary”或它的某一个依赖项。系统找不到指定的文件。
2020-04-21 18:29:18,064[1]ERRORInfoLog[(null)]-实例化大集中类发生异常，异常信息：未能加载文件或程序集“QGServerLibrary”或它的某一个依赖项。系统找不到指定的文件。
2020-04-21 18:29:23,620[15]ERRORInfoLog[(null)]-实例化大集中类发生异常，异常信息：未能加载文件或程序集“QGServerLibrary”或它的某一个依赖项。系统找不到指定的文件。
2020-04-21 18:29:27,305[1]ERRORInfoLog[(null)]-实例化大集中类发生异常，异常信息：未能加载文件或程序集“QGServerLibrary”或它的某一个依赖项。系统找不到指定的文件。
2020-04-21 18:29:27,322[1]ERRORInfoLog[(null)]-E:\wei.chen\智慧大厅\项目代码\08-智慧大厅\20190725\20190725CV.WisdomHall\20190724CV.WisdomHall\Freedom.ZHPHMachine\bin\Release\ApplicationData\Sound\ZHSLSound\完善个人基本信息.wav 文件不存在！

2020-04-21 18:29:43,202[1]ERRORInfoLog[(null)]-实例化大集中类发生异常，异常信息：未能加载文件或程序集“QGServerLibrary”或它的某一个依赖项。系统找不到指定的文件。
2020-04-21 18:29:45,407[3]ERRORInfoLog[(null)]-实例化大集中类发生异常，异常信息：未能加载文件或程序集“QGServerLibrary”或它的某一个依赖项。系统找不到指定的文件。
2020-04-21 18:29:47,647[1]ERRORInfoLog[(null)]-实例化大集中类发生异常，异常信息：未能加载文件或程序集“QGServerLibrary”或它的某一个依赖项。系统找不到指定的文件。
2020-04-21 18:29:52,285[1]ERRORInfoLog[(null)]-110111199512161234-杨若男-20200421 20200421预约[1]笔业务保存错误[System.NullReferenceException: 未将对象引用设置到对象的实例。
   在 MachineCommandService.ZHPHMachineWSHelper.<>c__DisplayClass24_0.<I_YYSQXX>b__4(EndorsementInfo y, Int32 i) 位置 E:\wei.chen\智慧大厅\项目代码\08-智慧大厅\20190725\20190725CV.WisdomHall\20190724CV.WisdomHall\MachineCommandService\ZHPHMachineWSHelper.cs:行号 454
   在 System.Linq.Enumerable.<SelectIterator>d__5`2.MoveNext()
   在 System.Collections.Generic.List`1..ctor(IEnumerable`1 collection)
   在 System.Linq.Enumerable.ToList[TSource](IEnumerable`1 source)
   在 MachineCommandService.ZHPHMachineWSHelper.<>c__DisplayClass24_0.<I_YYSQXX>b__1(BookingInfo t) 位置 E:\wei.chen\智慧大厅\项目代码\08-智慧大厅\20190725\20190725CV.WisdomHall\20190724CV.WisdomHall\MachineCommandService\ZHPHMachineWSHelper.cs:行号 406
   在 System.Linq.Enumerable.WhereSelectListIterator`2.MoveNext()
   在 System.Collections.Generic.List`1..ctor(IEnumerable`1 collection)
   在 System.Linq.Enumerable.ToList[TSource](IEnumerable`1 source)
   在 MachineCommandService.ZHPHMachineWSHelper.<I_YYSQXX>d__24.MoveNext() 位置 E:\wei.chen\智慧大厅\项目代码\08-智慧大厅\20190725\20190725CV.WisdomHall\20190724CV.WisdomHall\MachineCommandService\ZHPHMachineWSHelper.cs:行号 406]
2020-04-21 18:29:52,455[1]ERRORInfoLog[(null)]-派号异常:预约数据保存错误[System.NullReferenceException: 未将对象引用设置到对象的实例。
   在 MachineCommandService.ZHPHMachineWSHelper.<>c__DisplayClass24_0.<I_YYSQXX>b__4(EndorsementInfo y, Int32 i) 位置 E:\wei.chen\智慧大厅\项目代码\08-智慧大厅\20190725\20190725CV.WisdomHall\20190724CV.WisdomHall\MachineCommandService\ZHPHMachineWSHelper.cs:行号 454
   在 System.Linq.Enumerable.<SelectIterator>d__5`2.MoveNext()
   在 System.Collections.Generic.List`1..ctor(IEnumerable`1 collection)
   在 System.Linq.Enumerable.ToList[TSource](IEnumerable`1 source)
   在 MachineCommandService.ZHPHMachineWSHelper.<>c__DisplayClass24_0.<I_YYSQXX>b__1(BookingInfo t) 位置 E:\wei.chen\智慧大厅\项目代码\08-智慧大厅\20190725\20190725CV.WisdomHall\20190724CV.WisdomHall\MachineCommandService\ZHPHMachineWSHelper.cs:行号 406
   在 System.Linq.Enumerable.WhereSelectListIterator`2.MoveNext()
   在 System.Collections.Generic.List`1..ctor(IEnumerable`1 collection)
   在 System.Linq.Enumerable.ToList[TSource](IEnumerable`1 source)
   在 MachineCommandService.ZHPHMachineWSHelper.<I_YYSQXX>d__24.MoveNext() 位置 E:\wei.chen\智慧大厅\项目代码\08-智慧大厅\20190725\20190725CV.WisdomHall\20190724CV.WisdomHall\MachineCommandService\ZHPHMachineWSHelper.cs:行号 406]
2020-04-21 18:29:55,841[1]ERRORInfoLog[(null)]-实例化大集中类发生异常，异常信息：未能加载文件或程序集“QGServerLibrary”或它的某一个依赖项。系统找不到指定的文件。
2020-04-21 18:29:55,923[1]ERRORInfoLog[(null)]-实例化大集中类发生异常，异常信息：未能加载文件或程序集“QGServerLibrary”或它的某一个依赖项。系统找不到指定的文件。
2020-04-21 18:30:51,749[1]ERRORInfoLog[(null)]-实例化大集中类发生异常，异常信息：未能加载文件或程序集“QGServerLibrary”或它的某一个依赖项。系统找不到指定的文件。
2020-04-21 18:30:58,832[1]ERRORInfoLog[(null)]-实例化大集中类发生异常，异常信息：未能加载文件或程序集“QGServerLibrary”或它的某一个依赖项。系统找不到指定的文件。
2020-04-21 18:31:04,763[15]ERRORInfoLog[(null)]-实例化大集中类发生异常，异常信息：未能加载文件或程序集“QGServerLibrary”或它的某一个依赖项。系统找不到指定的文件。
2020-04-21 18:31:08,054[1]ERRORInfoLog[(null)]-实例化大集中类发生异常，异常信息：未能加载文件或程序集“QGServerLibrary”或它的某一个依赖项。系统找不到指定的文件。
2020-04-21 18:31:08,072[1]ERRORInfoLog[(null)]-E:\wei.chen\智慧大厅\项目代码\08-智慧大厅\20190725\20190725CV.WisdomHall\20190724CV.WisdomHall\Freedom.ZHPHMachine\bin\Release\ApplicationData\Sound\ZHSLSound\完善个人基本信息.wav 文件不存在！

2020-04-21 18:31:17,641[1]ERRORInfoLog[(null)]-实例化大集中类发生异常，异常信息：未能加载文件或程序集“QGServerLibrary”或它的某一个依赖项。系统找不到指定的文件。
2020-04-21 18:31:18,474[3]ERRORInfoLog[(null)]-实例化大集中类发生异常，异常信息：未能加载文件或程序集“QGServerLibrary”或它的某一个依赖项。系统找不到指定的文件。
2020-04-21 18:31:19,996[1]ERRORInfoLog[(null)]-实例化大集中类发生异常，异常信息：未能加载文件或程序集“QGServerLibrary”或它的某一个依赖项。系统找不到指定的文件。
2020-04-21 18:31:55,613[1]ERRORInfoLog[(null)]-实例化大集中类发生异常，异常信息：未能加载文件或程序集“QGServerLibrary”或它的某一个依赖项。系统找不到指定的文件。
2020-04-21 18:31:55,769[1]ERRORInfoLog[(null)]-实例化大集中类发生异常，异常信息：未能加载文件或程序集“QGServerLibrary”或它的某一个依赖项。系统找不到指定的文件。
2020-04-21 18:31:55,911[1]ERRORInfoLog[(null)]-实例化大集中类发生异常，异常信息：未能加载文件或程序集“QGServerLibrary”或它的某一个依赖项。系统找不到指定的文件。
2020-04-21 18:31:58,048[22]ERRORInfoLog[(null)]-打印word派号单发生异常：正在中止线程。
2020-04-21 18:31:58,453[1]ERRORInfoLog[(null)]-实例化大集中类发生异常，异常信息：未能加载文件或程序集“QGServerLibrary”或它的某一个依赖项。系统找不到指定的文件。
2020-04-21 18:32:02,861[10]ERRORInfoLog[(null)]-实例化大集中类发生异常，异常信息：未能加载文件或程序集“QGServerLibrary”或它的某一个依赖项。系统找不到指定的文件。
2020-04-21 18:32:08,251[1]ERRORInfoLog[(null)]-实例化大集中类发生异常，异常信息：未能加载文件或程序集“QGServerLibrary”或它的某一个依赖项。系统找不到指定的文件。
2020-04-21 18:32:08,252[1]ERRORInfoLog[(null)]-E:\wei.chen\智慧大厅\项目代码\08-智慧大厅\20190725\20190725CV.WisdomHall\20190724CV.WisdomHall\Freedom.ZHPHMachine\bin\Release\ApplicationData\Sound\ZHSLSound\完善个人基本信息.wav 文件不存在！

2020-04-21 18:32:17,691[1]ERRORInfoLog[(null)]-实例化大集中类发生异常，异常信息：未能加载文件或程序集“QGServerLibrary”或它的某一个依赖项。系统找不到指定的文件。
2020-04-21 18:32:18,829[3]ERRORInfoLog[(null)]-实例化大集中类发生异常，异常信息：未能加载文件或程序集“QGServerLibrary”或它的某一个依赖项。系统找不到指定的文件。
2020-04-21 18:32:21,003[1]ERRORInfoLog[(null)]-实例化大集中类发生异常，异常信息：未能加载文件或程序集“QGServerLibrary”或它的某一个依赖项。系统找不到指定的文件。
2020-04-21 18:32:28,238[1]ERRORInfoLog[(null)]-实例化大集中类发生异常，异常信息：未能加载文件或程序集“QGServerLibrary”或它的某一个依赖项。系统找不到指定的文件。
2020-04-21 18:32:28,428[1]ERRORInfoLog[(null)]-实例化大集中类发生异常，异常信息：未能加载文件或程序集“QGServerLibrary”或它的某一个依赖项。系统找不到指定的文件。
2020-04-21 18:32:28,522[1]ERRORInfoLog[(null)]-实例化大集中类发生异常，异常信息：未能加载文件或程序集“QGServerLibrary”或它的某一个依赖项。系统找不到指定的文件。
2020-04-21 18:32:35,020[21]ERRORInfoLog[(null)]-打印word派号单发生异常：正在中止线程。
2020-04-21 18:32:35,765[1]ERRORInfoLog[(null)]-实例化大集中类发生异常，异常信息：未能加载文件或程序集“QGServerLibrary”或它的某一个依赖项。系统找不到指定的文件。
2020-04-21 18:33:12,388[1]ERRORInfoLog[(null)]-实例化大集中类发生异常，异常信息：未能加载文件或程序集“QGServerLibrary”或它的某一个依赖项。系统找不到指定的文件。
2020-04-21 18:33:19,037[1]ERRORInfoLog[(null)]-实例化大集中类发生异常，异常信息：未能加载文件或程序集“QGServerLibrary”或它的某一个依赖项。系统找不到指定的文件。
2020-04-21 18:33:35,850[15]ERRORInfoLog[(null)]-实例化大集中类发生异常，异常信息：未能加载文件或程序集“QGServerLibrary”或它的某一个依赖项。系统找不到指定的文件。
2020-04-21 18:33:40,270[1]ERRORInfoLog[(null)]-实例化大集中类发生异常，异常信息：未能加载文件或程序集“QGServerLibrary”或它的某一个依赖项。系统找不到指定的文件。
2020-04-21 18:33:40,278[1]ERRORInfoLog[(null)]-E:\wei.chen\智慧大厅\项目代码\08-智慧大厅\20190725\20190725CV.WisdomHall\20190724CV.WisdomHall\Freedom.ZHPHMachine\bin\Release\ApplicationData\Sound\ZHSLSound\完善个人基本信息.wav 文件不存在！

2020-04-21 18:33:54,862[1]ERRORInfoLog[(null)]-实例化大集中类发生异常，异常信息：未能加载文件或程序集“QGServerLibrary”或它的某一个依赖项。系统找不到指定的文件。
2020-04-21 18:33:55,556[3]ERRORInfoLog[(null)]-实例化大集中类发生异常，异常信息：未能加载文件或程序集“QGServerLibrary”或它的某一个依赖项。系统找不到指定的文件。
2020-04-21 18:33:57,420[1]ERRORInfoLog[(null)]-实例化大集中类发生异常，异常信息：未能加载文件或程序集“QGServerLibrary”或它的某一个依赖项。系统找不到指定的文件。
2020-04-21 18:35:26,847[1]ERRORInfoLog[(null)]-实例化大集中类发生异常，异常信息：未能加载文件或程序集“QGServerLibrary”或它的某一个依赖项。系统找不到指定的文件。
2020-04-21 18:35:33,360[1]ERRORInfoLog[(null)]-实例化大集中类发生异常，异常信息：未能加载文件或程序集“QGServerLibrary”或它的某一个依赖项。系统找不到指定的文件。
2020-04-21 18:35:38,713[16]ERRORInfoLog[(null)]-实例化大集中类发生异常，异常信息：未能加载文件或程序集“QGServerLibrary”或它的某一个依赖项。系统找不到指定的文件。
2020-04-21 18:35:41,446[1]ERRORInfoLog[(null)]-实例化大集中类发生异常，异常信息：未能加载文件或程序集“QGServerLibrary”或它的某一个依赖项。系统找不到指定的文件。
2020-04-21 18:35:41,451[1]ERRORInfoLog[(null)]-E:\wei.chen\智慧大厅\项目代码\08-智慧大厅\20190725\20190725CV.WisdomHall\20190724CV.WisdomHall\Freedom.ZHPHMachine\bin\Release\ApplicationData\Sound\ZHSLSound\完善个人基本信息.wav 文件不存在！

2020-04-21 18:35:55,015[1]ERRORInfoLog[(null)]-实例化大集中类发生异常，异常信息：未能加载文件或程序集“QGServerLibrary”或它的某一个依赖项。系统找不到指定的文件。
2020-04-21 18:35:55,595[3]ERRORInfoLog[(null)]-实例化大集中类发生异常，异常信息：未能加载文件或程序集“QGServerLibrary”或它的某一个依赖项。系统找不到指定的文件。
2020-04-21 18:35:57,596[1]ERRORInfoLog[(null)]-实例化大集中类发生异常，异常信息：未能加载文件或程序集“QGServerLibrary”或它的某一个依赖项。系统找不到指定的文件。
