2020-04-20 22:06:48,820[18]DEBUGInfoLog[(null)]-姓名：黄柯亮    长度：3
2020-04-20 22:06:48,822[18]DEBUGInfoLog[(null)]-获取到中文姓：黄  中文名：柯亮
2020-04-20 22:06:48,921[18]DEBUGInfoLog[(null)]-获取到拼音姓：HUANG  拼音名：KELIANG
2020-04-20 22:11:58,317[15]DEBUGInfoLog[(null)]-姓名：杨若男    长度：3
2020-04-20 22:11:58,319[15]DEBUGInfoLog[(null)]-获取到中文姓：杨  中文名：若男
2020-04-20 22:11:58,383[15]DEBUGInfoLog[(null)]-获取到拼音姓：YANG  拼音名：RENAN,RUONAN
2020-04-20 22:18:03,845[15]DEBUGInfoLog[(null)]-姓名：杨若男    长度：3
2020-04-20 22:18:03,849[15]DEBUGInfoLog[(null)]-获取到中文姓：杨  中文名：若男
2020-04-20 22:18:03,910[15]DEBUGInfoLog[(null)]-获取到拼音姓：YANG  拼音名：RENAN,RUONAN
2020-04-20 22:21:40,423[16]DEBUGInfoLog[(null)]-姓名：杨若男    长度：3
2020-04-20 22:21:40,424[16]DEBUGInfoLog[(null)]-获取到中文姓：杨  中文名：若男
2020-04-20 22:21:40,458[16]DEBUGInfoLog[(null)]-获取到拼音姓：YANG  拼音名：RENAN,RUONAN
2020-04-20 22:21:53,064[16]DEBUGInfoLog[(null)]-姓名：杨若男    长度：3
2020-04-20 22:21:53,065[16]DEBUGInfoLog[(null)]-获取到中文姓：杨  中文名：若男
2020-04-20 22:21:53,066[16]DEBUGInfoLog[(null)]-获取到拼音姓：YANG  拼音名：RENAN,RUONAN
2020-04-20 22:22:24,900[16]DEBUGInfoLog[(null)]-姓名：杨若男    长度：3
2020-04-20 22:22:24,900[16]DEBUGInfoLog[(null)]-获取到中文姓：杨  中文名：若男
2020-04-20 22:22:24,901[16]DEBUGInfoLog[(null)]-获取到拼音姓：YANG  拼音名：RENAN,RUONAN
2020-04-20 22:22:42,347[18]DEBUGInfoLog[(null)]-姓名：杨若男    长度：3
2020-04-20 22:22:42,347[18]DEBUGInfoLog[(null)]-获取到中文姓：杨  中文名：若男
2020-04-20 22:22:42,348[18]DEBUGInfoLog[(null)]-获取到拼音姓：YANG  拼音名：RENAN,RUONAN
2020-04-20 22:26:10,339[15]DEBUGInfoLog[(null)]-姓名：杨若男    长度：3
2020-04-20 22:26:10,341[15]DEBUGInfoLog[(null)]-获取到中文姓：杨  中文名：若男
2020-04-20 22:26:10,393[15]DEBUGInfoLog[(null)]-获取到拼音姓：YANG  拼音名：RENAN,RUONAN
2020-04-20 22:28:58,925[16]DEBUGInfoLog[(null)]-姓名：杨若男    长度：3
2020-04-20 22:28:58,926[16]DEBUGInfoLog[(null)]-获取到中文姓：杨  中文名：若男
2020-04-20 22:28:59,000[16]DEBUGInfoLog[(null)]-获取到拼音姓：YANG  拼音名：RENAN,RUONAN
2020-04-20 22:29:34,684[16]DEBUGInfoLog[(null)]-姓名：杨若男    长度：3
2020-04-20 22:29:34,685[16]DEBUGInfoLog[(null)]-获取到中文姓：杨  中文名：若男
2020-04-20 22:29:34,739[16]DEBUGInfoLog[(null)]-获取到拼音姓：YANG  拼音名：RENAN,RUONAN
2020-04-20 22:30:23,065[15]DEBUGInfoLog[(null)]-姓名：杨若男    长度：3
2020-04-20 22:30:23,066[15]DEBUGInfoLog[(null)]-获取到中文姓：杨  中文名：若男
2020-04-20 22:30:23,104[15]DEBUGInfoLog[(null)]-获取到拼音姓：YANG  拼音名：RENAN,RUONAN
2020-04-20 22:31:35,494[16]DEBUGInfoLog[(null)]-姓名：杨若男    长度：3
2020-04-20 22:31:35,496[16]DEBUGInfoLog[(null)]-获取到中文姓：杨  中文名：若男
2020-04-20 22:31:35,533[16]DEBUGInfoLog[(null)]-获取到拼音姓：YANG  拼音名：RENAN,RUONAN
2020-04-20 22:32:22,463[17]DEBUGInfoLog[(null)]-姓名：杨若男    长度：3
2020-04-20 22:32:22,463[17]DEBUGInfoLog[(null)]-获取到中文姓：杨  中文名：若男
2020-04-20 22:32:22,464[17]DEBUGInfoLog[(null)]-获取到拼音姓：YANG  拼音名：RENAN,RUONAN
2020-04-20 22:32:35,863[17]DEBUGInfoLog[(null)]-姓名：杨若男    长度：3
2020-04-20 22:32:35,863[17]DEBUGInfoLog[(null)]-获取到中文姓：杨  中文名：若男
2020-04-20 22:32:35,864[17]DEBUGInfoLog[(null)]-获取到拼音姓：YANG  拼音名：RENAN,RUONAN
2020-04-20 22:34:33,429[16]DEBUGInfoLog[(null)]-姓名：杨若男    长度：3
2020-04-20 22:34:33,433[16]DEBUGInfoLog[(null)]-获取到中文姓：杨  中文名：若男
2020-04-20 22:34:33,518[16]DEBUGInfoLog[(null)]-获取到拼音姓：YANG  拼音名：RENAN,RUONAN
2020-04-20 22:35:29,326[15]DEBUGInfoLog[(null)]-姓名：杨若男    长度：3
2020-04-20 22:35:29,328[15]DEBUGInfoLog[(null)]-获取到中文姓：杨  中文名：若男
2020-04-20 22:35:29,368[15]DEBUGInfoLog[(null)]-获取到拼音姓：YANG  拼音名：RENAN,RUONAN
2020-04-20 22:36:34,183[16]DEBUGInfoLog[(null)]-姓名：杨若男    长度：3
2020-04-20 22:36:34,185[16]DEBUGInfoLog[(null)]-获取到中文姓：杨  中文名：若男
2020-04-20 22:36:34,271[16]DEBUGInfoLog[(null)]-获取到拼音姓：YANG  拼音名：RENAN,RUONAN
2020-04-20 22:40:04,406[15]DEBUGInfoLog[(null)]-姓名：杨若男    长度：3
2020-04-20 22:40:04,408[15]DEBUGInfoLog[(null)]-获取到中文姓：杨  中文名：若男
2020-04-20 22:40:04,444[15]DEBUGInfoLog[(null)]-获取到拼音姓：YANG  拼音名：RENAN,RUONAN
2020-04-20 22:43:17,525[15]DEBUGInfoLog[(null)]-姓名：杨若男    长度：3
2020-04-20 22:43:17,527[15]DEBUGInfoLog[(null)]-获取到中文姓：杨  中文名：若男
2020-04-20 22:43:17,591[15]DEBUGInfoLog[(null)]-获取到拼音姓：YANG  拼音名：RENAN,RUONAN
2020-04-20 22:44:43,560[14]DEBUGInfoLog[(null)]-姓名：杨若男    长度：3
2020-04-20 22:44:43,560[14]DEBUGInfoLog[(null)]-获取到中文姓：杨  中文名：若男
2020-04-20 22:44:43,561[14]DEBUGInfoLog[(null)]-获取到拼音姓：YANG  拼音名：RENAN,RUONAN
2020-04-20 22:46:04,247[15]DEBUGInfoLog[(null)]-姓名：杨若男    长度：3
2020-04-20 22:46:04,248[15]DEBUGInfoLog[(null)]-获取到中文姓：杨  中文名：若男
2020-04-20 22:46:04,248[15]DEBUGInfoLog[(null)]-获取到拼音姓：YANG  拼音名：RENAN,RUONAN
2020-04-20 22:46:26,137[15]DEBUGInfoLog[(null)]-姓名：杨若男    长度：3
2020-04-20 22:46:26,137[15]DEBUGInfoLog[(null)]-获取到中文姓：杨  中文名：若男
2020-04-20 22:46:26,138[15]DEBUGInfoLog[(null)]-获取到拼音姓：YANG  拼音名：RENAN,RUONAN
2020-04-20 22:49:27,679[15]DEBUGInfoLog[(null)]-姓名：杨若男    长度：3
2020-04-20 22:49:27,681[15]DEBUGInfoLog[(null)]-获取到中文姓：杨  中文名：若男
2020-04-20 22:49:27,728[15]DEBUGInfoLog[(null)]-获取到拼音姓：YANG  拼音名：RENAN,RUONAN
2020-04-20 22:50:01,593[16]DEBUGInfoLog[(null)]-姓名：杨若男    长度：3
2020-04-20 22:50:01,594[16]DEBUGInfoLog[(null)]-获取到中文姓：杨  中文名：若男
2020-04-20 22:50:01,595[16]DEBUGInfoLog[(null)]-获取到拼音姓：YANG  拼音名：RENAN,RUONAN
2020-04-20 22:50:30,704[18]DEBUGInfoLog[(null)]-姓名：杨若男    长度：3
2020-04-20 22:50:30,704[18]DEBUGInfoLog[(null)]-获取到中文姓：杨  中文名：若男
2020-04-20 22:50:30,705[18]DEBUGInfoLog[(null)]-获取到拼音姓：YANG  拼音名：RENAN,RUONAN
2020-04-20 22:52:40,485[15]DEBUGInfoLog[(null)]-姓名：杨若男    长度：3
2020-04-20 22:52:40,486[15]DEBUGInfoLog[(null)]-获取到中文姓：杨  中文名：若男
2020-04-20 22:52:40,519[15]DEBUGInfoLog[(null)]-获取到拼音姓：YANG  拼音名：RENAN,RUONAN
2020-04-20 22:53:00,481[18]DEBUGInfoLog[(null)]-姓名：杨若男    长度：3
2020-04-20 22:53:00,482[18]DEBUGInfoLog[(null)]-获取到中文姓：杨  中文名：若男
2020-04-20 22:53:00,482[18]DEBUGInfoLog[(null)]-获取到拼音姓：YANG  拼音名：RENAN,RUONAN
2020-04-20 22:53:28,309[18]DEBUGInfoLog[(null)]-姓名：杨若男    长度：3
2020-04-20 22:53:28,310[18]DEBUGInfoLog[(null)]-获取到中文姓：杨  中文名：若男
2020-04-20 22:53:28,310[18]DEBUGInfoLog[(null)]-获取到拼音姓：YANG  拼音名：RENAN,RUONAN
2020-04-20 22:53:58,945[15]DEBUGInfoLog[(null)]-姓名：杨若男    长度：3
2020-04-20 22:53:58,947[15]DEBUGInfoLog[(null)]-获取到中文姓：杨  中文名：若男
2020-04-20 22:53:58,987[15]DEBUGInfoLog[(null)]-获取到拼音姓：YANG  拼音名：RENAN,RUONAN
2020-04-20 22:54:50,470[16]DEBUGInfoLog[(null)]-姓名：杨若男    长度：3
2020-04-20 22:54:50,476[16]DEBUGInfoLog[(null)]-获取到中文姓：杨  中文名：若男
2020-04-20 22:54:50,512[16]DEBUGInfoLog[(null)]-获取到拼音姓：YANG  拼音名：RENAN,RUONAN
2020-04-20 22:55:39,140[16]DEBUGInfoLog[(null)]-姓名：杨若男    长度：3
2020-04-20 22:55:39,141[16]DEBUGInfoLog[(null)]-获取到中文姓：杨  中文名：若男
2020-04-20 22:55:39,183[16]DEBUGInfoLog[(null)]-获取到拼音姓：YANG  拼音名：RENAN,RUONAN
2020-04-20 22:57:29,950[14]DEBUGInfoLog[(null)]-姓名：杨若男    长度：3
2020-04-20 22:57:29,951[14]DEBUGInfoLog[(null)]-获取到中文姓：杨  中文名：若男
2020-04-20 22:57:29,951[14]DEBUGInfoLog[(null)]-获取到拼音姓：YANG  拼音名：RENAN,RUONAN
2020-04-20 22:59:27,189[15]DEBUGInfoLog[(null)]-姓名：杨若男    长度：3
2020-04-20 22:59:27,191[15]DEBUGInfoLog[(null)]-获取到中文姓：杨  中文名：若男
2020-04-20 22:59:27,285[15]DEBUGInfoLog[(null)]-获取到拼音姓：YANG  拼音名：RENAN,RUONAN
2020-04-20 23:01:00,719[16]DEBUGInfoLog[(null)]-姓名：杨若男    长度：3
2020-04-20 23:01:00,720[16]DEBUGInfoLog[(null)]-获取到中文姓：杨  中文名：若男
2020-04-20 23:01:00,763[16]DEBUGInfoLog[(null)]-获取到拼音姓：YANG  拼音名：RENAN,RUONAN
2020-04-20 23:02:22,474[16]DEBUGInfoLog[(null)]-姓名：杨若男    长度：3
2020-04-20 23:02:22,478[16]DEBUGInfoLog[(null)]-获取到中文姓：杨  中文名：若男
2020-04-20 23:02:22,583[16]DEBUGInfoLog[(null)]-获取到拼音姓：YANG  拼音名：RENAN,RUONAN
2020-04-20 23:02:48,999[17]DEBUGInfoLog[(null)]-姓名：杨若男    长度：3
2020-04-20 23:02:48,999[17]DEBUGInfoLog[(null)]-获取到中文姓：杨  中文名：若男
2020-04-20 23:02:49,001[17]DEBUGInfoLog[(null)]-获取到拼音姓：YANG  拼音名：RENAN,RUONAN
