2020-04-20 22:06:20,822[1]ERRORInfoLog[(null)]-实例化大集中类发生异常，异常信息：未能加载文件或程序集“QGServerLibrary”或它的某一个依赖项。系统找不到指定的文件。
2020-04-20 22:06:44,848[1]ERRORInfoLog[(null)]-实例化大集中类发生异常，异常信息：未能加载文件或程序集“QGServerLibrary”或它的某一个依赖项。系统找不到指定的文件。
2020-04-20 22:06:48,572[18]ERRORInfoLog[(null)]-实例化大集中类发生异常，异常信息：未能加载文件或程序集“QGServerLibrary”或它的某一个依赖项。系统找不到指定的文件。
2020-04-20 22:06:55,343[1]ERRORInfoLog[(null)]-实例化大集中类发生异常，异常信息：未能加载文件或程序集“QGServerLibrary”或它的某一个依赖项。系统找不到指定的文件。
2020-04-20 22:11:47,110[1]ERRORInfoLog[(null)]-实例化大集中类发生异常，异常信息：未能加载文件或程序集“QGServerLibrary”或它的某一个依赖项。系统找不到指定的文件。
2020-04-20 22:11:55,539[1]ERRORInfoLog[(null)]-实例化大集中类发生异常，异常信息：未能加载文件或程序集“QGServerLibrary”或它的某一个依赖项。系统找不到指定的文件。
2020-04-20 22:11:58,171[15]ERRORInfoLog[(null)]-实例化大集中类发生异常，异常信息：未能加载文件或程序集“QGServerLibrary”或它的某一个依赖项。系统找不到指定的文件。
2020-04-20 22:11:59,517[1]ERRORInfoLog[(null)]-实例化大集中类发生异常，异常信息：未能加载文件或程序集“QGServerLibrary”或它的某一个依赖项。系统找不到指定的文件。
2020-04-20 22:11:59,523[1]ERRORInfoLog[(null)]-E:\wei.chen\智慧大厅\项目代码\08-智慧大厅\20190725\20190725CV.WisdomHall\20190724CV.WisdomHall\Freedom.ZHPHMachine\bin\Release\ApplicationData\Sound\ZHSLSound\完善个人基本信息.wav 文件不存在！

2020-04-20 22:17:55,676[1]ERRORInfoLog[(null)]-实例化大集中类发生异常，异常信息：未能加载文件或程序集“QGServerLibrary”或它的某一个依赖项。系统找不到指定的文件。
2020-04-20 22:18:00,680[1]ERRORInfoLog[(null)]-实例化大集中类发生异常，异常信息：未能加载文件或程序集“QGServerLibrary”或它的某一个依赖项。系统找不到指定的文件。
2020-04-20 22:18:03,495[15]ERRORInfoLog[(null)]-实例化大集中类发生异常，异常信息：未能加载文件或程序集“QGServerLibrary”或它的某一个依赖项。系统找不到指定的文件。
2020-04-20 22:18:04,736[1]ERRORInfoLog[(null)]-实例化大集中类发生异常，异常信息：未能加载文件或程序集“QGServerLibrary”或它的某一个依赖项。系统找不到指定的文件。
2020-04-20 22:18:04,745[1]ERRORInfoLog[(null)]-E:\wei.chen\智慧大厅\项目代码\08-智慧大厅\20190725\20190725CV.WisdomHall\20190724CV.WisdomHall\Freedom.ZHPHMachine\bin\Release\ApplicationData\Sound\ZHSLSound\完善个人基本信息.wav 文件不存在！

2020-04-20 22:21:30,148[1]ERRORInfoLog[(null)]-实例化大集中类发生异常，异常信息：未能加载文件或程序集“QGServerLibrary”或它的某一个依赖项。系统找不到指定的文件。
2020-04-20 22:21:37,700[1]ERRORInfoLog[(null)]-实例化大集中类发生异常，异常信息：未能加载文件或程序集“QGServerLibrary”或它的某一个依赖项。系统找不到指定的文件。
2020-04-20 22:21:40,272[16]ERRORInfoLog[(null)]-实例化大集中类发生异常，异常信息：未能加载文件或程序集“QGServerLibrary”或它的某一个依赖项。系统找不到指定的文件。
2020-04-20 22:21:41,196[1]ERRORInfoLog[(null)]-实例化大集中类发生异常，异常信息：未能加载文件或程序集“QGServerLibrary”或它的某一个依赖项。系统找不到指定的文件。
2020-04-20 22:21:41,201[1]ERRORInfoLog[(null)]-E:\wei.chen\智慧大厅\项目代码\08-智慧大厅\20190725\20190725CV.WisdomHall\20190724CV.WisdomHall\Freedom.ZHPHMachine\bin\Release\ApplicationData\Sound\ZHSLSound\完善个人基本信息.wav 文件不存在！

2020-04-20 22:21:50,316[1]ERRORInfoLog[(null)]-实例化大集中类发生异常，异常信息：未能加载文件或程序集“QGServerLibrary”或它的某一个依赖项。系统找不到指定的文件。
2020-04-20 22:21:50,504[1]ERRORInfoLog[(null)]-实例化大集中类发生异常，异常信息：未能加载文件或程序集“QGServerLibrary”或它的某一个依赖项。系统找不到指定的文件。
2020-04-20 22:21:52,979[16]ERRORInfoLog[(null)]-实例化大集中类发生异常，异常信息：未能加载文件或程序集“QGServerLibrary”或它的某一个依赖项。系统找不到指定的文件。
2020-04-20 22:21:53,831[1]ERRORInfoLog[(null)]-实例化大集中类发生异常，异常信息：未能加载文件或程序集“QGServerLibrary”或它的某一个依赖项。系统找不到指定的文件。
2020-04-20 22:21:53,832[1]ERRORInfoLog[(null)]-E:\wei.chen\智慧大厅\项目代码\08-智慧大厅\20190725\20190725CV.WisdomHall\20190724CV.WisdomHall\Freedom.ZHPHMachine\bin\Release\ApplicationData\Sound\ZHSLSound\完善个人基本信息.wav 文件不存在！

2020-04-20 22:22:22,278[1]ERRORInfoLog[(null)]-实例化大集中类发生异常，异常信息：未能加载文件或程序集“QGServerLibrary”或它的某一个依赖项。系统找不到指定的文件。
2020-04-20 22:22:22,390[1]ERRORInfoLog[(null)]-实例化大集中类发生异常，异常信息：未能加载文件或程序集“QGServerLibrary”或它的某一个依赖项。系统找不到指定的文件。
2020-04-20 22:22:24,828[16]ERRORInfoLog[(null)]-实例化大集中类发生异常，异常信息：未能加载文件或程序集“QGServerLibrary”或它的某一个依赖项。系统找不到指定的文件。
2020-04-20 22:22:25,426[1]ERRORInfoLog[(null)]-实例化大集中类发生异常，异常信息：未能加载文件或程序集“QGServerLibrary”或它的某一个依赖项。系统找不到指定的文件。
2020-04-20 22:22:25,428[1]ERRORInfoLog[(null)]-E:\wei.chen\智慧大厅\项目代码\08-智慧大厅\20190725\20190725CV.WisdomHall\20190724CV.WisdomHall\Freedom.ZHPHMachine\bin\Release\ApplicationData\Sound\ZHSLSound\完善个人基本信息.wav 文件不存在！

2020-04-20 22:22:39,724[1]ERRORInfoLog[(null)]-实例化大集中类发生异常，异常信息：未能加载文件或程序集“QGServerLibrary”或它的某一个依赖项。系统找不到指定的文件。
2020-04-20 22:22:39,824[1]ERRORInfoLog[(null)]-实例化大集中类发生异常，异常信息：未能加载文件或程序集“QGServerLibrary”或它的某一个依赖项。系统找不到指定的文件。
2020-04-20 22:22:42,251[18]ERRORInfoLog[(null)]-实例化大集中类发生异常，异常信息：未能加载文件或程序集“QGServerLibrary”或它的某一个依赖项。系统找不到指定的文件。
2020-04-20 22:22:43,164[1]ERRORInfoLog[(null)]-实例化大集中类发生异常，异常信息：未能加载文件或程序集“QGServerLibrary”或它的某一个依赖项。系统找不到指定的文件。
2020-04-20 22:22:43,165[1]ERRORInfoLog[(null)]-E:\wei.chen\智慧大厅\项目代码\08-智慧大厅\20190725\20190725CV.WisdomHall\20190724CV.WisdomHall\Freedom.ZHPHMachine\bin\Release\ApplicationData\Sound\ZHSLSound\完善个人基本信息.wav 文件不存在！

2020-04-20 22:26:01,757[1]ERRORInfoLog[(null)]-实例化大集中类发生异常，异常信息：未能加载文件或程序集“QGServerLibrary”或它的某一个依赖项。系统找不到指定的文件。
2020-04-20 22:26:07,558[1]ERRORInfoLog[(null)]-实例化大集中类发生异常，异常信息：未能加载文件或程序集“QGServerLibrary”或它的某一个依赖项。系统找不到指定的文件。
2020-04-20 22:26:10,147[15]ERRORInfoLog[(null)]-实例化大集中类发生异常，异常信息：未能加载文件或程序集“QGServerLibrary”或它的某一个依赖项。系统找不到指定的文件。
2020-04-20 22:26:11,226[1]ERRORInfoLog[(null)]-实例化大集中类发生异常，异常信息：未能加载文件或程序集“QGServerLibrary”或它的某一个依赖项。系统找不到指定的文件。
2020-04-20 22:26:11,233[1]ERRORInfoLog[(null)]-E:\wei.chen\智慧大厅\项目代码\08-智慧大厅\20190725\20190725CV.WisdomHall\20190724CV.WisdomHall\Freedom.ZHPHMachine\bin\Release\ApplicationData\Sound\ZHSLSound\完善个人基本信息.wav 文件不存在！

2020-04-20 22:28:52,353[1]ERRORInfoLog[(null)]-实例化大集中类发生异常，异常信息：未能加载文件或程序集“QGServerLibrary”或它的某一个依赖项。系统找不到指定的文件。
2020-04-20 22:28:56,029[1]ERRORInfoLog[(null)]-实例化大集中类发生异常，异常信息：未能加载文件或程序集“QGServerLibrary”或它的某一个依赖项。系统找不到指定的文件。
2020-04-20 22:28:58,804[16]ERRORInfoLog[(null)]-实例化大集中类发生异常，异常信息：未能加载文件或程序集“QGServerLibrary”或它的某一个依赖项。系统找不到指定的文件。
2020-04-20 22:28:59,696[1]ERRORInfoLog[(null)]-实例化大集中类发生异常，异常信息：未能加载文件或程序集“QGServerLibrary”或它的某一个依赖项。系统找不到指定的文件。
2020-04-20 22:28:59,703[1]ERRORInfoLog[(null)]-E:\wei.chen\智慧大厅\项目代码\08-智慧大厅\20190725\20190725CV.WisdomHall\20190724CV.WisdomHall\Freedom.ZHPHMachine\bin\Release\ApplicationData\Sound\ZHSLSound\完善个人基本信息.wav 文件不存在！

2020-04-20 22:29:27,763[1]ERRORInfoLog[(null)]-实例化大集中类发生异常，异常信息：未能加载文件或程序集“QGServerLibrary”或它的某一个依赖项。系统找不到指定的文件。
2020-04-20 22:29:32,003[1]ERRORInfoLog[(null)]-实例化大集中类发生异常，异常信息：未能加载文件或程序集“QGServerLibrary”或它的某一个依赖项。系统找不到指定的文件。
2020-04-20 22:29:34,556[16]ERRORInfoLog[(null)]-实例化大集中类发生异常，异常信息：未能加载文件或程序集“QGServerLibrary”或它的某一个依赖项。系统找不到指定的文件。
2020-04-20 22:29:35,796[1]ERRORInfoLog[(null)]-实例化大集中类发生异常，异常信息：未能加载文件或程序集“QGServerLibrary”或它的某一个依赖项。系统找不到指定的文件。
2020-04-20 22:29:35,803[1]ERRORInfoLog[(null)]-E:\wei.chen\智慧大厅\项目代码\08-智慧大厅\20190725\20190725CV.WisdomHall\20190724CV.WisdomHall\Freedom.ZHPHMachine\bin\Release\ApplicationData\Sound\ZHSLSound\完善个人基本信息.wav 文件不存在！

2020-04-20 22:30:16,375[1]ERRORInfoLog[(null)]-实例化大集中类发生异常，异常信息：未能加载文件或程序集“QGServerLibrary”或它的某一个依赖项。系统找不到指定的文件。
2020-04-20 22:30:20,207[1]ERRORInfoLog[(null)]-实例化大集中类发生异常，异常信息：未能加载文件或程序集“QGServerLibrary”或它的某一个依赖项。系统找不到指定的文件。
2020-04-20 22:30:22,929[15]ERRORInfoLog[(null)]-实例化大集中类发生异常，异常信息：未能加载文件或程序集“QGServerLibrary”或它的某一个依赖项。系统找不到指定的文件。
2020-04-20 22:30:23,749[1]ERRORInfoLog[(null)]-实例化大集中类发生异常，异常信息：未能加载文件或程序集“QGServerLibrary”或它的某一个依赖项。系统找不到指定的文件。
2020-04-20 22:30:23,756[1]ERRORInfoLog[(null)]-E:\wei.chen\智慧大厅\项目代码\08-智慧大厅\20190725\20190725CV.WisdomHall\20190724CV.WisdomHall\Freedom.ZHPHMachine\bin\Release\ApplicationData\Sound\ZHSLSound\完善个人基本信息.wav 文件不存在！

2020-04-20 22:31:29,592[1]ERRORInfoLog[(null)]-实例化大集中类发生异常，异常信息：未能加载文件或程序集“QGServerLibrary”或它的某一个依赖项。系统找不到指定的文件。
2020-04-20 22:31:32,806[1]ERRORInfoLog[(null)]-实例化大集中类发生异常，异常信息：未能加载文件或程序集“QGServerLibrary”或它的某一个依赖项。系统找不到指定的文件。
2020-04-20 22:31:35,336[16]ERRORInfoLog[(null)]-实例化大集中类发生异常，异常信息：未能加载文件或程序集“QGServerLibrary”或它的某一个依赖项。系统找不到指定的文件。
2020-04-20 22:31:36,283[1]ERRORInfoLog[(null)]-实例化大集中类发生异常，异常信息：未能加载文件或程序集“QGServerLibrary”或它的某一个依赖项。系统找不到指定的文件。
2020-04-20 22:31:36,316[1]ERRORInfoLog[(null)]-E:\wei.chen\智慧大厅\项目代码\08-智慧大厅\20190725\20190725CV.WisdomHall\20190724CV.WisdomHall\Freedom.ZHPHMachine\bin\Release\ApplicationData\Sound\ZHSLSound\完善个人基本信息.wav 文件不存在！

2020-04-20 22:32:19,831[1]ERRORInfoLog[(null)]-实例化大集中类发生异常，异常信息：未能加载文件或程序集“QGServerLibrary”或它的某一个依赖项。系统找不到指定的文件。
2020-04-20 22:32:19,941[1]ERRORInfoLog[(null)]-实例化大集中类发生异常，异常信息：未能加载文件或程序集“QGServerLibrary”或它的某一个依赖项。系统找不到指定的文件。
2020-04-20 22:32:22,397[17]ERRORInfoLog[(null)]-实例化大集中类发生异常，异常信息：未能加载文件或程序集“QGServerLibrary”或它的某一个依赖项。系统找不到指定的文件。
2020-04-20 22:32:22,940[1]ERRORInfoLog[(null)]-实例化大集中类发生异常，异常信息：未能加载文件或程序集“QGServerLibrary”或它的某一个依赖项。系统找不到指定的文件。
2020-04-20 22:32:22,941[1]ERRORInfoLog[(null)]-E:\wei.chen\智慧大厅\项目代码\08-智慧大厅\20190725\20190725CV.WisdomHall\20190724CV.WisdomHall\Freedom.ZHPHMachine\bin\Release\ApplicationData\Sound\ZHSLSound\完善个人基本信息.wav 文件不存在！

2020-04-20 22:32:33,257[1]ERRORInfoLog[(null)]-实例化大集中类发生异常，异常信息：未能加载文件或程序集“QGServerLibrary”或它的某一个依赖项。系统找不到指定的文件。
2020-04-20 22:32:33,359[1]ERRORInfoLog[(null)]-实例化大集中类发生异常，异常信息：未能加载文件或程序集“QGServerLibrary”或它的某一个依赖项。系统找不到指定的文件。
2020-04-20 22:32:35,770[17]ERRORInfoLog[(null)]-实例化大集中类发生异常，异常信息：未能加载文件或程序集“QGServerLibrary”或它的某一个依赖项。系统找不到指定的文件。
2020-04-20 22:32:36,676[1]ERRORInfoLog[(null)]-实例化大集中类发生异常，异常信息：未能加载文件或程序集“QGServerLibrary”或它的某一个依赖项。系统找不到指定的文件。
2020-04-20 22:32:36,677[1]ERRORInfoLog[(null)]-E:\wei.chen\智慧大厅\项目代码\08-智慧大厅\20190725\20190725CV.WisdomHall\20190724CV.WisdomHall\Freedom.ZHPHMachine\bin\Release\ApplicationData\Sound\ZHSLSound\完善个人基本信息.wav 文件不存在！

2020-04-20 22:34:26,137[1]ERRORInfoLog[(null)]-实例化大集中类发生异常，异常信息：未能加载文件或程序集“QGServerLibrary”或它的某一个依赖项。系统找不到指定的文件。
2020-04-20 22:34:30,200[1]ERRORInfoLog[(null)]-实例化大集中类发生异常，异常信息：未能加载文件或程序集“QGServerLibrary”或它的某一个依赖项。系统找不到指定的文件。
2020-04-20 22:34:33,230[16]ERRORInfoLog[(null)]-实例化大集中类发生异常，异常信息：未能加载文件或程序集“QGServerLibrary”或它的某一个依赖项。系统找不到指定的文件。
2020-04-20 22:34:34,498[1]ERRORInfoLog[(null)]-实例化大集中类发生异常，异常信息：未能加载文件或程序集“QGServerLibrary”或它的某一个依赖项。系统找不到指定的文件。
2020-04-20 22:34:34,506[1]ERRORInfoLog[(null)]-E:\wei.chen\智慧大厅\项目代码\08-智慧大厅\20190725\20190725CV.WisdomHall\20190724CV.WisdomHall\Freedom.ZHPHMachine\bin\Release\ApplicationData\Sound\ZHSLSound\完善个人基本信息.wav 文件不存在！

2020-04-20 22:34:47,286[1]ERRORInfoLog[(null)]-实例化大集中类发生异常，异常信息：未能加载文件或程序集“QGServerLibrary”或它的某一个依赖项。系统找不到指定的文件。
2020-04-20 22:34:47,480[1]ERRORInfoLog[(null)]-实例化大集中类发生异常，异常信息：未能加载文件或程序集“QGServerLibrary”或它的某一个依赖项。系统找不到指定的文件。
2020-04-20 22:35:22,980[1]ERRORInfoLog[(null)]-实例化大集中类发生异常，异常信息：未能加载文件或程序集“QGServerLibrary”或它的某一个依赖项。系统找不到指定的文件。
2020-04-20 22:35:26,511[1]ERRORInfoLog[(null)]-实例化大集中类发生异常，异常信息：未能加载文件或程序集“QGServerLibrary”或它的某一个依赖项。系统找不到指定的文件。
2020-04-20 22:35:29,197[15]ERRORInfoLog[(null)]-实例化大集中类发生异常，异常信息：未能加载文件或程序集“QGServerLibrary”或它的某一个依赖项。系统找不到指定的文件。
2020-04-20 22:35:30,068[1]ERRORInfoLog[(null)]-实例化大集中类发生异常，异常信息：未能加载文件或程序集“QGServerLibrary”或它的某一个依赖项。系统找不到指定的文件。
2020-04-20 22:35:30,075[1]ERRORInfoLog[(null)]-E:\wei.chen\智慧大厅\项目代码\08-智慧大厅\20190725\20190725CV.WisdomHall\20190724CV.WisdomHall\Freedom.ZHPHMachine\bin\Release\ApplicationData\Sound\ZHSLSound\完善个人基本信息.wav 文件不存在！

2020-04-20 22:35:40,740[1]ERRORInfoLog[(null)]-实例化大集中类发生异常，异常信息：未能加载文件或程序集“QGServerLibrary”或它的某一个依赖项。系统找不到指定的文件。
2020-04-20 22:35:40,832[1]ERRORInfoLog[(null)]-实例化大集中类发生异常，异常信息：未能加载文件或程序集“QGServerLibrary”或它的某一个依赖项。系统找不到指定的文件。
2020-04-20 22:36:26,879[1]ERRORInfoLog[(null)]-实例化大集中类发生异常，异常信息：未能加载文件或程序集“QGServerLibrary”或它的某一个依赖项。系统找不到指定的文件。
2020-04-20 22:36:31,497[1]ERRORInfoLog[(null)]-实例化大集中类发生异常，异常信息：未能加载文件或程序集“QGServerLibrary”或它的某一个依赖项。系统找不到指定的文件。
2020-04-20 22:36:34,035[16]ERRORInfoLog[(null)]-实例化大集中类发生异常，异常信息：未能加载文件或程序集“QGServerLibrary”或它的某一个依赖项。系统找不到指定的文件。
2020-04-20 22:36:35,340[1]ERRORInfoLog[(null)]-实例化大集中类发生异常，异常信息：未能加载文件或程序集“QGServerLibrary”或它的某一个依赖项。系统找不到指定的文件。
2020-04-20 22:36:35,356[1]ERRORInfoLog[(null)]-E:\wei.chen\智慧大厅\项目代码\08-智慧大厅\20190725\20190725CV.WisdomHall\20190724CV.WisdomHall\Freedom.ZHPHMachine\bin\Release\ApplicationData\Sound\ZHSLSound\完善个人基本信息.wav 文件不存在！

2020-04-20 22:36:57,923[1]ERRORInfoLog[(null)]-实例化大集中类发生异常，异常信息：未能加载文件或程序集“QGServerLibrary”或它的某一个依赖项。系统找不到指定的文件。
2020-04-20 22:36:58,067[1]ERRORInfoLog[(null)]-实例化大集中类发生异常，异常信息：未能加载文件或程序集“QGServerLibrary”或它的某一个依赖项。系统找不到指定的文件。
2020-04-20 22:39:58,266[1]ERRORInfoLog[(null)]-实例化大集中类发生异常，异常信息：未能加载文件或程序集“QGServerLibrary”或它的某一个依赖项。系统找不到指定的文件。
2020-04-20 22:40:01,620[1]ERRORInfoLog[(null)]-实例化大集中类发生异常，异常信息：未能加载文件或程序集“QGServerLibrary”或它的某一个依赖项。系统找不到指定的文件。
2020-04-20 22:40:04,271[15]ERRORInfoLog[(null)]-实例化大集中类发生异常，异常信息：未能加载文件或程序集“QGServerLibrary”或它的某一个依赖项。系统找不到指定的文件。
2020-04-20 22:40:05,067[1]ERRORInfoLog[(null)]-实例化大集中类发生异常，异常信息：未能加载文件或程序集“QGServerLibrary”或它的某一个依赖项。系统找不到指定的文件。
2020-04-20 22:40:05,076[1]ERRORInfoLog[(null)]-E:\wei.chen\智慧大厅\项目代码\08-智慧大厅\20190725\20190725CV.WisdomHall\20190724CV.WisdomHall\Freedom.ZHPHMachine\bin\Release\ApplicationData\Sound\ZHSLSound\完善个人基本信息.wav 文件不存在！

2020-04-20 22:43:08,932[1]ERRORInfoLog[(null)]-实例化大集中类发生异常，异常信息：未能加载文件或程序集“QGServerLibrary”或它的某一个依赖项。系统找不到指定的文件。
2020-04-20 22:43:14,716[1]ERRORInfoLog[(null)]-实例化大集中类发生异常，异常信息：未能加载文件或程序集“QGServerLibrary”或它的某一个依赖项。系统找不到指定的文件。
2020-04-20 22:43:17,409[15]ERRORInfoLog[(null)]-实例化大集中类发生异常，异常信息：未能加载文件或程序集“QGServerLibrary”或它的某一个依赖项。系统找不到指定的文件。
2020-04-20 22:43:18,539[1]ERRORInfoLog[(null)]-实例化大集中类发生异常，异常信息：未能加载文件或程序集“QGServerLibrary”或它的某一个依赖项。系统找不到指定的文件。
2020-04-20 22:43:18,547[1]ERRORInfoLog[(null)]-E:\wei.chen\智慧大厅\项目代码\08-智慧大厅\20190725\20190725CV.WisdomHall\20190724CV.WisdomHall\Freedom.ZHPHMachine\bin\Release\ApplicationData\Sound\ZHSLSound\完善个人基本信息.wav 文件不存在！

2020-04-20 22:44:28,501[1]ERRORInfoLog[(null)]-实例化大集中类发生异常，异常信息：未能加载文件或程序集“QGServerLibrary”或它的某一个依赖项。系统找不到指定的文件。
2020-04-20 22:44:29,070[16]ERRORInfoLog[(null)]-实例化大集中类发生异常，异常信息：未能加载文件或程序集“QGServerLibrary”或它的某一个依赖项。系统找不到指定的文件。
2020-04-20 22:44:31,908[1]ERRORInfoLog[(null)]-实例化大集中类发生异常，异常信息：未能加载文件或程序集“QGServerLibrary”或它的某一个依赖项。系统找不到指定的文件。
2020-04-20 22:44:32,356[1]ERRORInfoLog[(null)]-110111199512161234-杨若男-20200420 20200420预约[1]笔业务保存错误[System.NullReferenceException: 未将对象引用设置到对象的实例。
   在 MachineCommandService.ZHPHMachineWSHelper.<>c__DisplayClass24_0.<I_YYSQXX>b__4(EndorsementInfo y, Int32 i) 位置 E:\wei.chen\智慧大厅\项目代码\08-智慧大厅\20190725\20190725CV.WisdomHall\20190724CV.WisdomHall\MachineCommandService\ZHPHMachineWSHelper.cs:行号 454
   在 System.Linq.Enumerable.<SelectIterator>d__5`2.MoveNext()
   在 System.Collections.Generic.List`1..ctor(IEnumerable`1 collection)
   在 System.Linq.Enumerable.ToList[TSource](IEnumerable`1 source)
   在 MachineCommandService.ZHPHMachineWSHelper.<>c__DisplayClass24_0.<I_YYSQXX>b__1(BookingInfo t) 位置 E:\wei.chen\智慧大厅\项目代码\08-智慧大厅\20190725\20190725CV.WisdomHall\20190724CV.WisdomHall\MachineCommandService\ZHPHMachineWSHelper.cs:行号 406
   在 System.Linq.Enumerable.WhereSelectListIterator`2.MoveNext()
   在 System.Collections.Generic.List`1..ctor(IEnumerable`1 collection)
   在 System.Linq.Enumerable.ToList[TSource](IEnumerable`1 source)
   在 MachineCommandService.ZHPHMachineWSHelper.<I_YYSQXX>d__24.MoveNext() 位置 E:\wei.chen\智慧大厅\项目代码\08-智慧大厅\20190725\20190725CV.WisdomHall\20190724CV.WisdomHall\MachineCommandService\ZHPHMachineWSHelper.cs:行号 406]
2020-04-20 22:44:32,437[1]ERRORInfoLog[(null)]-派号异常:预约数据保存错误[System.NullReferenceException: 未将对象引用设置到对象的实例。
   在 MachineCommandService.ZHPHMachineWSHelper.<>c__DisplayClass24_0.<I_YYSQXX>b__4(EndorsementInfo y, Int32 i) 位置 E:\wei.chen\智慧大厅\项目代码\08-智慧大厅\20190725\20190725CV.WisdomHall\20190724CV.WisdomHall\MachineCommandService\ZHPHMachineWSHelper.cs:行号 454
   在 System.Linq.Enumerable.<SelectIterator>d__5`2.MoveNext()
   在 System.Collections.Generic.List`1..ctor(IEnumerable`1 collection)
   在 System.Linq.Enumerable.ToList[TSource](IEnumerable`1 source)
   在 MachineCommandService.ZHPHMachineWSHelper.<>c__DisplayClass24_0.<I_YYSQXX>b__1(BookingInfo t) 位置 E:\wei.chen\智慧大厅\项目代码\08-智慧大厅\20190725\20190725CV.WisdomHall\20190724CV.WisdomHall\MachineCommandService\ZHPHMachineWSHelper.cs:行号 406
   在 System.Linq.Enumerable.WhereSelectListIterator`2.MoveNext()
   在 System.Collections.Generic.List`1..ctor(IEnumerable`1 collection)
   在 System.Linq.Enumerable.ToList[TSource](IEnumerable`1 source)
   在 MachineCommandService.ZHPHMachineWSHelper.<I_YYSQXX>d__24.MoveNext() 位置 E:\wei.chen\智慧大厅\项目代码\08-智慧大厅\20190725\20190725CV.WisdomHall\20190724CV.WisdomHall\MachineCommandService\ZHPHMachineWSHelper.cs:行号 406]
2020-04-20 22:44:41,051[1]ERRORInfoLog[(null)]-实例化大集中类发生异常，异常信息：未能加载文件或程序集“QGServerLibrary”或它的某一个依赖项。系统找不到指定的文件。
2020-04-20 22:44:41,157[1]ERRORInfoLog[(null)]-实例化大集中类发生异常，异常信息：未能加载文件或程序集“QGServerLibrary”或它的某一个依赖项。系统找不到指定的文件。
2020-04-20 22:44:43,493[14]ERRORInfoLog[(null)]-实例化大集中类发生异常，异常信息：未能加载文件或程序集“QGServerLibrary”或它的某一个依赖项。系统找不到指定的文件。
2020-04-20 22:44:44,098[1]ERRORInfoLog[(null)]-实例化大集中类发生异常，异常信息：未能加载文件或程序集“QGServerLibrary”或它的某一个依赖项。系统找不到指定的文件。
2020-04-20 22:44:44,103[1]ERRORInfoLog[(null)]-E:\wei.chen\智慧大厅\项目代码\08-智慧大厅\20190725\20190725CV.WisdomHall\20190724CV.WisdomHall\Freedom.ZHPHMachine\bin\Release\ApplicationData\Sound\ZHSLSound\完善个人基本信息.wav 文件不存在！

2020-04-20 22:46:01,704[1]ERRORInfoLog[(null)]-实例化大集中类发生异常，异常信息：未能加载文件或程序集“QGServerLibrary”或它的某一个依赖项。系统找不到指定的文件。
2020-04-20 22:46:01,774[1]ERRORInfoLog[(null)]-实例化大集中类发生异常，异常信息：未能加载文件或程序集“QGServerLibrary”或它的某一个依赖项。系统找不到指定的文件。
2020-04-20 22:46:01,874[1]ERRORInfoLog[(null)]-实例化大集中类发生异常，异常信息：未能加载文件或程序集“QGServerLibrary”或它的某一个依赖项。系统找不到指定的文件。
2020-04-20 22:46:04,198[15]ERRORInfoLog[(null)]-实例化大集中类发生异常，异常信息：未能加载文件或程序集“QGServerLibrary”或它的某一个依赖项。系统找不到指定的文件。
2020-04-20 22:46:04,752[1]ERRORInfoLog[(null)]-实例化大集中类发生异常，异常信息：未能加载文件或程序集“QGServerLibrary”或它的某一个依赖项。系统找不到指定的文件。
2020-04-20 22:46:04,754[1]ERRORInfoLog[(null)]-E:\wei.chen\智慧大厅\项目代码\08-智慧大厅\20190725\20190725CV.WisdomHall\20190724CV.WisdomHall\Freedom.ZHPHMachine\bin\Release\ApplicationData\Sound\ZHSLSound\完善个人基本信息.wav 文件不存在！

2020-04-20 22:46:23,636[1]ERRORInfoLog[(null)]-实例化大集中类发生异常，异常信息：未能加载文件或程序集“QGServerLibrary”或它的某一个依赖项。系统找不到指定的文件。
2020-04-20 22:46:23,700[1]ERRORInfoLog[(null)]-实例化大集中类发生异常，异常信息：未能加载文件或程序集“QGServerLibrary”或它的某一个依赖项。系统找不到指定的文件。
2020-04-20 22:46:23,768[1]ERRORInfoLog[(null)]-实例化大集中类发生异常，异常信息：未能加载文件或程序集“QGServerLibrary”或它的某一个依赖项。系统找不到指定的文件。
2020-04-20 22:46:26,076[15]ERRORInfoLog[(null)]-实例化大集中类发生异常，异常信息：未能加载文件或程序集“QGServerLibrary”或它的某一个依赖项。系统找不到指定的文件。
2020-04-20 22:46:26,642[1]ERRORInfoLog[(null)]-实例化大集中类发生异常，异常信息：未能加载文件或程序集“QGServerLibrary”或它的某一个依赖项。系统找不到指定的文件。
2020-04-20 22:46:26,644[1]ERRORInfoLog[(null)]-E:\wei.chen\智慧大厅\项目代码\08-智慧大厅\20190725\20190725CV.WisdomHall\20190724CV.WisdomHall\Freedom.ZHPHMachine\bin\Release\ApplicationData\Sound\ZHSLSound\完善个人基本信息.wav 文件不存在！

2020-04-20 22:49:19,635[1]ERRORInfoLog[(null)]-实例化大集中类发生异常，异常信息：未能加载文件或程序集“QGServerLibrary”或它的某一个依赖项。系统找不到指定的文件。
2020-04-20 22:49:24,633[1]ERRORInfoLog[(null)]-实例化大集中类发生异常，异常信息：未能加载文件或程序集“QGServerLibrary”或它的某一个依赖项。系统找不到指定的文件。
2020-04-20 22:49:27,485[15]ERRORInfoLog[(null)]-实例化大集中类发生异常，异常信息：未能加载文件或程序集“QGServerLibrary”或它的某一个依赖项。系统找不到指定的文件。
2020-04-20 22:49:28,674[1]ERRORInfoLog[(null)]-实例化大集中类发生异常，异常信息：未能加载文件或程序集“QGServerLibrary”或它的某一个依赖项。系统找不到指定的文件。
2020-04-20 22:49:28,681[1]ERRORInfoLog[(null)]-E:\wei.chen\智慧大厅\项目代码\08-智慧大厅\20190725\20190725CV.WisdomHall\20190724CV.WisdomHall\Freedom.ZHPHMachine\bin\Release\ApplicationData\Sound\ZHSLSound\完善个人基本信息.wav 文件不存在！

2020-04-20 22:49:51,976[1]ERRORInfoLog[(null)]-实例化大集中类发生异常，异常信息：未能加载文件或程序集“QGServerLibrary”或它的某一个依赖项。系统找不到指定的文件。
2020-04-20 22:49:52,497[3]ERRORInfoLog[(null)]-实例化大集中类发生异常，异常信息：未能加载文件或程序集“QGServerLibrary”或它的某一个依赖项。系统找不到指定的文件。
2020-04-20 22:49:54,588[1]ERRORInfoLog[(null)]-实例化大集中类发生异常，异常信息：未能加载文件或程序集“QGServerLibrary”或它的某一个依赖项。系统找不到指定的文件。
2020-04-20 22:49:54,929[1]ERRORInfoLog[(null)]-110111199512161234-杨若男-20200420 20200420预约[2]笔业务保存错误[System.NullReferenceException: 未将对象引用设置到对象的实例。
   在 MachineCommandService.ZHPHMachineWSHelper.<>c__DisplayClass24_0.<I_YYSQXX>b__4(EndorsementInfo y, Int32 i) 位置 E:\wei.chen\智慧大厅\项目代码\08-智慧大厅\20190725\20190725CV.WisdomHall\20190724CV.WisdomHall\MachineCommandService\ZHPHMachineWSHelper.cs:行号 454
   在 System.Linq.Enumerable.<SelectIterator>d__5`2.MoveNext()
   在 System.Collections.Generic.List`1..ctor(IEnumerable`1 collection)
   在 System.Linq.Enumerable.ToList[TSource](IEnumerable`1 source)
   在 MachineCommandService.ZHPHMachineWSHelper.<>c__DisplayClass24_0.<I_YYSQXX>b__1(BookingInfo t) 位置 E:\wei.chen\智慧大厅\项目代码\08-智慧大厅\20190725\20190725CV.WisdomHall\20190724CV.WisdomHall\MachineCommandService\ZHPHMachineWSHelper.cs:行号 406
   在 System.Linq.Enumerable.WhereSelectListIterator`2.MoveNext()
   在 System.Collections.Generic.List`1..ctor(IEnumerable`1 collection)
   在 System.Linq.Enumerable.ToList[TSource](IEnumerable`1 source)
   在 MachineCommandService.ZHPHMachineWSHelper.<I_YYSQXX>d__24.MoveNext() 位置 E:\wei.chen\智慧大厅\项目代码\08-智慧大厅\20190725\20190725CV.WisdomHall\20190724CV.WisdomHall\MachineCommandService\ZHPHMachineWSHelper.cs:行号 406]
2020-04-20 22:49:55,044[1]ERRORInfoLog[(null)]-派号异常:预约数据保存错误[System.NullReferenceException: 未将对象引用设置到对象的实例。
   在 MachineCommandService.ZHPHMachineWSHelper.<>c__DisplayClass24_0.<I_YYSQXX>b__4(EndorsementInfo y, Int32 i) 位置 E:\wei.chen\智慧大厅\项目代码\08-智慧大厅\20190725\20190725CV.WisdomHall\20190724CV.WisdomHall\MachineCommandService\ZHPHMachineWSHelper.cs:行号 454
   在 System.Linq.Enumerable.<SelectIterator>d__5`2.MoveNext()
   在 System.Collections.Generic.List`1..ctor(IEnumerable`1 collection)
   在 System.Linq.Enumerable.ToList[TSource](IEnumerable`1 source)
   在 MachineCommandService.ZHPHMachineWSHelper.<>c__DisplayClass24_0.<I_YYSQXX>b__1(BookingInfo t) 位置 E:\wei.chen\智慧大厅\项目代码\08-智慧大厅\20190725\20190725CV.WisdomHall\20190724CV.WisdomHall\MachineCommandService\ZHPHMachineWSHelper.cs:行号 406
   在 System.Linq.Enumerable.WhereSelectListIterator`2.MoveNext()
   在 System.Collections.Generic.List`1..ctor(IEnumerable`1 collection)
   在 System.Linq.Enumerable.ToList[TSource](IEnumerable`1 source)
   在 MachineCommandService.ZHPHMachineWSHelper.<I_YYSQXX>d__24.MoveNext() 位置 E:\wei.chen\智慧大厅\项目代码\08-智慧大厅\20190725\20190725CV.WisdomHall\20190724CV.WisdomHall\MachineCommandService\ZHPHMachineWSHelper.cs:行号 406]
2020-04-20 22:49:58,915[1]ERRORInfoLog[(null)]-实例化大集中类发生异常，异常信息：未能加载文件或程序集“QGServerLibrary”或它的某一个依赖项。系统找不到指定的文件。
2020-04-20 22:49:59,020[1]ERRORInfoLog[(null)]-实例化大集中类发生异常，异常信息：未能加载文件或程序集“QGServerLibrary”或它的某一个依赖项。系统找不到指定的文件。
2020-04-20 22:50:01,484[16]ERRORInfoLog[(null)]-实例化大集中类发生异常，异常信息：未能加载文件或程序集“QGServerLibrary”或它的某一个依赖项。系统找不到指定的文件。
2020-04-20 22:50:02,603[1]ERRORInfoLog[(null)]-实例化大集中类发生异常，异常信息：未能加载文件或程序集“QGServerLibrary”或它的某一个依赖项。系统找不到指定的文件。
2020-04-20 22:50:02,604[1]ERRORInfoLog[(null)]-E:\wei.chen\智慧大厅\项目代码\08-智慧大厅\20190725\20190725CV.WisdomHall\20190724CV.WisdomHall\Freedom.ZHPHMachine\bin\Release\ApplicationData\Sound\ZHSLSound\完善个人基本信息.wav 文件不存在！

2020-04-20 22:50:27,920[1]ERRORInfoLog[(null)]-实例化大集中类发生异常，异常信息：未能加载文件或程序集“QGServerLibrary”或它的某一个依赖项。系统找不到指定的文件。
2020-04-20 22:50:28,025[1]ERRORInfoLog[(null)]-实例化大集中类发生异常，异常信息：未能加载文件或程序集“QGServerLibrary”或它的某一个依赖项。系统找不到指定的文件。
2020-04-20 22:50:28,165[1]ERRORInfoLog[(null)]-实例化大集中类发生异常，异常信息：未能加载文件或程序集“QGServerLibrary”或它的某一个依赖项。系统找不到指定的文件。
2020-04-20 22:50:30,651[18]ERRORInfoLog[(null)]-实例化大集中类发生异常，异常信息：未能加载文件或程序集“QGServerLibrary”或它的某一个依赖项。系统找不到指定的文件。
2020-04-20 22:50:31,487[1]ERRORInfoLog[(null)]-实例化大集中类发生异常，异常信息：未能加载文件或程序集“QGServerLibrary”或它的某一个依赖项。系统找不到指定的文件。
2020-04-20 22:50:31,488[1]ERRORInfoLog[(null)]-E:\wei.chen\智慧大厅\项目代码\08-智慧大厅\20190725\20190725CV.WisdomHall\20190724CV.WisdomHall\Freedom.ZHPHMachine\bin\Release\ApplicationData\Sound\ZHSLSound\完善个人基本信息.wav 文件不存在！

2020-04-20 22:52:33,390[1]ERRORInfoLog[(null)]-实例化大集中类发生异常，异常信息：未能加载文件或程序集“QGServerLibrary”或它的某一个依赖项。系统找不到指定的文件。
2020-04-20 22:52:37,826[1]ERRORInfoLog[(null)]-实例化大集中类发生异常，异常信息：未能加载文件或程序集“QGServerLibrary”或它的某一个依赖项。系统找不到指定的文件。
2020-04-20 22:52:40,365[15]ERRORInfoLog[(null)]-实例化大集中类发生异常，异常信息：未能加载文件或程序集“QGServerLibrary”或它的某一个依赖项。系统找不到指定的文件。
2020-04-20 22:52:41,222[1]ERRORInfoLog[(null)]-实例化大集中类发生异常，异常信息：未能加载文件或程序集“QGServerLibrary”或它的某一个依赖项。系统找不到指定的文件。
2020-04-20 22:52:41,229[1]ERRORInfoLog[(null)]-E:\wei.chen\智慧大厅\项目代码\08-智慧大厅\20190725\20190725CV.WisdomHall\20190724CV.WisdomHall\Freedom.ZHPHMachine\bin\Release\ApplicationData\Sound\ZHSLSound\完善个人基本信息.wav 文件不存在！

2020-04-20 22:52:57,812[1]ERRORInfoLog[(null)]-实例化大集中类发生异常，异常信息：未能加载文件或程序集“QGServerLibrary”或它的某一个依赖项。系统找不到指定的文件。
2020-04-20 22:52:58,025[1]ERRORInfoLog[(null)]-实例化大集中类发生异常，异常信息：未能加载文件或程序集“QGServerLibrary”或它的某一个依赖项。系统找不到指定的文件。
2020-04-20 22:53:00,420[18]ERRORInfoLog[(null)]-实例化大集中类发生异常，异常信息：未能加载文件或程序集“QGServerLibrary”或它的某一个依赖项。系统找不到指定的文件。
2020-04-20 22:53:01,114[1]ERRORInfoLog[(null)]-实例化大集中类发生异常，异常信息：未能加载文件或程序集“QGServerLibrary”或它的某一个依赖项。系统找不到指定的文件。
2020-04-20 22:53:01,116[1]ERRORInfoLog[(null)]-E:\wei.chen\智慧大厅\项目代码\08-智慧大厅\20190725\20190725CV.WisdomHall\20190724CV.WisdomHall\Freedom.ZHPHMachine\bin\Release\ApplicationData\Sound\ZHSLSound\完善个人基本信息.wav 文件不存在！

2020-04-20 22:53:25,775[1]ERRORInfoLog[(null)]-实例化大集中类发生异常，异常信息：未能加载文件或程序集“QGServerLibrary”或它的某一个依赖项。系统找不到指定的文件。
2020-04-20 22:53:25,873[1]ERRORInfoLog[(null)]-实例化大集中类发生异常，异常信息：未能加载文件或程序集“QGServerLibrary”或它的某一个依赖项。系统找不到指定的文件。
2020-04-20 22:53:28,246[18]ERRORInfoLog[(null)]-实例化大集中类发生异常，异常信息：未能加载文件或程序集“QGServerLibrary”或它的某一个依赖项。系统找不到指定的文件。
2020-04-20 22:53:29,151[1]ERRORInfoLog[(null)]-实例化大集中类发生异常，异常信息：未能加载文件或程序集“QGServerLibrary”或它的某一个依赖项。系统找不到指定的文件。
2020-04-20 22:53:29,152[1]ERRORInfoLog[(null)]-E:\wei.chen\智慧大厅\项目代码\08-智慧大厅\20190725\20190725CV.WisdomHall\20190724CV.WisdomHall\Freedom.ZHPHMachine\bin\Release\ApplicationData\Sound\ZHSLSound\完善个人基本信息.wav 文件不存在！

2020-04-20 22:53:52,059[1]ERRORInfoLog[(null)]-实例化大集中类发生异常，异常信息：未能加载文件或程序集“QGServerLibrary”或它的某一个依赖项。系统找不到指定的文件。
2020-04-20 22:53:56,123[1]ERRORInfoLog[(null)]-实例化大集中类发生异常，异常信息：未能加载文件或程序集“QGServerLibrary”或它的某一个依赖项。系统找不到指定的文件。
2020-04-20 22:53:58,823[15]ERRORInfoLog[(null)]-实例化大集中类发生异常，异常信息：未能加载文件或程序集“QGServerLibrary”或它的某一个依赖项。系统找不到指定的文件。
2020-04-20 22:53:59,769[1]ERRORInfoLog[(null)]-实例化大集中类发生异常，异常信息：未能加载文件或程序集“QGServerLibrary”或它的某一个依赖项。系统找不到指定的文件。
2020-04-20 22:53:59,776[1]ERRORInfoLog[(null)]-E:\wei.chen\智慧大厅\项目代码\08-智慧大厅\20190725\20190725CV.WisdomHall\20190724CV.WisdomHall\Freedom.ZHPHMachine\bin\Release\ApplicationData\Sound\ZHSLSound\完善个人基本信息.wav 文件不存在！

2020-04-20 22:54:43,488[1]ERRORInfoLog[(null)]-实例化大集中类发生异常，异常信息：未能加载文件或程序集“QGServerLibrary”或它的某一个依赖项。系统找不到指定的文件。
2020-04-20 22:54:47,669[1]ERRORInfoLog[(null)]-实例化大集中类发生异常，异常信息：未能加载文件或程序集“QGServerLibrary”或它的某一个依赖项。系统找不到指定的文件。
2020-04-20 22:54:50,332[16]ERRORInfoLog[(null)]-实例化大集中类发生异常，异常信息：未能加载文件或程序集“QGServerLibrary”或它的某一个依赖项。系统找不到指定的文件。
2020-04-20 22:55:31,305[1]ERRORInfoLog[(null)]-实例化大集中类发生异常，异常信息：未能加载文件或程序集“QGServerLibrary”或它的某一个依赖项。系统找不到指定的文件。
2020-04-20 22:55:36,216[1]ERRORInfoLog[(null)]-实例化大集中类发生异常，异常信息：未能加载文件或程序集“QGServerLibrary”或它的某一个依赖项。系统找不到指定的文件。
2020-04-20 22:55:39,005[16]ERRORInfoLog[(null)]-实例化大集中类发生异常，异常信息：未能加载文件或程序集“QGServerLibrary”或它的某一个依赖项。系统找不到指定的文件。
2020-04-20 22:55:39,887[1]ERRORInfoLog[(null)]-实例化大集中类发生异常，异常信息：未能加载文件或程序集“QGServerLibrary”或它的某一个依赖项。系统找不到指定的文件。
2020-04-20 22:55:39,894[1]ERRORInfoLog[(null)]-E:\wei.chen\智慧大厅\项目代码\08-智慧大厅\20190725\20190725CV.WisdomHall\20190724CV.WisdomHall\Freedom.ZHPHMachine\bin\Release\ApplicationData\Sound\ZHSLSound\完善个人基本信息.wav 文件不存在！

2020-04-20 22:57:20,249[1]ERRORInfoLog[(null)]-实例化大集中类发生异常，异常信息：未能加载文件或程序集“QGServerLibrary”或它的某一个依赖项。系统找不到指定的文件。
2020-04-20 22:57:22,426[3]ERRORInfoLog[(null)]-实例化大集中类发生异常，异常信息：未能加载文件或程序集“QGServerLibrary”或它的某一个依赖项。系统找不到指定的文件。
2020-04-20 22:57:24,922[1]ERRORInfoLog[(null)]-实例化大集中类发生异常，异常信息：未能加载文件或程序集“QGServerLibrary”或它的某一个依赖项。系统找不到指定的文件。
2020-04-20 22:57:25,293[1]ERRORInfoLog[(null)]-110111199512161234-杨若男-20200420 20200420预约[2]笔业务保存错误[System.NullReferenceException: 未将对象引用设置到对象的实例。
   在 MachineCommandService.ZHPHMachineWSHelper.<>c__DisplayClass24_0.<I_YYSQXX>b__4(EndorsementInfo y, Int32 i) 位置 E:\wei.chen\智慧大厅\项目代码\08-智慧大厅\20190725\20190725CV.WisdomHall\20190724CV.WisdomHall\MachineCommandService\ZHPHMachineWSHelper.cs:行号 454
   在 System.Linq.Enumerable.<SelectIterator>d__5`2.MoveNext()
   在 System.Collections.Generic.List`1..ctor(IEnumerable`1 collection)
   在 System.Linq.Enumerable.ToList[TSource](IEnumerable`1 source)
   在 MachineCommandService.ZHPHMachineWSHelper.<>c__DisplayClass24_0.<I_YYSQXX>b__1(BookingInfo t) 位置 E:\wei.chen\智慧大厅\项目代码\08-智慧大厅\20190725\20190725CV.WisdomHall\20190724CV.WisdomHall\MachineCommandService\ZHPHMachineWSHelper.cs:行号 406
   在 System.Linq.Enumerable.WhereSelectListIterator`2.MoveNext()
   在 System.Collections.Generic.List`1..ctor(IEnumerable`1 collection)
   在 System.Linq.Enumerable.ToList[TSource](IEnumerable`1 source)
   在 MachineCommandService.ZHPHMachineWSHelper.<I_YYSQXX>d__24.MoveNext() 位置 E:\wei.chen\智慧大厅\项目代码\08-智慧大厅\20190725\20190725CV.WisdomHall\20190724CV.WisdomHall\MachineCommandService\ZHPHMachineWSHelper.cs:行号 406]
2020-04-20 22:57:25,454[1]ERRORInfoLog[(null)]-派号异常:预约数据保存错误[System.NullReferenceException: 未将对象引用设置到对象的实例。
   在 MachineCommandService.ZHPHMachineWSHelper.<>c__DisplayClass24_0.<I_YYSQXX>b__4(EndorsementInfo y, Int32 i) 位置 E:\wei.chen\智慧大厅\项目代码\08-智慧大厅\20190725\20190725CV.WisdomHall\20190724CV.WisdomHall\MachineCommandService\ZHPHMachineWSHelper.cs:行号 454
   在 System.Linq.Enumerable.<SelectIterator>d__5`2.MoveNext()
   在 System.Collections.Generic.List`1..ctor(IEnumerable`1 collection)
   在 System.Linq.Enumerable.ToList[TSource](IEnumerable`1 source)
   在 MachineCommandService.ZHPHMachineWSHelper.<>c__DisplayClass24_0.<I_YYSQXX>b__1(BookingInfo t) 位置 E:\wei.chen\智慧大厅\项目代码\08-智慧大厅\20190725\20190725CV.WisdomHall\20190724CV.WisdomHall\MachineCommandService\ZHPHMachineWSHelper.cs:行号 406
   在 System.Linq.Enumerable.WhereSelectListIterator`2.MoveNext()
   在 System.Collections.Generic.List`1..ctor(IEnumerable`1 collection)
   在 System.Linq.Enumerable.ToList[TSource](IEnumerable`1 source)
   在 MachineCommandService.ZHPHMachineWSHelper.<I_YYSQXX>d__24.MoveNext() 位置 E:\wei.chen\智慧大厅\项目代码\08-智慧大厅\20190725\20190725CV.WisdomHall\20190724CV.WisdomHall\MachineCommandService\ZHPHMachineWSHelper.cs:行号 406]
2020-04-20 22:57:27,482[1]ERRORInfoLog[(null)]-实例化大集中类发生异常，异常信息：未能加载文件或程序集“QGServerLibrary”或它的某一个依赖项。系统找不到指定的文件。
2020-04-20 22:57:27,564[1]ERRORInfoLog[(null)]-实例化大集中类发生异常，异常信息：未能加载文件或程序集“QGServerLibrary”或它的某一个依赖项。系统找不到指定的文件。
2020-04-20 22:57:29,870[14]ERRORInfoLog[(null)]-实例化大集中类发生异常，异常信息：未能加载文件或程序集“QGServerLibrary”或它的某一个依赖项。系统找不到指定的文件。
2020-04-20 22:57:30,581[1]ERRORInfoLog[(null)]-实例化大集中类发生异常，异常信息：未能加载文件或程序集“QGServerLibrary”或它的某一个依赖项。系统找不到指定的文件。
2020-04-20 22:57:30,582[1]ERRORInfoLog[(null)]-E:\wei.chen\智慧大厅\项目代码\08-智慧大厅\20190725\20190725CV.WisdomHall\20190724CV.WisdomHall\Freedom.ZHPHMachine\bin\Release\ApplicationData\Sound\ZHSLSound\完善个人基本信息.wav 文件不存在！

2020-04-20 22:59:17,813[1]ERRORInfoLog[(null)]-实例化大集中类发生异常，异常信息：未能加载文件或程序集“QGServerLibrary”或它的某一个依赖项。系统找不到指定的文件。
2020-04-20 22:59:24,342[1]ERRORInfoLog[(null)]-实例化大集中类发生异常，异常信息：未能加载文件或程序集“QGServerLibrary”或它的某一个依赖项。系统找不到指定的文件。
2020-04-20 22:59:27,057[15]ERRORInfoLog[(null)]-实例化大集中类发生异常，异常信息：未能加载文件或程序集“QGServerLibrary”或它的某一个依赖项。系统找不到指定的文件。
2020-04-20 22:59:28,085[1]ERRORInfoLog[(null)]-实例化大集中类发生异常，异常信息：未能加载文件或程序集“QGServerLibrary”或它的某一个依赖项。系统找不到指定的文件。
2020-04-20 22:59:28,091[1]ERRORInfoLog[(null)]-E:\wei.chen\智慧大厅\项目代码\08-智慧大厅\20190725\20190725CV.WisdomHall\20190724CV.WisdomHall\Freedom.ZHPHMachine\bin\Release\ApplicationData\Sound\ZHSLSound\完善个人基本信息.wav 文件不存在！

2020-04-20 22:59:51,211[1]ERRORInfoLog[(null)]-实例化大集中类发生异常，异常信息：未能加载文件或程序集“QGServerLibrary”或它的某一个依赖项。系统找不到指定的文件。
2020-04-20 22:59:51,311[1]ERRORInfoLog[(null)]-实例化大集中类发生异常，异常信息：未能加载文件或程序集“QGServerLibrary”或它的某一个依赖项。系统找不到指定的文件。
2020-04-20 23:00:51,085[1]ERRORInfoLog[(null)]-实例化大集中类发生异常，异常信息：未能加载文件或程序集“QGServerLibrary”或它的某一个依赖项。系统找不到指定的文件。
2020-04-20 23:00:55,620[1]ERRORInfoLog[(null)]-实例化大集中类发生异常，异常信息：未能加载文件或程序集“QGServerLibrary”或它的某一个依赖项。系统找不到指定的文件。
2020-04-20 23:01:00,609[16]ERRORInfoLog[(null)]-实例化大集中类发生异常，异常信息：未能加载文件或程序集“QGServerLibrary”或它的某一个依赖项。系统找不到指定的文件。
2020-04-20 23:01:01,728[1]ERRORInfoLog[(null)]-实例化大集中类发生异常，异常信息：未能加载文件或程序集“QGServerLibrary”或它的某一个依赖项。系统找不到指定的文件。
2020-04-20 23:01:01,735[1]ERRORInfoLog[(null)]-E:\wei.chen\智慧大厅\项目代码\08-智慧大厅\20190725\20190725CV.WisdomHall\20190724CV.WisdomHall\Freedom.ZHPHMachine\bin\Release\ApplicationData\Sound\ZHSLSound\完善个人基本信息.wav 文件不存在！

2020-04-20 23:02:15,781[1]ERRORInfoLog[(null)]-实例化大集中类发生异常，异常信息：未能加载文件或程序集“QGServerLibrary”或它的某一个依赖项。系统找不到指定的文件。
2020-04-20 23:02:19,617[1]ERRORInfoLog[(null)]-实例化大集中类发生异常，异常信息：未能加载文件或程序集“QGServerLibrary”或它的某一个依赖项。系统找不到指定的文件。
2020-04-20 23:02:22,278[16]ERRORInfoLog[(null)]-实例化大集中类发生异常，异常信息：未能加载文件或程序集“QGServerLibrary”或它的某一个依赖项。系统找不到指定的文件。
2020-04-20 23:02:23,729[1]ERRORInfoLog[(null)]-实例化大集中类发生异常，异常信息：未能加载文件或程序集“QGServerLibrary”或它的某一个依赖项。系统找不到指定的文件。
2020-04-20 23:02:23,740[1]ERRORInfoLog[(null)]-E:\wei.chen\智慧大厅\项目代码\08-智慧大厅\20190725\20190725CV.WisdomHall\20190724CV.WisdomHall\Freedom.ZHPHMachine\bin\Release\ApplicationData\Sound\ZHSLSound\完善个人基本信息.wav 文件不存在！

2020-04-20 23:02:46,294[1]ERRORInfoLog[(null)]-实例化大集中类发生异常，异常信息：未能加载文件或程序集“QGServerLibrary”或它的某一个依赖项。系统找不到指定的文件。
2020-04-20 23:02:46,496[1]ERRORInfoLog[(null)]-实例化大集中类发生异常，异常信息：未能加载文件或程序集“QGServerLibrary”或它的某一个依赖项。系统找不到指定的文件。
2020-04-20 23:02:48,874[17]ERRORInfoLog[(null)]-实例化大集中类发生异常，异常信息：未能加载文件或程序集“QGServerLibrary”或它的某一个依赖项。系统找不到指定的文件。
2020-04-20 23:02:49,780[1]ERRORInfoLog[(null)]-实例化大集中类发生异常，异常信息：未能加载文件或程序集“QGServerLibrary”或它的某一个依赖项。系统找不到指定的文件。
2020-04-20 23:02:49,781[1]ERRORInfoLog[(null)]-E:\wei.chen\智慧大厅\项目代码\08-智慧大厅\20190725\20190725CV.WisdomHall\20190724CV.WisdomHall\Freedom.ZHPHMachine\bin\Release\ApplicationData\Sound\ZHSLSound\完善个人基本信息.wav 文件不存在！

